<?xml version="1.0" encoding="UTF-8"?>
<coverage generated="1520265974658" clover="3.2.0">
  <project timestamp="1520265974659" name="All files">
    <metrics statements="1196" coveredstatements="1042" conditionals="147" coveredconditionals="87" methods="440" coveredmethods="360" elements="1783" coveredelements="1489" complexity="0" loc="1196" ncloc="1196" packages="13" files="53" classes="53">
      <package name="More-Recipes">
        <metrics statements="11" coveredstatements="6" conditionals="0" coveredconditionals="0" methods="9" coveredmethods="3"/>
        <file name="test-env.js" path="/Users/seunagbeye/andela-projects/More-Recipes/test-env.js">
          <metrics statements="11" coveredstatements="6" conditionals="0" coveredconditionals="0" methods="9" coveredmethods="3"/>
          <line num="1" count="23" type="stmt"/>
          <line num="2" count="0" type="stmt"/>
          <line num="3" count="8" type="stmt"/>
          <line num="4" count="0" type="stmt"/>
          <line num="5" count="0" type="stmt"/>
          <line num="7" count="23" type="stmt"/>
          <line num="8" count="3" type="stmt"/>
          <line num="9" count="0" type="stmt"/>
          <line num="10" count="1" type="stmt"/>
          <line num="12" count="23" type="stmt"/>
          <line num="14" count="0" type="stmt"/>
        </file>
      </package>
      <package name="More-Recipes.client.__tests__">
        <metrics statements="1" coveredstatements="1" conditionals="0" coveredconditionals="0" methods="0" coveredmethods="0"/>
        <file name="config.js" path="/Users/seunagbeye/andela-projects/More-Recipes/client/__tests__/config.js">
          <metrics statements="1" coveredstatements="1" conditionals="0" coveredconditionals="0" methods="0" coveredmethods="0"/>
          <line num="4" count="23" type="stmt"/>
        </file>
      </package>
      <package name="More-Recipes.client.__tests__.actions">
        <metrics statements="216" coveredstatements="216" conditionals="0" coveredconditionals="0" methods="92" coveredmethods="92"/>
        <file name="auth.specs.js" path="/Users/seunagbeye/andela-projects/More-Recipes/client/__tests__/actions/auth.specs.js">
          <metrics statements="55" coveredstatements="55" conditionals="0" coveredconditionals="0" methods="25" coveredmethods="25"/>
          <line num="24" count="1" type="stmt"/>
          <line num="26" count="1" type="stmt"/>
          <line num="28" count="1" type="stmt"/>
          <line num="29" count="6" type="stmt"/>
          <line num="30" count="6" type="stmt"/>
          <line num="33" count="1" type="stmt"/>
          <line num="34" count="1" type="stmt"/>
          <line num="35" count="1" type="stmt"/>
          <line num="36" count="1" type="stmt"/>
          <line num="37" count="1" type="stmt"/>
          <line num="43" count="1" type="stmt"/>
          <line num="49" count="1" type="stmt"/>
          <line num="50" count="1" type="stmt"/>
          <line num="52" count="1" type="stmt"/>
          <line num="54" count="1" type="stmt"/>
          <line num="58" count="1" type="stmt"/>
          <line num="59" count="1" type="stmt"/>
          <line num="60" count="1" type="stmt"/>
          <line num="61" count="1" type="stmt"/>
          <line num="62" count="1" type="stmt"/>
          <line num="68" count="1" type="stmt"/>
          <line num="74" count="1" type="stmt"/>
          <line num="75" count="1" type="stmt"/>
          <line num="77" count="1" type="stmt"/>
          <line num="82" count="1" type="stmt"/>
          <line num="83" count="1" type="stmt"/>
          <line num="84" count="1" type="stmt"/>
          <line num="90" count="1" type="stmt"/>
          <line num="91" count="1" type="stmt"/>
          <line num="92" count="1" type="stmt"/>
          <line num="96" count="1" type="stmt"/>
          <line num="97" count="1" type="stmt"/>
          <line num="98" count="1" type="stmt"/>
          <line num="99" count="1" type="stmt"/>
          <line num="100" count="1" type="stmt"/>
          <line num="106" count="1" type="stmt"/>
          <line num="112" count="1" type="stmt"/>
          <line num="113" count="1" type="stmt"/>
          <line num="115" count="1" type="stmt"/>
          <line num="119" count="1" type="stmt"/>
          <line num="120" count="1" type="stmt"/>
          <line num="121" count="1" type="stmt"/>
          <line num="122" count="1" type="stmt"/>
          <line num="123" count="1" type="stmt"/>
          <line num="129" count="1" type="stmt"/>
          <line num="130" count="1" type="stmt"/>
          <line num="132" count="1" type="stmt"/>
          <line num="137" count="1" type="stmt"/>
          <line num="138" count="1" type="stmt"/>
          <line num="139" count="1" type="stmt"/>
          <line num="140" count="1" type="stmt"/>
          <line num="141" count="1" type="stmt"/>
          <line num="147" count="1" type="stmt"/>
          <line num="148" count="1" type="stmt"/>
          <line num="150" count="1" type="stmt"/>
        </file>
        <file name="recipes.specs.js" path="/Users/seunagbeye/andela-projects/More-Recipes/client/__tests__/actions/recipes.specs.js">
          <metrics statements="161" coveredstatements="161" conditionals="0" coveredconditionals="0" methods="67" coveredmethods="67"/>
          <line num="45" count="1" type="stmt"/>
          <line num="47" count="1" type="stmt"/>
          <line num="49" count="1" type="stmt"/>
          <line num="50" count="16" type="stmt"/>
          <line num="51" count="16" type="stmt"/>
          <line num="54" count="1" type="stmt"/>
          <line num="55" count="1" type="stmt"/>
          <line num="56" count="1" type="stmt"/>
          <line num="57" count="1" type="stmt"/>
          <line num="58" count="1" type="stmt"/>
          <line num="64" count="1" type="stmt"/>
          <line num="70" count="1" type="stmt"/>
          <line num="71" count="1" type="stmt"/>
          <line num="73" count="1" type="stmt"/>
          <line num="78" count="1" type="stmt"/>
          <line num="79" count="1" type="stmt"/>
          <line num="80" count="1" type="stmt"/>
          <line num="81" count="1" type="stmt"/>
          <line num="82" count="1" type="stmt"/>
          <line num="88" count="1" type="stmt"/>
          <line num="94" count="1" type="stmt"/>
          <line num="95" count="1" type="stmt"/>
          <line num="97" count="1" type="stmt"/>
          <line num="102" count="1" type="stmt"/>
          <line num="103" count="1" type="stmt"/>
          <line num="104" count="1" type="stmt"/>
          <line num="105" count="1" type="stmt"/>
          <line num="106" count="1" type="stmt"/>
          <line num="112" count="1" type="stmt"/>
          <line num="118" count="1" type="stmt"/>
          <line num="119" count="1" type="stmt"/>
          <line num="121" count="1" type="stmt"/>
          <line num="126" count="1" type="stmt"/>
          <line num="127" count="1" type="stmt"/>
          <line num="128" count="1" type="stmt"/>
          <line num="129" count="1" type="stmt"/>
          <line num="130" count="1" type="stmt"/>
          <line num="136" count="1" type="stmt"/>
          <line num="142" count="1" type="stmt"/>
          <line num="143" count="1" type="stmt"/>
          <line num="145" count="1" type="stmt"/>
          <line num="150" count="1" type="stmt"/>
          <line num="151" count="1" type="stmt"/>
          <line num="152" count="1" type="stmt"/>
          <line num="156" count="1" type="stmt"/>
          <line num="157" count="1" type="stmt"/>
          <line num="158" count="1" type="stmt"/>
          <line num="164" count="1" type="stmt"/>
          <line num="173" count="1" type="stmt"/>
          <line num="174" count="1" type="stmt"/>
          <line num="176" count="1" type="stmt"/>
          <line num="181" count="1" type="stmt"/>
          <line num="182" count="1" type="stmt"/>
          <line num="183" count="1" type="stmt"/>
          <line num="187" count="1" type="stmt"/>
          <line num="188" count="1" type="stmt"/>
          <line num="189" count="1" type="stmt"/>
          <line num="195" count="1" type="stmt"/>
          <line num="204" count="1" type="stmt"/>
          <line num="205" count="1" type="stmt"/>
          <line num="207" count="1" type="stmt"/>
          <line num="212" count="1" type="stmt"/>
          <line num="213" count="1" type="stmt"/>
          <line num="214" count="1" type="stmt"/>
          <line num="217" count="1" type="stmt"/>
          <line num="218" count="1" type="stmt"/>
          <line num="219" count="1" type="stmt"/>
          <line num="225" count="1" type="stmt"/>
          <line num="232" count="1" type="stmt"/>
          <line num="233" count="1" type="stmt"/>
          <line num="235" count="1" type="stmt"/>
          <line num="240" count="1" type="stmt"/>
          <line num="241" count="1" type="stmt"/>
          <line num="242" count="1" type="stmt"/>
          <line num="245" count="1" type="stmt"/>
          <line num="246" count="1" type="stmt"/>
          <line num="247" count="1" type="stmt"/>
          <line num="253" count="1" type="stmt"/>
          <line num="260" count="1" type="stmt"/>
          <line num="261" count="1" type="stmt"/>
          <line num="263" count="1" type="stmt"/>
          <line num="268" count="1" type="stmt"/>
          <line num="269" count="1" type="stmt"/>
          <line num="270" count="1" type="stmt"/>
          <line num="273" count="1" type="stmt"/>
          <line num="274" count="1" type="stmt"/>
          <line num="275" count="1" type="stmt"/>
          <line num="281" count="1" type="stmt"/>
          <line num="288" count="1" type="stmt"/>
          <line num="289" count="1" type="stmt"/>
          <line num="291" count="1" type="stmt"/>
          <line num="296" count="1" type="stmt"/>
          <line num="297" count="1" type="stmt"/>
          <line num="298" count="1" type="stmt"/>
          <line num="301" count="1" type="stmt"/>
          <line num="302" count="1" type="stmt"/>
          <line num="303" count="1" type="stmt"/>
          <line num="309" count="1" type="stmt"/>
          <line num="316" count="1" type="stmt"/>
          <line num="317" count="1" type="stmt"/>
          <line num="319" count="1" type="stmt"/>
          <line num="324" count="1" type="stmt"/>
          <line num="325" count="1" type="stmt"/>
          <line num="326" count="1" type="stmt"/>
          <line num="330" count="1" type="stmt"/>
          <line num="331" count="1" type="stmt"/>
          <line num="332" count="1" type="stmt"/>
          <line num="338" count="1" type="stmt"/>
          <line num="346" count="1" type="stmt"/>
          <line num="347" count="1" type="stmt"/>
          <line num="349" count="1" type="stmt"/>
          <line num="354" count="1" type="stmt"/>
          <line num="355" count="1" type="stmt"/>
          <line num="356" count="1" type="stmt"/>
          <line num="360" count="1" type="stmt"/>
          <line num="361" count="1" type="stmt"/>
          <line num="362" count="1" type="stmt"/>
          <line num="368" count="1" type="stmt"/>
          <line num="375" count="1" type="stmt"/>
          <line num="376" count="1" type="stmt"/>
          <line num="378" count="1" type="stmt"/>
          <line num="383" count="1" type="stmt"/>
          <line num="384" count="1" type="stmt"/>
          <line num="385" count="1" type="stmt"/>
          <line num="386" count="1" type="stmt"/>
          <line num="387" count="1" type="stmt"/>
          <line num="388" count="1" type="stmt"/>
          <line num="394" count="1" type="stmt"/>
          <line num="401" count="1" type="stmt"/>
          <line num="402" count="1" type="stmt"/>
          <line num="404" count="1" type="stmt"/>
          <line num="409" count="1" type="stmt"/>
          <line num="410" count="1" type="stmt"/>
          <line num="411" count="1" type="stmt"/>
          <line num="412" count="1" type="stmt"/>
          <line num="413" count="1" type="stmt"/>
          <line num="414" count="1" type="stmt"/>
          <line num="420" count="1" type="stmt"/>
          <line num="427" count="1" type="stmt"/>
          <line num="428" count="1" type="stmt"/>
          <line num="430" count="1" type="stmt"/>
          <line num="435" count="1" type="stmt"/>
          <line num="436" count="1" type="stmt"/>
          <line num="437" count="1" type="stmt"/>
          <line num="440" count="1" type="stmt"/>
          <line num="441" count="1" type="stmt"/>
          <line num="442" count="1" type="stmt"/>
          <line num="448" count="1" type="stmt"/>
          <line num="455" count="1" type="stmt"/>
          <line num="456" count="1" type="stmt"/>
          <line num="458" count="1" type="stmt"/>
          <line num="463" count="1" type="stmt"/>
          <line num="464" count="1" type="stmt"/>
          <line num="465" count="1" type="stmt"/>
          <line num="469" count="1" type="stmt"/>
          <line num="470" count="1" type="stmt"/>
          <line num="471" count="1" type="stmt"/>
          <line num="477" count="1" type="stmt"/>
          <line num="485" count="1" type="stmt"/>
          <line num="486" count="1" type="stmt"/>
          <line num="488" count="1" type="stmt"/>
        </file>
      </package>
      <package name="More-Recipes.client.__tests__.components">
        <metrics statements="345" coveredstatements="342" conditionals="11" coveredconditionals="5" methods="85" coveredmethods="78"/>
        <file name="AllRecipes.specs.jsx" path="/Users/seunagbeye/andela-projects/More-Recipes/client/__tests__/components/AllRecipes.specs.jsx">
          <metrics statements="21" coveredstatements="21" conditionals="2" coveredconditionals="1" methods="7" coveredmethods="6"/>
          <line num="6" count="1" type="stmt"/>
          <line num="29" count="1" type="stmt"/>
          <line num="35" count="1" type="stmt"/>
          <line num="38" count="1" type="stmt"/>
          <line num="39" count="1" type="cond" truecount="1" falsecount="1"/>
          <line num="54" count="1" type="stmt"/>
          <line num="64" count="1" type="stmt"/>
          <line num="65" count="1" type="stmt"/>
          <line num="68" count="1" type="stmt"/>
          <line num="69" count="1" type="stmt"/>
          <line num="70" count="1" type="stmt"/>
          <line num="71" count="1" type="stmt"/>
          <line num="72" count="1" type="stmt"/>
          <line num="74" count="1" type="stmt"/>
          <line num="75" count="1" type="stmt"/>
          <line num="76" count="1" type="stmt"/>
          <line num="77" count="1" type="stmt"/>
          <line num="78" count="1" type="stmt"/>
          <line num="81" count="1" type="stmt"/>
          <line num="82" count="1" type="stmt"/>
          <line num="83" count="1" type="stmt"/>
        </file>
        <file name="CategoryButton.specs.jsx" path="/Users/seunagbeye/andela-projects/More-Recipes/client/__tests__/components/CategoryButton.specs.jsx">
          <metrics statements="13" coveredstatements="13" conditionals="0" coveredconditionals="0" methods="3" coveredmethods="3"/>
          <line num="6" count="1" type="stmt"/>
          <line num="15" count="1" type="stmt"/>
          <line num="20" count="1" type="stmt"/>
          <line num="24" count="1" type="stmt"/>
          <line num="25" count="1" type="stmt"/>
          <line num="28" count="1" type="stmt"/>
          <line num="29" count="1" type="stmt"/>
          <line num="30" count="1" type="stmt"/>
          <line num="31" count="1" type="stmt"/>
          <line num="32" count="1" type="stmt"/>
          <line num="35" count="1" type="stmt"/>
          <line num="36" count="1" type="stmt"/>
          <line num="37" count="1" type="stmt"/>
        </file>
        <file name="CreateReview.specs.jsx" path="/Users/seunagbeye/andela-projects/More-Recipes/client/__tests__/components/CreateReview.specs.jsx">
          <metrics statements="5" coveredstatements="5" conditionals="0" coveredconditionals="0" methods="2" coveredmethods="2"/>
          <line num="5" count="1" type="stmt"/>
          <line num="12" count="1" type="stmt"/>
          <line num="13" count="1" type="stmt"/>
          <line num="16" count="1" type="stmt"/>
          <line num="17" count="1" type="stmt"/>
        </file>
        <file name="DeleteModal.specs.jsx" path="/Users/seunagbeye/andela-projects/More-Recipes/client/__tests__/components/DeleteModal.specs.jsx">
          <metrics statements="9" coveredstatements="9" conditionals="0" coveredconditionals="0" methods="2" coveredmethods="2"/>
          <line num="6" count="1" type="stmt"/>
          <line num="11" count="1" type="stmt"/>
          <line num="21" count="1" type="stmt"/>
          <line num="22" count="1" type="stmt"/>
          <line num="25" count="1" type="stmt"/>
          <line num="26" count="1" type="stmt"/>
          <line num="27" count="1" type="stmt"/>
          <line num="28" count="1" type="stmt"/>
          <line num="29" count="1" type="stmt"/>
        </file>
        <file name="EditModal.specs.jsx" path="/Users/seunagbeye/andela-projects/More-Recipes/client/__tests__/components/EditModal.specs.jsx">
          <metrics statements="41" coveredstatements="41" conditionals="1" coveredconditionals="1" methods="8" coveredmethods="8"/>
          <line num="7" count="1" type="stmt"/>
          <line num="19" count="1" type="cond" truecount="1" falsecount="0"/>
          <line num="20" count="5" type="stmt"/>
          <line num="32" count="1" type="stmt"/>
          <line num="33" count="1" type="stmt"/>
          <line num="34" count="1" type="stmt"/>
          <line num="35" count="1" type="stmt"/>
          <line num="36" count="1" type="stmt"/>
          <line num="37" count="1" type="stmt"/>
          <line num="38" count="1" type="stmt"/>
          <line num="39" count="1" type="stmt"/>
          <line num="42" count="1" type="stmt"/>
          <line num="43" count="1" type="stmt"/>
          <line num="44" count="1" type="stmt"/>
          <line num="45" count="1" type="stmt"/>
          <line num="46" count="1" type="stmt"/>
          <line num="47" count="1" type="stmt"/>
          <line num="50" count="1" type="stmt"/>
          <line num="51" count="1" type="stmt"/>
          <line num="52" count="1" type="stmt"/>
          <line num="53" count="1" type="stmt"/>
          <line num="54" count="1" type="stmt"/>
          <line num="55" count="1" type="stmt"/>
          <line num="58" count="1" type="stmt"/>
          <line num="59" count="1" type="stmt"/>
          <line num="60" count="1" type="stmt"/>
          <line num="61" count="1" type="stmt"/>
          <line num="62" count="1" type="stmt"/>
          <line num="63" count="1" type="stmt"/>
          <line num="66" count="1" type="stmt"/>
          <line num="67" count="1" type="stmt"/>
          <line num="68" count="1" type="stmt"/>
          <line num="69" count="1" type="stmt"/>
          <line num="70" count="1" type="stmt"/>
          <line num="71" count="1" type="stmt"/>
          <line num="74" count="1" type="stmt"/>
          <line num="75" count="1" type="stmt"/>
          <line num="76" count="1" type="stmt"/>
          <line num="77" count="1" type="stmt"/>
          <line num="80" count="1" type="stmt"/>
          <line num="81" count="1" type="stmt"/>
        </file>
        <file name="Exclamation.specs.jsx" path="/Users/seunagbeye/andela-projects/More-Recipes/client/__tests__/components/Exclamation.specs.jsx">
          <metrics statements="7" coveredstatements="7" conditionals="0" coveredconditionals="0" methods="2" coveredmethods="2"/>
          <line num="6" count="1" type="stmt"/>
          <line num="7" count="1" type="stmt"/>
          <line num="8" count="1" type="stmt"/>
          <line num="9" count="1" type="stmt"/>
          <line num="10" count="1" type="stmt"/>
          <line num="11" count="1" type="stmt"/>
          <line num="12" count="1" type="stmt"/>
        </file>
        <file name="Footer.specs.jsx" path="/Users/seunagbeye/andela-projects/More-Recipes/client/__tests__/components/Footer.specs.jsx">
          <metrics statements="7" coveredstatements="7" conditionals="0" coveredconditionals="0" methods="2" coveredmethods="2"/>
          <line num="6" count="1" type="stmt"/>
          <line num="7" count="1" type="stmt"/>
          <line num="8" count="1" type="stmt"/>
          <line num="9" count="1" type="stmt"/>
          <line num="10" count="1" type="stmt"/>
          <line num="11" count="1" type="stmt"/>
          <line num="12" count="1" type="stmt"/>
        </file>
        <file name="Homepage.specs.jsx" path="/Users/seunagbeye/andela-projects/More-Recipes/client/__tests__/components/Homepage.specs.jsx">
          <metrics statements="13" coveredstatements="13" conditionals="0" coveredconditionals="0" methods="4" coveredmethods="3"/>
          <line num="7" count="1" type="stmt"/>
          <line num="25" count="1" type="stmt"/>
          <line num="45" count="1" type="stmt"/>
          <line num="55" count="1" type="stmt"/>
          <line num="56" count="1" type="stmt"/>
          <line num="59" count="1" type="stmt"/>
          <line num="60" count="1" type="stmt"/>
          <line num="61" count="1" type="stmt"/>
          <line num="63" count="1" type="stmt"/>
          <line num="64" count="1" type="stmt"/>
          <line num="67" count="1" type="stmt"/>
          <line num="68" count="1" type="stmt"/>
          <line num="69" count="1" type="stmt"/>
        </file>
        <file name="Input.specs.jsx" path="/Users/seunagbeye/andela-projects/More-Recipes/client/__tests__/components/Input.specs.jsx">
          <metrics statements="9" coveredstatements="9" conditionals="0" coveredconditionals="0" methods="2" coveredmethods="2"/>
          <line num="7" count="1" type="stmt"/>
          <line num="12" count="1" type="stmt"/>
          <line num="20" count="1" type="stmt"/>
          <line num="21" count="1" type="stmt"/>
          <line num="24" count="1" type="stmt"/>
          <line num="25" count="1" type="stmt"/>
          <line num="26" count="1" type="stmt"/>
          <line num="27" count="1" type="stmt"/>
          <line num="28" count="1" type="stmt"/>
        </file>
        <file name="Navbar.specs.jsx" path="/Users/seunagbeye/andela-projects/More-Recipes/client/__tests__/components/Navbar.specs.jsx">
          <metrics statements="28" coveredstatements="28" conditionals="0" coveredconditionals="0" methods="6" coveredmethods="6"/>
          <line num="6" count="1" type="stmt"/>
          <line num="18" count="1" type="stmt"/>
          <line num="35" count="1" type="stmt"/>
          <line num="45" count="1" type="stmt"/>
          <line num="46" count="1" type="stmt"/>
          <line num="47" count="1" type="stmt"/>
          <line num="48" count="1" type="stmt"/>
          <line num="49" count="1" type="stmt"/>
          <line num="50" count="1" type="stmt"/>
          <line num="51" count="1" type="stmt"/>
          <line num="52" count="1" type="stmt"/>
          <line num="55" count="1" type="stmt"/>
          <line num="56" count="1" type="stmt"/>
          <line num="57" count="1" type="stmt"/>
          <line num="58" count="1" type="stmt"/>
          <line num="59" count="1" type="stmt"/>
          <line num="60" count="1" type="stmt"/>
          <line num="61" count="1" type="stmt"/>
          <line num="64" count="1" type="stmt"/>
          <line num="65" count="1" type="stmt"/>
          <line num="66" count="1" type="stmt"/>
          <line num="67" count="1" type="stmt"/>
          <line num="68" count="1" type="stmt"/>
          <line num="69" count="1" type="stmt"/>
          <line num="70" count="1" type="stmt"/>
          <line num="73" count="1" type="stmt"/>
          <line num="74" count="1" type="stmt"/>
          <line num="75" count="1" type="stmt"/>
        </file>
        <file name="NotFoundPage.specs.jsx" path="/Users/seunagbeye/andela-projects/More-Recipes/client/__tests__/components/NotFoundPage.specs.jsx">
          <metrics statements="8" coveredstatements="8" conditionals="0" coveredconditionals="0" methods="2" coveredmethods="2"/>
          <line num="6" count="1" type="stmt"/>
          <line num="7" count="1" type="stmt"/>
          <line num="8" count="1" type="stmt"/>
          <line num="9" count="1" type="stmt"/>
          <line num="10" count="1" type="stmt"/>
          <line num="11" count="1" type="stmt"/>
          <line num="12" count="1" type="stmt"/>
          <line num="13" count="1" type="stmt"/>
        </file>
        <file name="Pagination.specs.jsx" path="/Users/seunagbeye/andela-projects/More-Recipes/client/__tests__/components/Pagination.specs.jsx">
          <metrics statements="10" coveredstatements="9" conditionals="1" coveredconditionals="0" methods="3" coveredmethods="2"/>
          <line num="9" count="1" type="stmt"/>
          <line num="14" count="1" type="cond" truecount="0" falsecount="1"/>
          <line num="15" count="0" type="stmt"/>
          <line num="24" count="1" type="stmt"/>
          <line num="25" count="1" type="stmt"/>
          <line num="26" count="1" type="stmt"/>
          <line num="27" count="1" type="stmt"/>
          <line num="28" count="1" type="stmt"/>
          <line num="29" count="1" type="stmt"/>
          <line num="30" count="1" type="stmt"/>
        </file>
        <file name="RecipeCard.specs.jsx" path="/Users/seunagbeye/andela-projects/More-Recipes/client/__tests__/components/RecipeCard.specs.jsx">
          <metrics statements="44" coveredstatements="44" conditionals="0" coveredconditionals="0" methods="9" coveredmethods="9"/>
          <line num="6" count="1" type="stmt"/>
          <line num="19" count="1" type="stmt"/>
          <line num="28" count="1" type="stmt"/>
          <line num="51" count="1" type="stmt"/>
          <line num="58" count="1" type="stmt"/>
          <line num="59" count="1" type="stmt"/>
          <line num="63" count="1" type="stmt"/>
          <line num="64" count="1" type="stmt"/>
          <line num="65" count="1" type="stmt"/>
          <line num="66" count="1" type="stmt"/>
          <line num="67" count="1" type="stmt"/>
          <line num="70" count="1" type="stmt"/>
          <line num="71" count="1" type="stmt"/>
          <line num="72" count="1" type="stmt"/>
          <line num="73" count="1" type="stmt"/>
          <line num="74" count="1" type="stmt"/>
          <line num="77" count="1" type="stmt"/>
          <line num="78" count="1" type="stmt"/>
          <line num="79" count="1" type="stmt"/>
          <line num="80" count="1" type="stmt"/>
          <line num="81" count="1" type="stmt"/>
          <line num="84" count="1" type="stmt"/>
          <line num="85" count="1" type="stmt"/>
          <line num="86" count="1" type="stmt"/>
          <line num="87" count="1" type="stmt"/>
          <line num="88" count="1" type="stmt"/>
          <line num="91" count="1" type="stmt"/>
          <line num="92" count="1" type="stmt"/>
          <line num="93" count="1" type="stmt"/>
          <line num="94" count="1" type="stmt"/>
          <line num="95" count="1" type="stmt"/>
          <line num="98" count="1" type="stmt"/>
          <line num="99" count="1" type="stmt"/>
          <line num="100" count="1" type="stmt"/>
          <line num="101" count="1" type="stmt"/>
          <line num="102" count="1" type="stmt"/>
          <line num="105" count="1" type="stmt"/>
          <line num="106" count="1" type="stmt"/>
          <line num="107" count="1" type="stmt"/>
          <line num="108" count="1" type="stmt"/>
          <line num="109" count="1" type="stmt"/>
          <line num="112" count="1" type="stmt"/>
          <line num="113" count="1" type="stmt"/>
          <line num="114" count="1" type="stmt"/>
        </file>
        <file name="RecipeCardActions.specs.jsx" path="/Users/seunagbeye/andela-projects/More-Recipes/client/__tests__/components/RecipeCardActions.specs.jsx">
          <metrics statements="10" coveredstatements="10" conditionals="0" coveredconditionals="0" methods="2" coveredmethods="2"/>
          <line num="7" count="1" type="stmt"/>
          <line num="17" count="1" type="stmt"/>
          <line num="31" count="1" type="stmt"/>
          <line num="38" count="1" type="stmt"/>
          <line num="39" count="1" type="stmt"/>
          <line num="43" count="1" type="stmt"/>
          <line num="44" count="1" type="stmt"/>
          <line num="45" count="1" type="stmt"/>
          <line num="46" count="1" type="stmt"/>
          <line num="47" count="1" type="stmt"/>
        </file>
        <file name="RecipeCircle.specs.jsx" path="/Users/seunagbeye/andela-projects/More-Recipes/client/__tests__/components/RecipeCircle.specs.jsx">
          <metrics statements="9" coveredstatements="9" conditionals="0" coveredconditionals="0" methods="2" coveredmethods="2"/>
          <line num="7" count="1" type="stmt"/>
          <line num="17" count="1" type="stmt"/>
          <line num="22" count="1" type="stmt"/>
          <line num="23" count="1" type="stmt"/>
          <line num="26" count="1" type="stmt"/>
          <line num="27" count="1" type="stmt"/>
          <line num="28" count="1" type="stmt"/>
          <line num="29" count="1" type="stmt"/>
          <line num="30" count="1" type="stmt"/>
        </file>
        <file name="RecipeDetail.specs.jsx" path="/Users/seunagbeye/andela-projects/More-Recipes/client/__tests__/components/RecipeDetail.specs.jsx">
          <metrics statements="45" coveredstatements="45" conditionals="2" coveredconditionals="1" methods="12" coveredmethods="11"/>
          <line num="6" count="1" type="stmt"/>
          <line num="21" count="1" type="stmt"/>
          <line num="32" count="1" type="stmt"/>
          <line num="43" count="1" type="stmt"/>
          <line num="44" count="1" type="cond" truecount="1" falsecount="1"/>
          <line num="61" count="1" type="stmt"/>
          <line num="70" count="1" type="stmt"/>
          <line num="71" count="1" type="stmt"/>
          <line num="75" count="1" type="stmt"/>
          <line num="76" count="1" type="stmt"/>
          <line num="77" count="1" type="stmt"/>
          <line num="78" count="1" type="stmt"/>
          <line num="81" count="1" type="stmt"/>
          <line num="82" count="1" type="stmt"/>
          <line num="83" count="1" type="stmt"/>
          <line num="84" count="1" type="stmt"/>
          <line num="85" count="1" type="stmt"/>
          <line num="88" count="1" type="stmt"/>
          <line num="89" count="1" type="stmt"/>
          <line num="90" count="1" type="stmt"/>
          <line num="91" count="1" type="stmt"/>
          <line num="92" count="1" type="stmt"/>
          <line num="95" count="1" type="stmt"/>
          <line num="96" count="1" type="stmt"/>
          <line num="97" count="1" type="stmt"/>
          <line num="98" count="1" type="stmt"/>
          <line num="99" count="1" type="stmt"/>
          <line num="102" count="1" type="stmt"/>
          <line num="103" count="1" type="stmt"/>
          <line num="104" count="1" type="stmt"/>
          <line num="105" count="1" type="stmt"/>
          <line num="106" count="1" type="stmt"/>
          <line num="109" count="1" type="stmt"/>
          <line num="110" count="1" type="stmt"/>
          <line num="111" count="1" type="stmt"/>
          <line num="112" count="1" type="stmt"/>
          <line num="113" count="1" type="stmt"/>
          <line num="116" count="1" type="stmt"/>
          <line num="117" count="1" type="stmt"/>
          <line num="118" count="1" type="stmt"/>
          <line num="119" count="1" type="stmt"/>
          <line num="120" count="1" type="stmt"/>
          <line num="123" count="1" type="stmt"/>
          <line num="124" count="1" type="stmt"/>
          <line num="125" count="1" type="stmt"/>
        </file>
        <file name="RecipeModal.specs.jsx" path="/Users/seunagbeye/andela-projects/More-Recipes/client/__tests__/components/RecipeModal.specs.jsx">
          <metrics statements="43" coveredstatements="43" conditionals="1" coveredconditionals="1" methods="8" coveredmethods="8"/>
          <line num="7" count="1" type="stmt"/>
          <line num="12" count="1" type="cond" truecount="1" falsecount="0"/>
          <line num="13" count="5" type="stmt"/>
          <line num="25" count="1" type="stmt"/>
          <line num="26" count="1" type="stmt"/>
          <line num="28" count="1" type="stmt"/>
          <line num="29" count="1" type="stmt"/>
          <line num="30" count="1" type="stmt"/>
          <line num="31" count="1" type="stmt"/>
          <line num="32" count="1" type="stmt"/>
          <line num="33" count="1" type="stmt"/>
          <line num="36" count="1" type="stmt"/>
          <line num="37" count="1" type="stmt"/>
          <line num="38" count="1" type="stmt"/>
          <line num="39" count="1" type="stmt"/>
          <line num="40" count="1" type="stmt"/>
          <line num="41" count="1" type="stmt"/>
          <line num="44" count="1" type="stmt"/>
          <line num="45" count="1" type="stmt"/>
          <line num="46" count="1" type="stmt"/>
          <line num="47" count="1" type="stmt"/>
          <line num="48" count="1" type="stmt"/>
          <line num="49" count="1" type="stmt"/>
          <line num="52" count="1" type="stmt"/>
          <line num="53" count="1" type="stmt"/>
          <line num="54" count="1" type="stmt"/>
          <line num="55" count="1" type="stmt"/>
          <line num="56" count="1" type="stmt"/>
          <line num="57" count="1" type="stmt"/>
          <line num="60" count="1" type="stmt"/>
          <line num="61" count="1" type="stmt"/>
          <line num="62" count="1" type="stmt"/>
          <line num="63" count="1" type="stmt"/>
          <line num="64" count="1" type="stmt"/>
          <line num="65" count="1" type="stmt"/>
          <line num="68" count="1" type="stmt"/>
          <line num="69" count="1" type="stmt"/>
          <line num="70" count="1" type="stmt"/>
          <line num="71" count="1" type="stmt"/>
          <line num="72" count="1" type="stmt"/>
          <line num="73" count="1" type="stmt"/>
          <line num="74" count="1" type="stmt"/>
          <line num="75" count="1" type="stmt"/>
        </file>
        <file name="Review.specs.jsx" path="/Users/seunagbeye/andela-projects/More-Recipes/client/__tests__/components/Review.specs.jsx">
          <metrics statements="8" coveredstatements="8" conditionals="0" coveredconditionals="0" methods="2" coveredmethods="2"/>
          <line num="5" count="1" type="stmt"/>
          <line num="16" count="1" type="stmt"/>
          <line num="17" count="1" type="stmt"/>
          <line num="20" count="1" type="stmt"/>
          <line num="21" count="1" type="stmt"/>
          <line num="22" count="1" type="stmt"/>
          <line num="23" count="1" type="stmt"/>
          <line num="24" count="1" type="stmt"/>
        </file>
        <file name="UserRecipes.specs.jsx" path="/Users/seunagbeye/andela-projects/More-Recipes/client/__tests__/components/UserRecipes.specs.jsx">
          <metrics statements="15" coveredstatements="13" conditionals="4" coveredconditionals="1" methods="7" coveredmethods="4"/>
          <line num="6" count="1" type="stmt"/>
          <line num="29" count="1" type="stmt"/>
          <line num="35" count="1" type="stmt"/>
          <line num="39" count="0" type="stmt"/>
          <line num="40" count="0" type="cond" truecount="0" falsecount="2"/>
          <line num="42" count="1" type="stmt"/>
          <line num="43" count="1" type="cond" truecount="1" falsecount="1"/>
          <line num="57" count="1" type="stmt"/>
          <line num="67" count="1" type="stmt"/>
          <line num="68" count="1" type="stmt"/>
          <line num="71" count="1" type="stmt"/>
          <line num="72" count="1" type="stmt"/>
          <line num="73" count="1" type="stmt"/>
          <line num="74" count="1" type="stmt"/>
          <line num="75" count="1" type="stmt"/>
        </file>
      </package>
      <package name="More-Recipes.client.__tests__.reducers">
        <metrics statements="112" coveredstatements="112" conditionals="0" coveredconditionals="0" methods="22" coveredmethods="22"/>
        <file name="auth.specs.js" path="/Users/seunagbeye/andela-projects/More-Recipes/client/__tests__/reducers/auth.specs.js">
          <metrics statements="25" coveredstatements="25" conditionals="0" coveredconditionals="0" methods="4" coveredmethods="4"/>
          <line num="12" count="1" type="stmt"/>
          <line num="14" count="1" type="stmt"/>
          <line num="15" count="1" type="stmt"/>
          <line num="16" count="1" type="stmt"/>
          <line num="17" count="1" type="stmt"/>
          <line num="18" count="1" type="stmt"/>
          <line num="19" count="1" type="stmt"/>
          <line num="22" count="1" type="stmt"/>
          <line num="23" count="1" type="stmt"/>
          <line num="24" count="1" type="stmt"/>
          <line num="25" count="1" type="stmt"/>
          <line num="26" count="1" type="stmt"/>
          <line num="27" count="1" type="stmt"/>
          <line num="28" count="1" type="stmt"/>
          <line num="30" count="1" type="stmt"/>
          <line num="32" count="1" type="stmt"/>
          <line num="35" count="1" type="stmt"/>
          <line num="36" count="1" type="stmt"/>
          <line num="37" count="1" type="stmt"/>
          <line num="38" count="1" type="stmt"/>
          <line num="39" count="1" type="stmt"/>
          <line num="40" count="1" type="stmt"/>
          <line num="41" count="1" type="stmt"/>
          <line num="43" count="1" type="stmt"/>
          <line num="45" count="1" type="stmt"/>
        </file>
        <file name="recipes.specs.js" path="/Users/seunagbeye/andela-projects/More-Recipes/client/__tests__/reducers/recipes.specs.js">
          <metrics statements="87" coveredstatements="87" conditionals="0" coveredconditionals="0" methods="18" coveredmethods="18"/>
          <line num="50" count="1" type="stmt"/>
          <line num="52" count="1" type="stmt"/>
          <line num="53" count="1" type="stmt"/>
          <line num="54" count="1" type="stmt"/>
          <line num="55" count="1" type="stmt"/>
          <line num="58" count="1" type="stmt"/>
          <line num="59" count="1" type="stmt"/>
          <line num="60" count="1" type="stmt"/>
          <line num="61" count="1" type="stmt"/>
          <line num="64" count="1" type="stmt"/>
          <line num="65" count="1" type="stmt"/>
          <line num="66" count="1" type="stmt"/>
          <line num="67" count="1" type="stmt"/>
          <line num="70" count="1" type="stmt"/>
          <line num="71" count="1" type="stmt"/>
          <line num="72" count="1" type="stmt"/>
          <line num="73" count="1" type="stmt"/>
          <line num="74" count="1" type="stmt"/>
          <line num="75" count="1" type="stmt"/>
          <line num="78" count="1" type="stmt"/>
          <line num="79" count="1" type="stmt"/>
          <line num="80" count="1" type="stmt"/>
          <line num="81" count="1" type="stmt"/>
          <line num="82" count="1" type="stmt"/>
          <line num="83" count="1" type="stmt"/>
          <line num="86" count="1" type="stmt"/>
          <line num="87" count="1" type="stmt"/>
          <line num="88" count="1" type="stmt"/>
          <line num="89" count="1" type="stmt"/>
          <line num="90" count="1" type="stmt"/>
          <line num="92" count="1" type="stmt"/>
          <line num="95" count="1" type="stmt"/>
          <line num="96" count="1" type="stmt"/>
          <line num="97" count="1" type="stmt"/>
          <line num="98" count="1" type="stmt"/>
          <line num="99" count="1" type="stmt"/>
          <line num="100" count="1" type="stmt"/>
          <line num="103" count="1" type="stmt"/>
          <line num="104" count="1" type="stmt"/>
          <line num="105" count="1" type="stmt"/>
          <line num="106" count="1" type="stmt"/>
          <line num="107" count="1" type="stmt"/>
          <line num="108" count="1" type="stmt"/>
          <line num="111" count="1" type="stmt"/>
          <line num="112" count="1" type="stmt"/>
          <line num="113" count="1" type="stmt"/>
          <line num="114" count="1" type="stmt"/>
          <line num="115" count="1" type="stmt"/>
          <line num="117" count="1" type="stmt"/>
          <line num="120" count="1" type="stmt"/>
          <line num="121" count="1" type="stmt"/>
          <line num="122" count="1" type="stmt"/>
          <line num="123" count="1" type="stmt"/>
          <line num="124" count="1" type="stmt"/>
          <line num="126" count="1" type="stmt"/>
          <line num="129" count="1" type="stmt"/>
          <line num="130" count="1" type="stmt"/>
          <line num="131" count="1" type="stmt"/>
          <line num="132" count="1" type="stmt"/>
          <line num="133" count="1" type="stmt"/>
          <line num="135" count="1" type="stmt"/>
          <line num="138" count="1" type="stmt"/>
          <line num="139" count="1" type="stmt"/>
          <line num="140" count="1" type="stmt"/>
          <line num="141" count="1" type="stmt"/>
          <line num="142" count="1" type="stmt"/>
          <line num="145" count="1" type="stmt"/>
          <line num="146" count="1" type="stmt"/>
          <line num="147" count="1" type="stmt"/>
          <line num="148" count="1" type="stmt"/>
          <line num="151" count="1" type="stmt"/>
          <line num="152" count="1" type="stmt"/>
          <line num="153" count="1" type="stmt"/>
          <line num="154" count="1" type="stmt"/>
          <line num="157" count="1" type="stmt"/>
          <line num="158" count="1" type="stmt"/>
          <line num="159" count="1" type="stmt"/>
          <line num="160" count="1" type="stmt"/>
          <line num="163" count="1" type="stmt"/>
          <line num="164" count="1" type="stmt"/>
          <line num="165" count="1" type="stmt"/>
          <line num="166" count="1" type="stmt"/>
          <line num="169" count="1" type="stmt"/>
          <line num="170" count="1" type="stmt"/>
          <line num="171" count="1" type="stmt"/>
          <line num="172" count="1" type="stmt"/>
          <line num="173" count="1" type="stmt"/>
        </file>
      </package>
      <package name="More-Recipes.client.main.src.actions">
        <metrics statements="74" coveredstatements="60" conditionals="9" coveredconditionals="4" methods="77" coveredmethods="64"/>
        <file name="Recipes.js" path="/Users/seunagbeye/andela-projects/More-Recipes/client/main/src/actions/Recipes.js">
          <metrics statements="73" coveredstatements="59" conditionals="9" coveredconditionals="4" methods="77" coveredmethods="64"/>
          <line num="21" count="8" type="stmt"/>
          <line num="28" count="2" type="stmt"/>
          <line num="40" count="2" type="stmt"/>
          <line num="52" count="2" type="stmt"/>
          <line num="64" count="2" type="stmt"/>
          <line num="76" count="2" type="stmt"/>
          <line num="89" count="2" type="stmt"/>
          <line num="102" count="2" type="stmt"/>
          <line num="116" count="2" type="stmt"/>
          <line num="129" count="2" type="stmt"/>
          <line num="141" count="2" type="stmt"/>
          <line num="153" count="2" type="stmt"/>
          <line num="166" count="2" type="stmt"/>
          <line num="178" count="2" type="stmt"/>
          <line num="190" count="2" type="stmt"/>
          <line num="202" count="2" type="stmt"/>
          <line num="214" count="2" type="stmt"/>
          <line num="227" count="1" type="stmt"/>
          <line num="229" count="1" type="stmt"/>
          <line num="230" count="1" type="stmt"/>
          <line num="232" count="0" type="stmt"/>
          <line num="241" count="1" type="stmt"/>
          <line num="242" count="1" type="stmt"/>
          <line num="243" count="0" type="stmt"/>
          <line num="251" count="1" type="stmt"/>
          <line num="252" count="1" type="stmt"/>
          <line num="263" count="1" type="stmt"/>
          <line num="265" count="1" type="stmt"/>
          <line num="266" count="1" type="stmt"/>
          <line num="275" count="1" type="stmt"/>
          <line num="277" count="1" type="stmt"/>
          <line num="278" count="1" type="stmt"/>
          <line num="280" count="0" type="stmt"/>
          <line num="289" count="1" type="stmt"/>
          <line num="291" count="1" type="stmt"/>
          <line num="292" count="1" type="stmt"/>
          <line num="294" count="0" type="stmt"/>
          <line num="303" count="1" type="stmt"/>
          <line num="305" count="1" type="stmt"/>
          <line num="306" count="1" type="stmt"/>
          <line num="316" count="1" type="stmt"/>
          <line num="318" count="1" type="stmt"/>
          <line num="319" count="1" type="stmt"/>
          <line num="321" count="0" type="stmt"/>
          <line num="330" count="1" type="stmt"/>
          <line num="331" count="1" type="stmt"/>
          <line num="332" count="0" type="stmt"/>
          <line num="341" count="1" type="stmt"/>
          <line num="342" count="1" type="stmt"/>
          <line num="343" count="0" type="stmt"/>
          <line num="352" count="1" type="stmt"/>
          <line num="354" count="1" type="stmt"/>
          <line num="355" count="1" type="stmt"/>
          <line num="357" count="0" type="stmt"/>
          <line num="367" count="1" type="stmt"/>
          <line num="369" count="1" type="stmt"/>
          <line num="370" count="1" type="stmt"/>
          <line num="373" count="0" type="cond" truecount="0" falsecount="2"/>
          <line num="374" count="0" type="stmt"/>
          <line num="385" count="1" type="stmt"/>
          <line num="387" count="1" type="stmt"/>
          <line num="389" count="0" type="stmt"/>
          <line num="401" count="1" type="stmt"/>
          <line num="403" count="1" type="stmt"/>
          <line num="404" count="1" type="stmt"/>
          <line num="406" count="0" type="stmt"/>
          <line num="417" count="1" type="stmt"/>
          <line num="419" count="1" type="stmt"/>
          <line num="421" count="0" type="stmt"/>
          <line num="434" count="1" type="stmt"/>
          <line num="436" count="1" type="stmt"/>
          <line num="437" count="1" type="stmt"/>
          <line num="439" count="0" type="stmt"/>
        </file>
        <file name="actionTypes.js" path="/Users/seunagbeye/andela-projects/More-Recipes/client/main/src/actions/actionTypes.js">
          <metrics statements="1" coveredstatements="1" conditionals="0" coveredconditionals="0" methods="0" coveredmethods="0"/>
          <line num="1" count="10" type="stmt"/>
        </file>
      </package>
      <package name="More-Recipes.client.main.src.actions.auth">
        <metrics statements="32" coveredstatements="27" conditionals="6" coveredconditionals="4" methods="23" coveredmethods="20"/>
        <file name="Auth.js" path="/Users/seunagbeye/andela-projects/More-Recipes/client/main/src/actions/auth/Auth.js">
          <metrics statements="32" coveredstatements="27" conditionals="6" coveredconditionals="4" methods="23" coveredmethods="20"/>
          <line num="9" count="3" type="stmt"/>
          <line num="17" count="4" type="stmt"/>
          <line num="29" count="2" type="stmt"/>
          <line num="43" count="3" type="stmt"/>
          <line num="44" count="3" type="stmt"/>
          <line num="45" count="3" type="stmt"/>
          <line num="46" count="3" type="stmt"/>
          <line num="47" count="3" type="stmt"/>
          <line num="48" count="3" type="cond" truecount="2" falsecount="0"/>
          <line num="49" count="2" type="stmt"/>
          <line num="51" count="1" type="stmt"/>
          <line num="53" count="3" type="stmt"/>
          <line num="64" count="1" type="stmt"/>
          <line num="65" count="1" type="stmt"/>
          <line num="67" count="0" type="cond" truecount="0" falsecount="2"/>
          <line num="68" count="0" type="stmt"/>
          <line num="69" count="0" type="stmt"/>
          <line num="83" count="1" type="stmt"/>
          <line num="84" count="1" type="stmt"/>
          <line num="85" count="0" type="stmt"/>
          <line num="96" count="1" type="stmt"/>
          <line num="97" count="1" type="stmt"/>
          <line num="98" count="0" type="stmt"/>
          <line num="107" count="1" type="stmt"/>
          <line num="109" count="1" type="stmt"/>
          <line num="119" count="1" type="stmt"/>
          <line num="121" count="1" type="stmt"/>
          <line num="129" count="1" type="stmt"/>
          <line num="130" count="1" type="stmt"/>
          <line num="131" count="1" type="stmt"/>
          <line num="132" count="1" type="stmt"/>
          <line num="133" count="1" type="stmt"/>
        </file>
      </package>
      <package name="More-Recipes.client.main.src.components">
        <metrics statements="10" coveredstatements="7" conditionals="0" coveredconditionals="0" methods="6" coveredmethods="3"/>
        <file name="Hompage.jsx" path="/Users/seunagbeye/andela-projects/More-Recipes/client/main/src/components/Hompage.jsx">
          <metrics statements="10" coveredstatements="7" conditionals="0" coveredconditionals="0" methods="6" coveredmethods="3"/>
          <line num="19" count="1" type="stmt"/>
          <line num="20" count="1" type="stmt"/>
          <line num="21" count="1" type="stmt"/>
          <line num="30" count="1" type="stmt"/>
          <line num="52" count="0" type="stmt"/>
          <line num="65" count="0" type="stmt"/>
          <line num="76" count="0" type="stmt"/>
          <line num="90" count="1" type="stmt"/>
          <line num="99" count="1" type="stmt"/>
          <line num="108" count="1" type="stmt"/>
        </file>
      </package>
      <package name="More-Recipes.client.main.src.components.common">
        <metrics statements="23" coveredstatements="21" conditionals="4" coveredconditionals="2" methods="11" coveredmethods="9"/>
        <file name="Footer.jsx" path="/Users/seunagbeye/andela-projects/More-Recipes/client/main/src/components/common/Footer.jsx">
          <metrics statements="2" coveredstatements="2" conditionals="0" coveredconditionals="0" methods="1" coveredmethods="1"/>
          <line num="3" count="1" type="stmt"/>
          <line num="4" count="1" type="stmt"/>
        </file>
        <file name="Navbar.jsx" path="/Users/seunagbeye/andela-projects/More-Recipes/client/main/src/components/common/Navbar.jsx">
          <metrics statements="19" coveredstatements="17" conditionals="4" coveredconditionals="2" methods="9" coveredmethods="7"/>
          <line num="22" count="1" type="stmt"/>
          <line num="23" count="1" type="stmt"/>
          <line num="24" count="1" type="stmt"/>
          <line num="25" count="1" type="stmt"/>
          <line num="33" count="1" type="stmt"/>
          <line num="34" count="1" type="cond" truecount="1" falsecount="1"/>
          <line num="35" count="1" type="stmt"/>
          <line num="44" count="1" type="stmt"/>
          <line num="45" count="1" type="stmt"/>
          <line num="56" count="1" type="stmt"/>
          <line num="57" count="1" type="stmt"/>
          <line num="66" count="1" type="stmt"/>
          <line num="67" count="1" type="stmt"/>
          <line num="105" count="0" type="stmt"/>
          <line num="167" count="0" type="stmt"/>
          <line num="192" count="1" type="stmt"/>
          <line num="200" count="1" type="stmt"/>
          <line num="207" count="1" type="stmt"/>
          <line num="210" count="2" type="stmt"/>
        </file>
        <file name="NotFoundPage.jsx" path="/Users/seunagbeye/andela-projects/More-Recipes/client/main/src/components/common/NotFoundPage.jsx">
          <metrics statements="2" coveredstatements="2" conditionals="0" coveredconditionals="0" methods="1" coveredmethods="1"/>
          <line num="5" count="1" type="stmt"/>
          <line num="6" count="1" type="stmt"/>
        </file>
      </package>
      <package name="More-Recipes.client.main.src.components.recipes">
        <metrics statements="307" coveredstatements="213" conditionals="65" coveredconditionals="36" methods="100" coveredmethods="64"/>
        <file name="AllRecipes.jsx" path="/Users/seunagbeye/andela-projects/More-Recipes/client/main/src/components/recipes/AllRecipes.jsx">
          <metrics statements="13" coveredstatements="12" conditionals="4" coveredconditionals="2" methods="8" coveredmethods="7"/>
          <line num="29" count="1" type="stmt"/>
          <line num="30" count="1" type="stmt"/>
          <line num="31" count="1" type="stmt"/>
          <line num="39" count="1" type="stmt"/>
          <line num="40" count="1" type="stmt"/>
          <line num="50" count="1" type="stmt"/>
          <line num="61" count="1" type="stmt"/>
          <line num="63" count="1" type="stmt"/>
          <line num="73" count="1" type="stmt"/>
          <line num="94" count="0" type="stmt"/>
          <line num="119" count="1" type="stmt"/>
          <line num="130" count="1" type="stmt"/>
          <line num="139" count="1" type="stmt"/>
        </file>
        <file name="CategoryButton.jsx" path="/Users/seunagbeye/andela-projects/More-Recipes/client/main/src/components/recipes/CategoryButton.jsx">
          <metrics statements="7" coveredstatements="6" conditionals="0" coveredconditionals="0" methods="4" coveredmethods="3"/>
          <line num="13" count="3" type="stmt"/>
          <line num="14" count="1" type="stmt"/>
          <line num="22" count="0" type="stmt"/>
          <line num="30" count="3" type="stmt"/>
          <line num="34" count="3" type="stmt"/>
          <line num="43" count="3" type="stmt"/>
          <line num="45" count="1" type="stmt"/>
        </file>
        <file name="CreateReview.jsx" path="/Users/seunagbeye/andela-projects/More-Recipes/client/main/src/components/recipes/CreateReview.jsx">
          <metrics statements="4" coveredstatements="4" conditionals="0" coveredconditionals="0" methods="1" coveredmethods="1"/>
          <line num="10" count="2" type="stmt"/>
          <line num="11" count="1" type="stmt"/>
          <line num="24" count="2" type="stmt"/>
          <line num="30" count="2" type="stmt"/>
        </file>
        <file name="DeleteModal.jsx" path="/Users/seunagbeye/andela-projects/More-Recipes/client/main/src/components/recipes/DeleteModal.jsx">
          <metrics statements="4" coveredstatements="4" conditionals="0" coveredconditionals="0" methods="1" coveredmethods="1"/>
          <line num="11" count="5" type="stmt"/>
          <line num="12" count="1" type="stmt"/>
          <line num="58" count="5" type="stmt"/>
          <line num="63" count="5" type="stmt"/>
        </file>
        <file name="EditModal.jsx" path="/Users/seunagbeye/andela-projects/More-Recipes/client/main/src/components/recipes/EditModal.jsx">
          <metrics statements="58" coveredstatements="31" conditionals="10" coveredconditionals="5" methods="16" coveredmethods="8"/>
          <line num="20" count="1" type="stmt"/>
          <line num="21" count="1" type="stmt"/>
          <line num="24" count="1" type="stmt"/>
          <line num="25" count="1" type="stmt"/>
          <line num="36" count="1" type="stmt"/>
          <line num="37" count="1" type="stmt"/>
          <line num="38" count="1" type="stmt"/>
          <line num="39" count="1" type="stmt"/>
          <line num="40" count="1" type="stmt"/>
          <line num="41" count="1" type="stmt"/>
          <line num="51" count="1" type="stmt"/>
          <line num="52" count="1" type="stmt"/>
          <line num="62" count="1" type="stmt"/>
          <line num="63" count="1" type="stmt"/>
          <line num="74" count="0" type="stmt"/>
          <line num="75" count="0" type="stmt"/>
          <line num="76" count="0" type="stmt"/>
          <line num="77" count="0" type="stmt"/>
          <line num="78" count="0" type="stmt"/>
          <line num="89" count="0" type="stmt"/>
          <line num="90" count="0" type="stmt"/>
          <line num="91" count="0" type="stmt"/>
          <line num="92" count="0" type="stmt"/>
          <line num="93" count="0" type="stmt"/>
          <line num="104" count="2" type="stmt"/>
          <line num="105" count="2" type="stmt"/>
          <line num="106" count="2" type="stmt"/>
          <line num="107" count="2" type="cond" truecount="4" falsecount="0"/>
          <line num="108" count="1" type="stmt"/>
          <line num="110" count="1" type="cond" truecount="1" falsecount="1"/>
          <line num="111" count="1" type="stmt"/>
          <line num="113" count="1" type="stmt"/>
          <line num="117" count="1" type="stmt"/>
          <line num="130" count="0" type="stmt"/>
          <line num="131" count="0" type="stmt"/>
          <line num="132" count="0" type="stmt"/>
          <line num="133" count="0" type="cond" truecount="0" falsecount="2"/>
          <line num="134" count="0" type="cond" truecount="0" falsecount="2"/>
          <line num="135" count="0" type="stmt"/>
          <line num="137" count="0" type="stmt"/>
          <line num="138" count="0" type="stmt"/>
          <line num="140" count="0" type="stmt"/>
          <line num="141" count="0" type="stmt"/>
          <line num="142" count="0" type="stmt"/>
          <line num="143" count="0" type="stmt"/>
          <line num="144" count="0" type="stmt"/>
          <line num="148" count="0" type="stmt"/>
          <line num="152" count="0" type="stmt"/>
          <line num="153" count="0" type="stmt"/>
          <line num="154" count="0" type="stmt"/>
          <line num="163" count="5" type="stmt"/>
          <line num="164" count="5" type="stmt"/>
          <line num="165" count="4" type="stmt"/>
          <line num="176" count="5" type="stmt"/>
          <line num="177" count="3" type="stmt"/>
          <line num="188" count="5" type="stmt"/>
          <line num="271" count="5" type="stmt"/>
          <line num="276" count="5" type="stmt"/>
        </file>
        <file name="Exclamation.jsx" path="/Users/seunagbeye/andela-projects/More-Recipes/client/main/src/components/recipes/Exclamation.jsx">
          <metrics statements="4" coveredstatements="4" conditionals="0" coveredconditionals="0" methods="1" coveredmethods="1"/>
          <line num="10" count="5" type="stmt"/>
          <line num="11" count="1" type="stmt"/>
          <line num="17" count="5" type="stmt"/>
          <line num="21" count="5" type="stmt"/>
        </file>
        <file name="Input.jsx" path="/Users/seunagbeye/andela-projects/More-Recipes/client/main/src/components/recipes/Input.jsx">
          <metrics statements="4" coveredstatements="4" conditionals="0" coveredconditionals="0" methods="1" coveredmethods="1"/>
          <line num="4" count="7" type="stmt"/>
          <line num="5" count="1" type="stmt"/>
          <line num="25" count="7" type="stmt"/>
          <line num="35" count="7" type="stmt"/>
        </file>
        <file name="Pagination.jsx" path="/Users/seunagbeye/andela-projects/More-Recipes/client/main/src/components/recipes/Pagination.jsx">
          <metrics statements="33" coveredstatements="6" conditionals="8" coveredconditionals="4" methods="11" coveredmethods="2"/>
          <line num="6" count="3" type="stmt"/>
          <line num="8" count="1" type="stmt"/>
          <line num="9" count="1" type="stmt"/>
          <line num="22" count="0" type="stmt"/>
          <line num="23" count="0" type="stmt"/>
          <line num="24" count="0" type="cond" truecount="0" falsecount="2"/>
          <line num="25" count="0" type="stmt"/>
          <line num="26" count="0" type="stmt"/>
          <line num="27" count="0" type="stmt"/>
          <line num="28" count="0" type="stmt"/>
          <line num="29" count="0" type="stmt"/>
          <line num="31" count="0" type="stmt"/>
          <line num="33" count="0" type="stmt"/>
          <line num="45" count="4" type="stmt"/>
          <line num="56" count="0" type="stmt"/>
          <line num="57" count="0" type="stmt"/>
          <line num="58" count="0" type="stmt"/>
          <line num="59" count="0" type="stmt"/>
          <line num="60" count="0" type="stmt"/>
          <line num="61" count="0" type="stmt"/>
          <line num="62" count="0" type="stmt"/>
          <line num="63" count="0" type="stmt"/>
          <line num="72" count="0" type="stmt"/>
          <line num="73" count="0" type="stmt"/>
          <line num="74" count="0" type="cond" truecount="0" falsecount="2"/>
          <line num="75" count="0" type="stmt"/>
          <line num="76" count="0" type="stmt"/>
          <line num="77" count="0" type="stmt"/>
          <line num="78" count="0" type="stmt"/>
          <line num="79" count="0" type="stmt"/>
          <line num="81" count="0" type="stmt"/>
          <line num="98" count="3" type="stmt"/>
          <line num="103" count="3" type="stmt"/>
        </file>
        <file name="RecipeCard.jsx" path="/Users/seunagbeye/andela-projects/More-Recipes/client/main/src/components/recipes/RecipeCard.jsx">
          <metrics statements="37" coveredstatements="34" conditionals="10" coveredconditionals="5" methods="10" coveredmethods="10"/>
          <line num="33" count="1" type="stmt"/>
          <line num="34" count="1" type="stmt"/>
          <line num="35" count="1" type="stmt"/>
          <line num="36" count="1" type="stmt"/>
          <line num="37" count="1" type="stmt"/>
          <line num="38" count="1" type="stmt"/>
          <line num="40" count="1" type="stmt"/>
          <line num="57" count="1" type="stmt"/>
          <line num="58" count="1" type="stmt"/>
          <line num="72" count="1" type="cond" truecount="1" falsecount="1"/>
          <line num="73" count="0" type="stmt"/>
          <line num="74" count="0" type="stmt"/>
          <line num="75" count="0" type="stmt"/>
          <line num="90" count="1" type="stmt"/>
          <line num="91" count="1" type="stmt"/>
          <line num="92" count="1" type="cond" truecount="1" falsecount="1"/>
          <line num="93" count="1" type="stmt"/>
          <line num="95" count="1" type="stmt"/>
          <line num="105" count="1" type="stmt"/>
          <line num="106" count="1" type="cond" truecount="1" falsecount="1"/>
          <line num="107" count="1" type="stmt"/>
          <line num="108" count="1" type="stmt"/>
          <line num="110" count="1" type="stmt"/>
          <line num="120" count="1" type="stmt"/>
          <line num="121" count="1" type="stmt"/>
          <line num="132" count="1" type="stmt"/>
          <line num="142" count="1" type="stmt"/>
          <line num="143" count="1" type="cond" truecount="1" falsecount="1"/>
          <line num="144" count="1" type="stmt"/>
          <line num="145" count="1" type="stmt"/>
          <line num="147" count="1" type="stmt"/>
          <line num="156" count="3" type="stmt"/>
          <line num="157" count="3" type="stmt"/>
          <line num="158" count="3" type="stmt"/>
          <line num="199" count="3" type="stmt"/>
          <line num="213" count="3" type="stmt"/>
          <line num="222" count="3" type="stmt"/>
        </file>
        <file name="RecipeCardActions.jsx" path="/Users/seunagbeye/andela-projects/More-Recipes/client/main/src/components/recipes/RecipeCardActions.jsx">
          <metrics statements="4" coveredstatements="4" conditionals="6" coveredconditionals="3" methods="1" coveredmethods="1"/>
          <line num="10" count="5" type="stmt"/>
          <line num="11" count="1" type="stmt"/>
          <line num="60" count="5" type="stmt"/>
          <line num="72" count="5" type="stmt"/>
        </file>
        <file name="RecipeCircle.jsx" path="/Users/seunagbeye/andela-projects/More-Recipes/client/main/src/components/recipes/RecipeCircle.jsx">
          <metrics statements="4" coveredstatements="4" conditionals="2" coveredconditionals="2" methods="1" coveredmethods="1"/>
          <line num="5" count="2" type="stmt"/>
          <line num="6" count="1" type="stmt"/>
          <line num="20" count="2" type="stmt"/>
          <line num="25" count="2" type="stmt"/>
        </file>
        <file name="RecipeDetail.jsx" path="/Users/seunagbeye/andela-projects/More-Recipes/client/main/src/components/recipes/RecipeDetail.jsx">
          <metrics statements="59" coveredstatements="50" conditionals="12" coveredconditionals="7" methods="17" coveredmethods="11"/>
          <line num="35" count="1" type="stmt"/>
          <line num="36" count="1" type="stmt"/>
          <line num="45" count="1" type="stmt"/>
          <line num="46" count="1" type="stmt"/>
          <line num="47" count="1" type="stmt"/>
          <line num="48" count="1" type="stmt"/>
          <line num="49" count="1" type="stmt"/>
          <line num="50" count="1" type="stmt"/>
          <line num="51" count="1" type="stmt"/>
          <line num="59" count="1" type="stmt"/>
          <line num="60" count="1" type="stmt"/>
          <line num="72" count="1" type="stmt"/>
          <line num="73" count="1" type="stmt"/>
          <line num="85" count="0" type="stmt"/>
          <line num="86" count="0" type="stmt"/>
          <line num="87" count="0" type="stmt"/>
          <line num="98" count="1" type="stmt"/>
          <line num="99" count="1" type="stmt"/>
          <line num="100" count="1" type="stmt"/>
          <line num="101" count="1" type="stmt"/>
          <line num="102" count="1" type="stmt"/>
          <line num="112" count="1" type="stmt"/>
          <line num="113" count="1" type="cond" truecount="1" falsecount="1"/>
          <line num="114" count="1" type="stmt"/>
          <line num="116" count="1" type="stmt"/>
          <line num="126" count="1" type="stmt"/>
          <line num="127" count="1" type="cond" truecount="1" falsecount="1"/>
          <line num="128" count="1" type="stmt"/>
          <line num="129" count="1" type="stmt"/>
          <line num="131" count="1" type="stmt"/>
          <line num="141" count="1" type="stmt"/>
          <line num="142" count="1" type="stmt"/>
          <line num="143" count="1" type="cond" truecount="1" falsecount="1"/>
          <line num="144" count="1" type="stmt"/>
          <line num="145" count="1" type="stmt"/>
          <line num="147" count="1" type="stmt"/>
          <line num="159" count="1" type="stmt"/>
          <line num="160" count="1" type="stmt"/>
          <line num="163" count="1" type="stmt"/>
          <line num="164" count="1" type="stmt"/>
          <line num="165" count="1" type="stmt"/>
          <line num="166" count="1" type="stmt"/>
          <line num="176" count="8" type="cond" truecount="2" falsecount="0"/>
          <line num="177" count="7" type="stmt"/>
          <line num="178" count="7" type="stmt"/>
          <line num="180" count="7" type="stmt"/>
          <line num="182" count="7" type="stmt"/>
          <line num="184" count="7" type="cond" truecount="1" falsecount="1"/>
          <line num="185" count="7" type="stmt"/>
          <line num="233" count="0" type="stmt"/>
          <line num="243" count="0" type="stmt"/>
          <line num="274" count="0" type="stmt"/>
          <line num="283" count="0" type="stmt"/>
          <line num="284" count="0" type="stmt"/>
          <line num="296" count="0" type="stmt"/>
          <line num="302" count="1" type="stmt"/>
          <line num="306" count="1" type="stmt"/>
          <line num="323" count="1" type="stmt"/>
          <line num="333" count="1" type="stmt"/>
        </file>
        <file name="RecipeModal.jsx" path="/Users/seunagbeye/andela-projects/More-Recipes/client/main/src/components/recipes/RecipeModal.jsx">
          <metrics statements="60" coveredstatements="34" conditionals="8" coveredconditionals="5" methods="20" coveredmethods="10"/>
          <line num="21" count="1" type="stmt"/>
          <line num="22" count="1" type="stmt"/>
          <line num="23" count="1" type="stmt"/>
          <line num="24" count="1" type="stmt"/>
          <line num="25" count="1" type="stmt"/>
          <line num="26" count="1" type="stmt"/>
          <line num="27" count="1" type="stmt"/>
          <line num="28" count="1" type="stmt"/>
          <line num="38" count="1" type="stmt"/>
          <line num="47" count="1" type="stmt"/>
          <line num="58" count="1" type="stmt"/>
          <line num="59" count="1" type="stmt"/>
          <line num="70" count="1" type="stmt"/>
          <line num="71" count="1" type="stmt"/>
          <line num="82" count="0" type="stmt"/>
          <line num="83" count="0" type="stmt"/>
          <line num="84" count="0" type="stmt"/>
          <line num="85" count="0" type="stmt"/>
          <line num="86" count="0" type="stmt"/>
          <line num="97" count="0" type="stmt"/>
          <line num="98" count="0" type="stmt"/>
          <line num="99" count="0" type="stmt"/>
          <line num="100" count="0" type="stmt"/>
          <line num="101" count="0" type="stmt"/>
          <line num="113" count="1" type="stmt"/>
          <line num="114" count="1" type="stmt"/>
          <line num="115" count="1" type="stmt"/>
          <line num="116" count="0" type="cond" truecount="0" falsecount="2"/>
          <line num="117" count="0" type="stmt"/>
          <line num="118" count="0" type="stmt"/>
          <line num="119" count="0" type="stmt"/>
          <line num="120" count="0" type="stmt"/>
          <line num="121" count="0" type="stmt"/>
          <line num="123" count="0" type="stmt"/>
          <line num="124" count="0" type="stmt"/>
          <line num="127" count="0" type="stmt"/>
          <line num="128" count="0" type="stmt"/>
          <line num="132" count="0" type="stmt"/>
          <line num="135" count="0" type="stmt"/>
          <line num="137" count="0" type="stmt"/>
          <line num="138" count="0" type="stmt"/>
          <line num="151" count="2" type="stmt"/>
          <line num="152" count="2" type="stmt"/>
          <line num="153" count="2" type="stmt"/>
          <line num="154" count="2" type="cond" truecount="4" falsecount="0"/>
          <line num="155" count="1" type="stmt"/>
          <line num="157" count="1" type="cond" truecount="1" falsecount="1"/>
          <line num="158" count="1" type="stmt"/>
          <line num="160" count="1" type="stmt"/>
          <line num="164" count="1" type="stmt"/>
          <line num="175" count="6" type="stmt"/>
          <line num="176" count="5" type="stmt"/>
          <line num="187" count="6" type="stmt"/>
          <line num="188" count="4" type="stmt"/>
          <line num="198" count="6" type="stmt"/>
          <line num="199" count="6" type="stmt"/>
          <line num="217" count="0" type="stmt"/>
          <line num="265" count="0" type="stmt"/>
          <line num="317" count="3" type="stmt"/>
          <line num="322" count="3" type="stmt"/>
        </file>
        <file name="Review.jsx" path="/Users/seunagbeye/andela-projects/More-Recipes/client/main/src/components/recipes/Review.jsx">
          <metrics statements="4" coveredstatements="4" conditionals="0" coveredconditionals="0" methods="1" coveredmethods="1"/>
          <line num="4" count="2" type="stmt"/>
          <line num="5" count="1" type="stmt"/>
          <line num="26" count="2" type="stmt"/>
          <line num="30" count="2" type="stmt"/>
        </file>
        <file name="UserRecipes.jsx" path="/Users/seunagbeye/andela-projects/More-Recipes/client/main/src/components/recipes/UserRecipes.jsx">
          <metrics statements="12" coveredstatements="12" conditionals="5" coveredconditionals="3" methods="7" coveredmethods="6"/>
          <line num="28" count="1" type="stmt"/>
          <line num="29" count="1" type="stmt"/>
          <line num="41" count="1" type="stmt"/>
          <line num="49" count="1" type="stmt"/>
          <line num="50" count="1" type="stmt"/>
          <line num="60" count="1" type="stmt"/>
          <line num="62" count="1" type="stmt"/>
          <line num="74" count="1" type="stmt"/>
          <line num="97" count="1" type="stmt"/>
          <line num="118" count="1" type="stmt"/>
          <line num="128" count="1" type="stmt"/>
          <line num="136" count="1" type="stmt"/>
        </file>
      </package>
      <package name="More-Recipes.client.main.src.config">
        <metrics statements="0" coveredstatements="0" conditionals="0" coveredconditionals="0" methods="0" coveredmethods="0"/>
        <file name="config.js" path="/Users/seunagbeye/andela-projects/More-Recipes/client/main/src/config/config.js">
          <metrics statements="0" coveredstatements="0" conditionals="0" coveredconditionals="0" methods="0" coveredmethods="0"/>
        </file>
      </package>
      <package name="More-Recipes.client.main.src.reducers">
        <metrics statements="53" coveredstatements="33" conditionals="48" coveredconditionals="33" methods="12" coveredmethods="3"/>
        <file name="auth.js" path="/Users/seunagbeye/andela-projects/More-Recipes/client/main/src/reducers/auth.js">
          <metrics statements="8" coveredstatements="7" conditionals="13" coveredconditionals="11" methods="3" coveredmethods="2"/>
          <line num="9" count="1" type="stmt"/>
          <line num="11" count="1" type="stmt"/>
          <line num="16" count="2" type="stmt"/>
          <line num="19" count="0" type="cond" truecount="3" falsecount="1"/>
          <line num="24" count="3" type="cond" truecount="3" falsecount="0"/>
          <line num="26" count="1" type="stmt"/>
          <line num="28" count="1" type="stmt"/>
          <line num="29" count="1" type="stmt"/>
        </file>
        <file name="recipes.js" path="/Users/seunagbeye/andela-projects/More-Recipes/client/main/src/reducers/recipes.js">
          <metrics statements="45" coveredstatements="26" conditionals="35" coveredconditionals="22" methods="9" coveredmethods="1"/>
          <line num="20" count="1" type="stmt"/>
          <line num="22" count="1" type="stmt"/>
          <line num="45" count="17" type="stmt"/>
          <line num="46" count="17" type="stmt"/>
          <line num="47" count="17" type="stmt"/>
          <line num="49" count="17" type="cond" truecount="17" falsecount="0"/>
          <line num="51" count="1" type="stmt"/>
          <line num="57" count="1" type="stmt"/>
          <line num="60" count="1" type="stmt"/>
          <line num="69" count="1" type="stmt"/>
          <line num="78" count="1" type="stmt"/>
          <line num="86" count="1" type="stmt"/>
          <line num="94" count="1" type="stmt"/>
          <line num="103" count="1" type="stmt"/>
          <line num="107" count="0" type="stmt"/>
          <line num="113" count="1" type="cond" truecount="1" falsecount="1"/>
          <line num="114" count="0" type="stmt"/>
          <line num="115" count="0" type="cond" truecount="0" falsecount="2"/>
          <line num="116" count="0" type="stmt"/>
          <line num="118" count="0" type="stmt"/>
          <line num="122" count="1" type="stmt"/>
          <line num="131" count="1" type="stmt"/>
          <line num="136" count="0" type="stmt"/>
          <line num="140" count="0" type="stmt"/>
          <line num="146" count="1" type="stmt"/>
          <line num="150" count="0" type="cond" truecount="0" falsecount="2"/>
          <line num="151" count="0" type="stmt"/>
          <line num="153" count="0" type="stmt"/>
          <line num="156" count="0" type="cond" truecount="0" falsecount="2"/>
          <line num="157" count="0" type="stmt"/>
          <line num="159" count="0" type="stmt"/>
          <line num="166" count="1" type="stmt"/>
          <line num="170" count="0" type="cond" truecount="0" falsecount="2"/>
          <line num="171" count="0" type="stmt"/>
          <line num="173" count="0" type="stmt"/>
          <line num="176" count="0" type="cond" truecount="0" falsecount="2"/>
          <line num="177" count="0" type="stmt"/>
          <line num="179" count="0" type="stmt"/>
          <line num="186" count="1" type="stmt"/>
          <line num="193" count="1" type="stmt"/>
          <line num="198" count="1" type="stmt"/>
          <line num="199" count="1" type="stmt"/>
          <line num="204" count="1" type="stmt"/>
          <line num="205" count="1" type="stmt"/>
          <line num="210" count="1" type="stmt"/>
        </file>
      </package>
      <package name="More-Recipes.client.main.utils">
        <metrics statements="12" coveredstatements="4" conditionals="4" coveredconditionals="3" methods="3" coveredmethods="2"/>
        <file name="CheckAuth.js" path="/Users/seunagbeye/andela-projects/More-Recipes/client/main/utils/CheckAuth.js">
          <metrics statements="5" coveredstatements="2" conditionals="2" coveredconditionals="1" methods="1" coveredmethods="1"/>
          <line num="2" count="4" type="stmt"/>
          <line num="3" count="8" type="cond" truecount="1" falsecount="1"/>
          <line num="4" count="0" type="stmt"/>
          <line num="5" count="0" type="stmt"/>
          <line num="6" count="0" type="stmt"/>
        </file>
        <file name="ImageUploader.js" path="/Users/seunagbeye/andela-projects/More-Recipes/client/main/utils/ImageUploader.js">
          <metrics statements="6" coveredstatements="1" conditionals="0" coveredconditionals="0" methods="1" coveredmethods="0"/>
          <line num="4" count="6" type="stmt"/>
          <line num="11" count="0" type="stmt"/>
          <line num="12" count="0" type="stmt"/>
          <line num="14" count="0" type="stmt"/>
          <line num="16" count="0" type="stmt"/>
          <line num="18" count="0" type="stmt"/>
        </file>
        <file name="setAuthorizationToken.js" path="/Users/seunagbeye/andela-projects/More-Recipes/client/main/utils/setAuthorizationToken.js">
          <metrics statements="1" coveredstatements="1" conditionals="2" coveredconditionals="2" methods="1" coveredmethods="1"/>
          <line num="4" count="4" type="cond" truecount="2" falsecount="0"/>
        </file>
      </package>
    </metrics>
  </project>
</coverage>
