{"/Users/seunagbeye/andela-projects/More-Recipes/client/__tests__/config.js": {"path":"/Users/seunagbeye/andela-projects/More-Recipes/client/__tests__/config.js","statementMap":{"0":{"start":{"line":4,"column":0},"end":{"line":4,"column":38}}},"fnMap":{},"branchMap":{},"s":{"0":20},"f":{},"b":{},"_coverageSchema":"332fd63041d2c1bcb487cc26dd0d5f7d97098a6c","hash":"575db56b32958920d761f624b730fc5451e5e7ab"}
,"/Users/seunagbeye/andela-projects/More-Recipes/client/__tests__/actions/auth.specs.js": {"path":"/Users/seunagbeye/andela-projects/More-Recipes/client/__tests__/actions/auth.specs.js","statementMap":{"0":{"start":{"line":24,"column":4},"end":{"line":24,"column":15}},"1":{"start":{"line":26,"column":18},"end":{"line":26,"column":45}},"2":{"start":{"line":28,"column":0},"end":{"line":153,"column":3}},"3":{"start":{"line":29,"column":2},"end":{"line":29,"column":37}},"4":{"start":{"line":29,"column":19},"end":{"line":29,"column":35}},"5":{"start":{"line":30,"column":2},"end":{"line":30,"column":38}},"6":{"start":{"line":30,"column":18},"end":{"line":30,"column":36}},"7":{"start":{"line":33,"column":2},"end":{"line":55,"column":5}},"8":{"start":{"line":34,"column":4},"end":{"line":54,"column":7}},"9":{"start":{"line":35,"column":6},"end":{"line":41,"column":9}},"10":{"start":{"line":36,"column":24},"end":{"line":36,"column":52}},"11":{"start":{"line":37,"column":8},"end":{"line":40,"column":11}},"12":{"start":{"line":43,"column":29},"end":{"line":48,"column":7}},"13":{"start":{"line":49,"column":20},"end":{"line":49,"column":34}},"14":{"start":{"line":50,"column":6},"end":{"line":53,"column":11}},"15":{"start":{"line":52,"column":10},"end":{"line":52,"column":61}},"16":{"start":{"line":57,"column":2},"end":{"line":79,"column":5}},"17":{"start":{"line":58,"column":4},"end":{"line":78,"column":7}},"18":{"start":{"line":59,"column":6},"end":{"line":65,"column":9}},"19":{"start":{"line":60,"column":24},"end":{"line":60,"column":52}},"20":{"start":{"line":61,"column":8},"end":{"line":64,"column":11}},"21":{"start":{"line":67,"column":29},"end":{"line":72,"column":7}},"22":{"start":{"line":73,"column":20},"end":{"line":73,"column":34}},"23":{"start":{"line":74,"column":6},"end":{"line":77,"column":11}},"24":{"start":{"line":76,"column":10},"end":{"line":76,"column":61}},"25":{"start":{"line":81,"column":2},"end":{"line":93,"column":5}},"26":{"start":{"line":82,"column":4},"end":{"line":92,"column":7}},"27":{"start":{"line":83,"column":29},"end":{"line":88,"column":7}},"28":{"start":{"line":89,"column":20},"end":{"line":89,"column":34}},"29":{"start":{"line":90,"column":6},"end":{"line":90,"column":33}},"30":{"start":{"line":91,"column":6},"end":{"line":91,"column":57}},"31":{"start":{"line":95,"column":2},"end":{"line":117,"column":5}},"32":{"start":{"line":96,"column":4},"end":{"line":116,"column":7}},"33":{"start":{"line":97,"column":6},"end":{"line":103,"column":9}},"34":{"start":{"line":98,"column":24},"end":{"line":98,"column":52}},"35":{"start":{"line":99,"column":8},"end":{"line":102,"column":11}},"36":{"start":{"line":105,"column":29},"end":{"line":110,"column":7}},"37":{"start":{"line":111,"column":20},"end":{"line":111,"column":34}},"38":{"start":{"line":112,"column":6},"end":{"line":115,"column":11}},"39":{"start":{"line":114,"column":10},"end":{"line":114,"column":61}},"40":{"start":{"line":118,"column":2},"end":{"line":134,"column":5}},"41":{"start":{"line":119,"column":4},"end":{"line":133,"column":7}},"42":{"start":{"line":120,"column":6},"end":{"line":126,"column":9}},"43":{"start":{"line":121,"column":24},"end":{"line":121,"column":52}},"44":{"start":{"line":122,"column":8},"end":{"line":125,"column":11}},"45":{"start":{"line":128,"column":20},"end":{"line":128,"column":34}},"46":{"start":{"line":129,"column":6},"end":{"line":132,"column":11}},"47":{"start":{"line":131,"column":10},"end":{"line":131,"column":54}},"48":{"start":{"line":136,"column":2},"end":{"line":152,"column":5}},"49":{"start":{"line":137,"column":4},"end":{"line":151,"column":7}},"50":{"start":{"line":138,"column":6},"end":{"line":144,"column":9}},"51":{"start":{"line":139,"column":24},"end":{"line":139,"column":52}},"52":{"start":{"line":140,"column":8},"end":{"line":143,"column":11}},"53":{"start":{"line":146,"column":20},"end":{"line":146,"column":34}},"54":{"start":{"line":147,"column":6},"end":{"line":150,"column":11}},"55":{"start":{"line":149,"column":10},"end":{"line":149,"column":54}}},"fnMap":{"0":{"name":"(anonymous_0)","decl":{"start":{"line":28,"column":17},"end":{"line":28,"column":18}},"loc":{"start":{"line":28,"column":23},"end":{"line":153,"column":1}},"line":28},"1":{"name":"(anonymous_1)","decl":{"start":{"line":29,"column":13},"end":{"line":29,"column":14}},"loc":{"start":{"line":29,"column":19},"end":{"line":29,"column":35}},"line":29},"2":{"name":"(anonymous_2)","decl":{"start":{"line":30,"column":12},"end":{"line":30,"column":13}},"loc":{"start":{"line":30,"column":18},"end":{"line":30,"column":36}},"line":30},"3":{"name":"(anonymous_3)","decl":{"start":{"line":33,"column":21},"end":{"line":33,"column":22}},"loc":{"start":{"line":33,"column":27},"end":{"line":55,"column":3}},"line":33},"4":{"name":"(anonymous_4)","decl":{"start":{"line":34,"column":68},"end":{"line":34,"column":69}},"loc":{"start":{"line":34,"column":74},"end":{"line":54,"column":5}},"line":34},"5":{"name":"(anonymous_5)","decl":{"start":{"line":35,"column":18},"end":{"line":35,"column":19}},"loc":{"start":{"line":35,"column":24},"end":{"line":41,"column":7}},"line":35},"6":{"name":"(anonymous_6)","decl":{"start":{"line":51,"column":14},"end":{"line":51,"column":15}},"loc":{"start":{"line":51,"column":20},"end":{"line":53,"column":9}},"line":51},"7":{"name":"(anonymous_7)","decl":{"start":{"line":57,"column":21},"end":{"line":57,"column":22}},"loc":{"start":{"line":57,"column":27},"end":{"line":79,"column":3}},"line":57},"8":{"name":"(anonymous_8)","decl":{"start":{"line":58,"column":68},"end":{"line":58,"column":69}},"loc":{"start":{"line":58,"column":74},"end":{"line":78,"column":5}},"line":58},"9":{"name":"(anonymous_9)","decl":{"start":{"line":59,"column":18},"end":{"line":59,"column":19}},"loc":{"start":{"line":59,"column":24},"end":{"line":65,"column":7}},"line":59},"10":{"name":"(anonymous_10)","decl":{"start":{"line":75,"column":14},"end":{"line":75,"column":15}},"loc":{"start":{"line":75,"column":20},"end":{"line":77,"column":9}},"line":75},"11":{"name":"(anonymous_11)","decl":{"start":{"line":81,"column":22},"end":{"line":81,"column":23}},"loc":{"start":{"line":81,"column":28},"end":{"line":93,"column":3}},"line":81},"12":{"name":"(anonymous_12)","decl":{"start":{"line":82,"column":69},"end":{"line":82,"column":70}},"loc":{"start":{"line":82,"column":75},"end":{"line":92,"column":5}},"line":82},"13":{"name":"(anonymous_13)","decl":{"start":{"line":95,"column":28},"end":{"line":95,"column":29}},"loc":{"start":{"line":95,"column":34},"end":{"line":117,"column":3}},"line":95},"14":{"name":"(anonymous_14)","decl":{"start":{"line":96,"column":83},"end":{"line":96,"column":84}},"loc":{"start":{"line":96,"column":89},"end":{"line":116,"column":5}},"line":96},"15":{"name":"(anonymous_15)","decl":{"start":{"line":97,"column":18},"end":{"line":97,"column":19}},"loc":{"start":{"line":97,"column":24},"end":{"line":103,"column":7}},"line":97},"16":{"name":"(anonymous_16)","decl":{"start":{"line":113,"column":14},"end":{"line":113,"column":15}},"loc":{"start":{"line":113,"column":20},"end":{"line":115,"column":9}},"line":113},"17":{"name":"(anonymous_17)","decl":{"start":{"line":118,"column":36},"end":{"line":118,"column":37}},"loc":{"start":{"line":118,"column":42},"end":{"line":134,"column":3}},"line":118},"18":{"name":"(anonymous_18)","decl":{"start":{"line":119,"column":92},"end":{"line":119,"column":93}},"loc":{"start":{"line":119,"column":98},"end":{"line":133,"column":5}},"line":119},"19":{"name":"(anonymous_19)","decl":{"start":{"line":120,"column":18},"end":{"line":120,"column":19}},"loc":{"start":{"line":120,"column":24},"end":{"line":126,"column":7}},"line":120},"20":{"name":"(anonymous_20)","decl":{"start":{"line":130,"column":14},"end":{"line":130,"column":15}},"loc":{"start":{"line":130,"column":23},"end":{"line":132,"column":9}},"line":130},"21":{"name":"(anonymous_21)","decl":{"start":{"line":136,"column":36},"end":{"line":136,"column":37}},"loc":{"start":{"line":136,"column":42},"end":{"line":152,"column":3}},"line":136},"22":{"name":"(anonymous_22)","decl":{"start":{"line":137,"column":87},"end":{"line":137,"column":88}},"loc":{"start":{"line":137,"column":93},"end":{"line":151,"column":5}},"line":137},"23":{"name":"(anonymous_23)","decl":{"start":{"line":138,"column":18},"end":{"line":138,"column":19}},"loc":{"start":{"line":138,"column":24},"end":{"line":144,"column":7}},"line":138},"24":{"name":"(anonymous_24)","decl":{"start":{"line":148,"column":14},"end":{"line":148,"column":15}},"loc":{"start":{"line":148,"column":23},"end":{"line":150,"column":9}},"line":148}},"branchMap":{},"s":{"0":1,"1":1,"2":1,"3":1,"4":6,"5":1,"6":6,"7":1,"8":1,"9":1,"10":1,"11":1,"12":1,"13":1,"14":1,"15":1,"16":1,"17":1,"18":1,"19":1,"20":1,"21":1,"22":1,"23":1,"24":1,"25":1,"26":1,"27":1,"28":1,"29":1,"30":1,"31":1,"32":1,"33":1,"34":1,"35":1,"36":1,"37":1,"38":1,"39":1,"40":1,"41":1,"42":1,"43":1,"44":1,"45":1,"46":1,"47":1,"48":1,"49":1,"50":1,"51":1,"52":1,"53":1,"54":1,"55":1},"f":{"0":1,"1":6,"2":6,"3":1,"4":1,"5":1,"6":1,"7":1,"8":1,"9":1,"10":1,"11":1,"12":1,"13":1,"14":1,"15":1,"16":1,"17":1,"18":1,"19":1,"20":1,"21":1,"22":1,"23":1,"24":1},"b":{},"_coverageSchema":"332fd63041d2c1bcb487cc26dd0d5f7d97098a6c","hash":"348f7879a9267c8e09db87c66b54a385347939d3"}
,"/Users/seunagbeye/andela-projects/More-Recipes/client/__tests__/actions/recipes.specs.js": {"path":"/Users/seunagbeye/andela-projects/More-Recipes/client/__tests__/actions/recipes.specs.js","statementMap":{"0":{"start":{"line":45,"column":4},"end":{"line":45,"column":15}},"1":{"start":{"line":47,"column":18},"end":{"line":47,"column":45}},"2":{"start":{"line":49,"column":0},"end":{"line":492,"column":3}},"3":{"start":{"line":50,"column":2},"end":{"line":50,"column":37}},"4":{"start":{"line":50,"column":19},"end":{"line":50,"column":35}},"5":{"start":{"line":51,"column":2},"end":{"line":51,"column":38}},"6":{"start":{"line":51,"column":18},"end":{"line":51,"column":36}},"7":{"start":{"line":54,"column":2},"end":{"line":76,"column":5}},"8":{"start":{"line":55,"column":4},"end":{"line":75,"column":7}},"9":{"start":{"line":56,"column":6},"end":{"line":62,"column":9}},"10":{"start":{"line":57,"column":24},"end":{"line":57,"column":52}},"11":{"start":{"line":58,"column":8},"end":{"line":61,"column":11}},"12":{"start":{"line":64,"column":29},"end":{"line":69,"column":7}},"13":{"start":{"line":70,"column":20},"end":{"line":70,"column":34}},"14":{"start":{"line":71,"column":6},"end":{"line":74,"column":11}},"15":{"start":{"line":73,"column":10},"end":{"line":73,"column":61}},"16":{"start":{"line":78,"column":2},"end":{"line":100,"column":5}},"17":{"start":{"line":79,"column":4},"end":{"line":99,"column":7}},"18":{"start":{"line":80,"column":6},"end":{"line":86,"column":9}},"19":{"start":{"line":81,"column":24},"end":{"line":81,"column":52}},"20":{"start":{"line":82,"column":8},"end":{"line":85,"column":11}},"21":{"start":{"line":88,"column":29},"end":{"line":93,"column":7}},"22":{"start":{"line":94,"column":20},"end":{"line":94,"column":34}},"23":{"start":{"line":95,"column":6},"end":{"line":98,"column":11}},"24":{"start":{"line":97,"column":10},"end":{"line":97,"column":61}},"25":{"start":{"line":102,"column":2},"end":{"line":124,"column":5}},"26":{"start":{"line":103,"column":4},"end":{"line":123,"column":7}},"27":{"start":{"line":104,"column":6},"end":{"line":110,"column":9}},"28":{"start":{"line":105,"column":24},"end":{"line":105,"column":52}},"29":{"start":{"line":106,"column":8},"end":{"line":109,"column":11}},"30":{"start":{"line":112,"column":29},"end":{"line":117,"column":7}},"31":{"start":{"line":118,"column":20},"end":{"line":118,"column":34}},"32":{"start":{"line":119,"column":6},"end":{"line":122,"column":11}},"33":{"start":{"line":121,"column":10},"end":{"line":121,"column":61}},"34":{"start":{"line":126,"column":2},"end":{"line":148,"column":5}},"35":{"start":{"line":127,"column":4},"end":{"line":147,"column":7}},"36":{"start":{"line":128,"column":6},"end":{"line":134,"column":9}},"37":{"start":{"line":129,"column":24},"end":{"line":129,"column":52}},"38":{"start":{"line":130,"column":8},"end":{"line":133,"column":11}},"39":{"start":{"line":136,"column":29},"end":{"line":141,"column":7}},"40":{"start":{"line":142,"column":20},"end":{"line":142,"column":34}},"41":{"start":{"line":143,"column":6},"end":{"line":146,"column":11}},"42":{"start":{"line":145,"column":10},"end":{"line":145,"column":61}},"43":{"start":{"line":150,"column":2},"end":{"line":179,"column":5}},"44":{"start":{"line":151,"column":4},"end":{"line":178,"column":7}},"45":{"start":{"line":152,"column":19},"end":{"line":155,"column":7}},"46":{"start":{"line":156,"column":6},"end":{"line":162,"column":9}},"47":{"start":{"line":157,"column":24},"end":{"line":157,"column":52}},"48":{"start":{"line":158,"column":8},"end":{"line":161,"column":11}},"49":{"start":{"line":164,"column":29},"end":{"line":170,"column":7}},"50":{"start":{"line":173,"column":20},"end":{"line":173,"column":34}},"51":{"start":{"line":174,"column":6},"end":{"line":177,"column":11}},"52":{"start":{"line":176,"column":10},"end":{"line":176,"column":61}},"53":{"start":{"line":181,"column":2},"end":{"line":210,"column":5}},"54":{"start":{"line":182,"column":4},"end":{"line":209,"column":7}},"55":{"start":{"line":183,"column":19},"end":{"line":186,"column":7}},"56":{"start":{"line":187,"column":6},"end":{"line":193,"column":9}},"57":{"start":{"line":188,"column":24},"end":{"line":188,"column":52}},"58":{"start":{"line":189,"column":8},"end":{"line":192,"column":11}},"59":{"start":{"line":195,"column":29},"end":{"line":201,"column":7}},"60":{"start":{"line":204,"column":20},"end":{"line":204,"column":34}},"61":{"start":{"line":205,"column":6},"end":{"line":208,"column":11}},"62":{"start":{"line":207,"column":10},"end":{"line":207,"column":61}},"63":{"start":{"line":212,"column":2},"end":{"line":238,"column":5}},"64":{"start":{"line":213,"column":4},"end":{"line":237,"column":7}},"65":{"start":{"line":214,"column":19},"end":{"line":216,"column":7}},"66":{"start":{"line":217,"column":6},"end":{"line":223,"column":9}},"67":{"start":{"line":218,"column":24},"end":{"line":218,"column":52}},"68":{"start":{"line":219,"column":8},"end":{"line":222,"column":11}},"69":{"start":{"line":225,"column":29},"end":{"line":230,"column":7}},"70":{"start":{"line":232,"column":20},"end":{"line":232,"column":34}},"71":{"start":{"line":233,"column":6},"end":{"line":236,"column":11}},"72":{"start":{"line":235,"column":10},"end":{"line":235,"column":61}},"73":{"start":{"line":240,"column":2},"end":{"line":266,"column":5}},"74":{"start":{"line":241,"column":4},"end":{"line":265,"column":7}},"75":{"start":{"line":242,"column":19},"end":{"line":244,"column":7}},"76":{"start":{"line":245,"column":6},"end":{"line":251,"column":9}},"77":{"start":{"line":246,"column":24},"end":{"line":246,"column":52}},"78":{"start":{"line":247,"column":8},"end":{"line":250,"column":11}},"79":{"start":{"line":253,"column":29},"end":{"line":258,"column":7}},"80":{"start":{"line":260,"column":20},"end":{"line":260,"column":34}},"81":{"start":{"line":261,"column":6},"end":{"line":264,"column":11}},"82":{"start":{"line":263,"column":10},"end":{"line":263,"column":61}},"83":{"start":{"line":268,"column":2},"end":{"line":294,"column":5}},"84":{"start":{"line":269,"column":4},"end":{"line":293,"column":7}},"85":{"start":{"line":270,"column":19},"end":{"line":272,"column":7}},"86":{"start":{"line":273,"column":6},"end":{"line":279,"column":9}},"87":{"start":{"line":274,"column":24},"end":{"line":274,"column":52}},"88":{"start":{"line":275,"column":8},"end":{"line":278,"column":11}},"89":{"start":{"line":281,"column":29},"end":{"line":286,"column":7}},"90":{"start":{"line":288,"column":20},"end":{"line":288,"column":34}},"91":{"start":{"line":289,"column":6},"end":{"line":292,"column":11}},"92":{"start":{"line":291,"column":10},"end":{"line":291,"column":61}},"93":{"start":{"line":296,"column":2},"end":{"line":322,"column":5}},"94":{"start":{"line":297,"column":4},"end":{"line":321,"column":7}},"95":{"start":{"line":298,"column":19},"end":{"line":300,"column":7}},"96":{"start":{"line":301,"column":6},"end":{"line":307,"column":9}},"97":{"start":{"line":302,"column":24},"end":{"line":302,"column":52}},"98":{"start":{"line":303,"column":8},"end":{"line":306,"column":11}},"99":{"start":{"line":309,"column":29},"end":{"line":314,"column":7}},"100":{"start":{"line":316,"column":20},"end":{"line":316,"column":34}},"101":{"start":{"line":317,"column":6},"end":{"line":320,"column":11}},"102":{"start":{"line":319,"column":10},"end":{"line":319,"column":61}},"103":{"start":{"line":324,"column":2},"end":{"line":352,"column":5}},"104":{"start":{"line":325,"column":4},"end":{"line":351,"column":7}},"105":{"start":{"line":326,"column":19},"end":{"line":329,"column":7}},"106":{"start":{"line":330,"column":6},"end":{"line":336,"column":9}},"107":{"start":{"line":331,"column":24},"end":{"line":331,"column":52}},"108":{"start":{"line":332,"column":8},"end":{"line":335,"column":11}},"109":{"start":{"line":338,"column":29},"end":{"line":344,"column":7}},"110":{"start":{"line":346,"column":20},"end":{"line":346,"column":34}},"111":{"start":{"line":347,"column":6},"end":{"line":350,"column":11}},"112":{"start":{"line":349,"column":10},"end":{"line":349,"column":61}},"113":{"start":{"line":354,"column":2},"end":{"line":381,"column":5}},"114":{"start":{"line":355,"column":4},"end":{"line":380,"column":7}},"115":{"start":{"line":356,"column":19},"end":{"line":359,"column":7}},"116":{"start":{"line":360,"column":6},"end":{"line":366,"column":9}},"117":{"start":{"line":361,"column":24},"end":{"line":361,"column":52}},"118":{"start":{"line":362,"column":8},"end":{"line":365,"column":11}},"119":{"start":{"line":368,"column":29},"end":{"line":373,"column":7}},"120":{"start":{"line":375,"column":20},"end":{"line":375,"column":34}},"121":{"start":{"line":376,"column":6},"end":{"line":379,"column":11}},"122":{"start":{"line":378,"column":10},"end":{"line":378,"column":61}},"123":{"start":{"line":383,"column":2},"end":{"line":407,"column":5}},"124":{"start":{"line":384,"column":4},"end":{"line":406,"column":7}},"125":{"start":{"line":385,"column":23},"end":{"line":385,"column":37}},"126":{"start":{"line":386,"column":6},"end":{"line":392,"column":9}},"127":{"start":{"line":387,"column":24},"end":{"line":387,"column":52}},"128":{"start":{"line":388,"column":8},"end":{"line":391,"column":11}},"129":{"start":{"line":394,"column":29},"end":{"line":399,"column":7}},"130":{"start":{"line":401,"column":20},"end":{"line":401,"column":34}},"131":{"start":{"line":402,"column":6},"end":{"line":405,"column":11}},"132":{"start":{"line":404,"column":10},"end":{"line":404,"column":61}},"133":{"start":{"line":409,"column":2},"end":{"line":433,"column":5}},"134":{"start":{"line":410,"column":4},"end":{"line":432,"column":7}},"135":{"start":{"line":411,"column":23},"end":{"line":411,"column":37}},"136":{"start":{"line":412,"column":6},"end":{"line":418,"column":9}},"137":{"start":{"line":413,"column":24},"end":{"line":413,"column":52}},"138":{"start":{"line":414,"column":8},"end":{"line":417,"column":11}},"139":{"start":{"line":420,"column":29},"end":{"line":425,"column":7}},"140":{"start":{"line":427,"column":20},"end":{"line":427,"column":34}},"141":{"start":{"line":428,"column":6},"end":{"line":431,"column":11}},"142":{"start":{"line":430,"column":10},"end":{"line":430,"column":61}},"143":{"start":{"line":435,"column":2},"end":{"line":461,"column":5}},"144":{"start":{"line":436,"column":4},"end":{"line":460,"column":7}},"145":{"start":{"line":437,"column":19},"end":{"line":439,"column":7}},"146":{"start":{"line":440,"column":6},"end":{"line":446,"column":9}},"147":{"start":{"line":441,"column":24},"end":{"line":441,"column":52}},"148":{"start":{"line":442,"column":8},"end":{"line":445,"column":11}},"149":{"start":{"line":448,"column":29},"end":{"line":453,"column":7}},"150":{"start":{"line":455,"column":20},"end":{"line":455,"column":34}},"151":{"start":{"line":456,"column":6},"end":{"line":459,"column":11}},"152":{"start":{"line":458,"column":10},"end":{"line":458,"column":61}},"153":{"start":{"line":463,"column":2},"end":{"line":491,"column":5}},"154":{"start":{"line":464,"column":4},"end":{"line":490,"column":7}},"155":{"start":{"line":465,"column":19},"end":{"line":468,"column":7}},"156":{"start":{"line":469,"column":6},"end":{"line":475,"column":9}},"157":{"start":{"line":470,"column":24},"end":{"line":470,"column":52}},"158":{"start":{"line":471,"column":8},"end":{"line":474,"column":11}},"159":{"start":{"line":477,"column":29},"end":{"line":483,"column":7}},"160":{"start":{"line":485,"column":20},"end":{"line":485,"column":34}},"161":{"start":{"line":486,"column":6},"end":{"line":489,"column":11}},"162":{"start":{"line":488,"column":10},"end":{"line":488,"column":61}}},"fnMap":{"0":{"name":"(anonymous_0)","decl":{"start":{"line":49,"column":20},"end":{"line":49,"column":21}},"loc":{"start":{"line":49,"column":26},"end":{"line":492,"column":1}},"line":49},"1":{"name":"(anonymous_1)","decl":{"start":{"line":50,"column":13},"end":{"line":50,"column":14}},"loc":{"start":{"line":50,"column":19},"end":{"line":50,"column":35}},"line":50},"2":{"name":"(anonymous_2)","decl":{"start":{"line":51,"column":12},"end":{"line":51,"column":13}},"loc":{"start":{"line":51,"column":18},"end":{"line":51,"column":36}},"line":51},"3":{"name":"(anonymous_3)","decl":{"start":{"line":54,"column":28},"end":{"line":54,"column":29}},"loc":{"start":{"line":54,"column":34},"end":{"line":76,"column":3}},"line":54},"4":{"name":"(anonymous_4)","decl":{"start":{"line":55,"column":78},"end":{"line":55,"column":79}},"loc":{"start":{"line":55,"column":84},"end":{"line":75,"column":5}},"line":55},"5":{"name":"(anonymous_5)","decl":{"start":{"line":56,"column":18},"end":{"line":56,"column":19}},"loc":{"start":{"line":56,"column":24},"end":{"line":62,"column":7}},"line":56},"6":{"name":"(anonymous_6)","decl":{"start":{"line":72,"column":14},"end":{"line":72,"column":15}},"loc":{"start":{"line":72,"column":20},"end":{"line":74,"column":9}},"line":72},"7":{"name":"(anonymous_7)","decl":{"start":{"line":78,"column":26},"end":{"line":78,"column":27}},"loc":{"start":{"line":78,"column":32},"end":{"line":100,"column":3}},"line":78},"8":{"name":"(anonymous_8)","decl":{"start":{"line":79,"column":78},"end":{"line":79,"column":79}},"loc":{"start":{"line":79,"column":84},"end":{"line":99,"column":5}},"line":79},"9":{"name":"(anonymous_9)","decl":{"start":{"line":80,"column":18},"end":{"line":80,"column":19}},"loc":{"start":{"line":80,"column":24},"end":{"line":86,"column":7}},"line":80},"10":{"name":"(anonymous_10)","decl":{"start":{"line":96,"column":14},"end":{"line":96,"column":15}},"loc":{"start":{"line":96,"column":20},"end":{"line":98,"column":9}},"line":96},"11":{"name":"(anonymous_11)","decl":{"start":{"line":102,"column":25},"end":{"line":102,"column":26}},"loc":{"start":{"line":102,"column":31},"end":{"line":124,"column":3}},"line":102},"12":{"name":"(anonymous_12)","decl":{"start":{"line":103,"column":80},"end":{"line":103,"column":81}},"loc":{"start":{"line":103,"column":86},"end":{"line":123,"column":5}},"line":103},"13":{"name":"(anonymous_13)","decl":{"start":{"line":104,"column":18},"end":{"line":104,"column":19}},"loc":{"start":{"line":104,"column":24},"end":{"line":110,"column":7}},"line":104},"14":{"name":"(anonymous_14)","decl":{"start":{"line":120,"column":14},"end":{"line":120,"column":15}},"loc":{"start":{"line":120,"column":20},"end":{"line":122,"column":9}},"line":120},"15":{"name":"(anonymous_15)","decl":{"start":{"line":126,"column":28},"end":{"line":126,"column":29}},"loc":{"start":{"line":126,"column":34},"end":{"line":148,"column":3}},"line":126},"16":{"name":"(anonymous_16)","decl":{"start":{"line":127,"column":81},"end":{"line":127,"column":82}},"loc":{"start":{"line":127,"column":87},"end":{"line":147,"column":5}},"line":127},"17":{"name":"(anonymous_17)","decl":{"start":{"line":128,"column":18},"end":{"line":128,"column":19}},"loc":{"start":{"line":128,"column":24},"end":{"line":134,"column":7}},"line":128},"18":{"name":"(anonymous_18)","decl":{"start":{"line":144,"column":14},"end":{"line":144,"column":15}},"loc":{"start":{"line":144,"column":20},"end":{"line":146,"column":9}},"line":144},"19":{"name":"(anonymous_19)","decl":{"start":{"line":150,"column":25},"end":{"line":150,"column":26}},"loc":{"start":{"line":150,"column":31},"end":{"line":179,"column":3}},"line":150},"20":{"name":"(anonymous_20)","decl":{"start":{"line":151,"column":84},"end":{"line":151,"column":85}},"loc":{"start":{"line":151,"column":90},"end":{"line":178,"column":5}},"line":151},"21":{"name":"(anonymous_21)","decl":{"start":{"line":156,"column":18},"end":{"line":156,"column":19}},"loc":{"start":{"line":156,"column":24},"end":{"line":162,"column":7}},"line":156},"22":{"name":"(anonymous_22)","decl":{"start":{"line":175,"column":14},"end":{"line":175,"column":15}},"loc":{"start":{"line":175,"column":20},"end":{"line":177,"column":9}},"line":175},"23":{"name":"(anonymous_23)","decl":{"start":{"line":181,"column":26},"end":{"line":181,"column":27}},"loc":{"start":{"line":181,"column":32},"end":{"line":210,"column":3}},"line":181},"24":{"name":"(anonymous_24)","decl":{"start":{"line":182,"column":90},"end":{"line":182,"column":91}},"loc":{"start":{"line":182,"column":96},"end":{"line":209,"column":5}},"line":182},"25":{"name":"(anonymous_25)","decl":{"start":{"line":187,"column":18},"end":{"line":187,"column":19}},"loc":{"start":{"line":187,"column":24},"end":{"line":193,"column":7}},"line":187},"26":{"name":"(anonymous_26)","decl":{"start":{"line":206,"column":14},"end":{"line":206,"column":15}},"loc":{"start":{"line":206,"column":20},"end":{"line":208,"column":9}},"line":206},"27":{"name":"(anonymous_27)","decl":{"start":{"line":212,"column":40},"end":{"line":212,"column":41}},"loc":{"start":{"line":212,"column":46},"end":{"line":238,"column":3}},"line":212},"28":{"name":"(anonymous_28)","decl":{"start":{"line":213,"column":122},"end":{"line":213,"column":123}},"loc":{"start":{"line":213,"column":128},"end":{"line":237,"column":5}},"line":213},"29":{"name":"(anonymous_29)","decl":{"start":{"line":217,"column":18},"end":{"line":217,"column":19}},"loc":{"start":{"line":217,"column":24},"end":{"line":223,"column":7}},"line":217},"30":{"name":"(anonymous_30)","decl":{"start":{"line":234,"column":14},"end":{"line":234,"column":15}},"loc":{"start":{"line":234,"column":20},"end":{"line":236,"column":9}},"line":234},"31":{"name":"(anonymous_31)","decl":{"start":{"line":240,"column":29},"end":{"line":240,"column":30}},"loc":{"start":{"line":240,"column":35},"end":{"line":266,"column":3}},"line":240},"32":{"name":"(anonymous_32)","decl":{"start":{"line":241,"column":84},"end":{"line":241,"column":85}},"loc":{"start":{"line":241,"column":90},"end":{"line":265,"column":5}},"line":241},"33":{"name":"(anonymous_33)","decl":{"start":{"line":245,"column":18},"end":{"line":245,"column":19}},"loc":{"start":{"line":245,"column":24},"end":{"line":251,"column":7}},"line":245},"34":{"name":"(anonymous_34)","decl":{"start":{"line":262,"column":14},"end":{"line":262,"column":15}},"loc":{"start":{"line":262,"column":20},"end":{"line":264,"column":9}},"line":262},"35":{"name":"(anonymous_35)","decl":{"start":{"line":268,"column":28},"end":{"line":268,"column":29}},"loc":{"start":{"line":268,"column":34},"end":{"line":294,"column":3}},"line":268},"36":{"name":"(anonymous_36)","decl":{"start":{"line":269,"column":83},"end":{"line":269,"column":84}},"loc":{"start":{"line":269,"column":89},"end":{"line":293,"column":5}},"line":269},"37":{"name":"(anonymous_37)","decl":{"start":{"line":273,"column":18},"end":{"line":273,"column":19}},"loc":{"start":{"line":273,"column":24},"end":{"line":279,"column":7}},"line":273},"38":{"name":"(anonymous_38)","decl":{"start":{"line":290,"column":14},"end":{"line":290,"column":15}},"loc":{"start":{"line":290,"column":20},"end":{"line":292,"column":9}},"line":290},"39":{"name":"(anonymous_39)","decl":{"start":{"line":296,"column":34},"end":{"line":296,"column":35}},"loc":{"start":{"line":296,"column":40},"end":{"line":322,"column":3}},"line":296},"40":{"name":"(anonymous_40)","decl":{"start":{"line":297,"column":96},"end":{"line":297,"column":97}},"loc":{"start":{"line":297,"column":102},"end":{"line":321,"column":5}},"line":297},"41":{"name":"(anonymous_41)","decl":{"start":{"line":301,"column":18},"end":{"line":301,"column":19}},"loc":{"start":{"line":301,"column":24},"end":{"line":307,"column":7}},"line":301},"42":{"name":"(anonymous_42)","decl":{"start":{"line":318,"column":14},"end":{"line":318,"column":15}},"loc":{"start":{"line":318,"column":20},"end":{"line":320,"column":9}},"line":318},"43":{"name":"(anonymous_43)","decl":{"start":{"line":324,"column":29},"end":{"line":324,"column":30}},"loc":{"start":{"line":324,"column":35},"end":{"line":352,"column":3}},"line":324},"44":{"name":"(anonymous_44)","decl":{"start":{"line":325,"column":75},"end":{"line":325,"column":76}},"loc":{"start":{"line":325,"column":81},"end":{"line":351,"column":5}},"line":325},"45":{"name":"(anonymous_45)","decl":{"start":{"line":330,"column":18},"end":{"line":330,"column":19}},"loc":{"start":{"line":330,"column":24},"end":{"line":336,"column":7}},"line":330},"46":{"name":"(anonymous_46)","decl":{"start":{"line":348,"column":14},"end":{"line":348,"column":15}},"loc":{"start":{"line":348,"column":20},"end":{"line":350,"column":9}},"line":348},"47":{"name":"(anonymous_47)","decl":{"start":{"line":354,"column":32},"end":{"line":354,"column":33}},"loc":{"start":{"line":354,"column":38},"end":{"line":381,"column":3}},"line":354},"48":{"name":"(anonymous_48)","decl":{"start":{"line":355,"column":96},"end":{"line":355,"column":97}},"loc":{"start":{"line":355,"column":102},"end":{"line":380,"column":5}},"line":355},"49":{"name":"(anonymous_49)","decl":{"start":{"line":360,"column":18},"end":{"line":360,"column":19}},"loc":{"start":{"line":360,"column":24},"end":{"line":366,"column":7}},"line":360},"50":{"name":"(anonymous_50)","decl":{"start":{"line":377,"column":14},"end":{"line":377,"column":15}},"loc":{"start":{"line":377,"column":20},"end":{"line":379,"column":9}},"line":377},"51":{"name":"(anonymous_51)","decl":{"start":{"line":383,"column":40},"end":{"line":383,"column":41}},"loc":{"start":{"line":383,"column":46},"end":{"line":407,"column":3}},"line":383},"52":{"name":"(anonymous_52)","decl":{"start":{"line":384,"column":111},"end":{"line":384,"column":112}},"loc":{"start":{"line":384,"column":117},"end":{"line":406,"column":5}},"line":384},"53":{"name":"(anonymous_53)","decl":{"start":{"line":386,"column":18},"end":{"line":386,"column":19}},"loc":{"start":{"line":386,"column":24},"end":{"line":392,"column":7}},"line":386},"54":{"name":"(anonymous_54)","decl":{"start":{"line":403,"column":14},"end":{"line":403,"column":15}},"loc":{"start":{"line":403,"column":20},"end":{"line":405,"column":9}},"line":403},"55":{"name":"(anonymous_55)","decl":{"start":{"line":409,"column":38},"end":{"line":409,"column":39}},"loc":{"start":{"line":409,"column":44},"end":{"line":433,"column":3}},"line":409},"56":{"name":"(anonymous_56)","decl":{"start":{"line":410,"column":106},"end":{"line":410,"column":107}},"loc":{"start":{"line":410,"column":112},"end":{"line":432,"column":5}},"line":410},"57":{"name":"(anonymous_57)","decl":{"start":{"line":412,"column":18},"end":{"line":412,"column":19}},"loc":{"start":{"line":412,"column":24},"end":{"line":418,"column":7}},"line":412},"58":{"name":"(anonymous_58)","decl":{"start":{"line":429,"column":14},"end":{"line":429,"column":15}},"loc":{"start":{"line":429,"column":20},"end":{"line":431,"column":9}},"line":429},"59":{"name":"(anonymous_59)","decl":{"start":{"line":435,"column":43},"end":{"line":435,"column":44}},"loc":{"start":{"line":435,"column":49},"end":{"line":461,"column":3}},"line":435},"60":{"name":"(anonymous_60)","decl":{"start":{"line":436,"column":120},"end":{"line":436,"column":121}},"loc":{"start":{"line":436,"column":126},"end":{"line":460,"column":5}},"line":436},"61":{"name":"(anonymous_61)","decl":{"start":{"line":440,"column":18},"end":{"line":440,"column":19}},"loc":{"start":{"line":440,"column":24},"end":{"line":446,"column":7}},"line":440},"62":{"name":"(anonymous_62)","decl":{"start":{"line":457,"column":14},"end":{"line":457,"column":15}},"loc":{"start":{"line":457,"column":20},"end":{"line":459,"column":9}},"line":457},"63":{"name":"(anonymous_63)","decl":{"start":{"line":463,"column":38},"end":{"line":463,"column":39}},"loc":{"start":{"line":463,"column":44},"end":{"line":491,"column":3}},"line":463},"64":{"name":"(anonymous_64)","decl":{"start":{"line":464,"column":107},"end":{"line":464,"column":108}},"loc":{"start":{"line":464,"column":113},"end":{"line":490,"column":5}},"line":464},"65":{"name":"(anonymous_65)","decl":{"start":{"line":469,"column":18},"end":{"line":469,"column":19}},"loc":{"start":{"line":469,"column":24},"end":{"line":475,"column":7}},"line":469},"66":{"name":"(anonymous_66)","decl":{"start":{"line":487,"column":14},"end":{"line":487,"column":15}},"loc":{"start":{"line":487,"column":20},"end":{"line":489,"column":9}},"line":487}},"branchMap":{},"s":{"0":1,"1":1,"2":1,"3":1,"4":16,"5":1,"6":16,"7":1,"8":1,"9":1,"10":1,"11":1,"12":1,"13":1,"14":1,"15":1,"16":1,"17":1,"18":1,"19":1,"20":1,"21":1,"22":1,"23":1,"24":1,"25":1,"26":1,"27":1,"28":1,"29":1,"30":1,"31":1,"32":1,"33":1,"34":1,"35":1,"36":1,"37":1,"38":1,"39":1,"40":1,"41":1,"42":1,"43":1,"44":1,"45":1,"46":1,"47":1,"48":1,"49":1,"50":1,"51":1,"52":1,"53":1,"54":1,"55":1,"56":1,"57":1,"58":1,"59":1,"60":1,"61":1,"62":1,"63":1,"64":1,"65":1,"66":1,"67":1,"68":1,"69":1,"70":1,"71":1,"72":1,"73":1,"74":1,"75":1,"76":1,"77":1,"78":1,"79":1,"80":1,"81":1,"82":1,"83":1,"84":1,"85":1,"86":1,"87":1,"88":1,"89":1,"90":1,"91":1,"92":1,"93":1,"94":1,"95":1,"96":1,"97":1,"98":1,"99":1,"100":1,"101":1,"102":1,"103":1,"104":1,"105":1,"106":1,"107":1,"108":1,"109":1,"110":1,"111":1,"112":1,"113":1,"114":1,"115":1,"116":1,"117":1,"118":1,"119":1,"120":1,"121":1,"122":1,"123":1,"124":1,"125":1,"126":1,"127":1,"128":1,"129":1,"130":1,"131":1,"132":1,"133":1,"134":1,"135":1,"136":1,"137":1,"138":1,"139":1,"140":1,"141":1,"142":1,"143":1,"144":1,"145":1,"146":1,"147":1,"148":1,"149":1,"150":1,"151":1,"152":1,"153":1,"154":1,"155":1,"156":1,"157":1,"158":1,"159":1,"160":1,"161":1,"162":1},"f":{"0":1,"1":16,"2":16,"3":1,"4":1,"5":1,"6":1,"7":1,"8":1,"9":1,"10":1,"11":1,"12":1,"13":1,"14":1,"15":1,"16":1,"17":1,"18":1,"19":1,"20":1,"21":1,"22":1,"23":1,"24":1,"25":1,"26":1,"27":1,"28":1,"29":1,"30":1,"31":1,"32":1,"33":1,"34":1,"35":1,"36":1,"37":1,"38":1,"39":1,"40":1,"41":1,"42":1,"43":1,"44":1,"45":1,"46":1,"47":1,"48":1,"49":1,"50":1,"51":1,"52":1,"53":1,"54":1,"55":1,"56":1,"57":1,"58":1,"59":1,"60":1,"61":1,"62":1,"63":1,"64":1,"65":1,"66":1},"b":{},"_coverageSchema":"332fd63041d2c1bcb487cc26dd0d5f7d97098a6c","hash":"5f4537bfac0d9ae43586fb826d6bcdb5a3f28e2c"}
,"/Users/seunagbeye/andela-projects/More-Recipes/client/__tests__/components/AllRecipes.specs.jsx": {"path":"/Users/seunagbeye/andela-projects/More-Recipes/client/__tests__/components/AllRecipes.specs.jsx","statementMap":{"0":{"start":{"line":6,"column":14},"end":{"line":27,"column":1}},"1":{"start":{"line":29,"column":15},"end":{"line":32,"column":1}},"2":{"start":{"line":35,"column":14},"end":{"line":52,"column":1}},"3":{"start":{"line":38,"column":19},"end":{"line":40,"column":4}},"4":{"start":{"line":39,"column":4},"end":{"line":39,"column":58}},"5":{"start":{"line":54,"column":14},"end":{"line":62,"column":1}},"6":{"start":{"line":64,"column":0},"end":{"line":85,"column":3}},"7":{"start":{"line":65,"column":18},"end":{"line":67,"column":3}},"8":{"start":{"line":68,"column":2},"end":{"line":73,"column":5}},"9":{"start":{"line":69,"column":4},"end":{"line":69,"column":34}},"10":{"start":{"line":70,"column":4},"end":{"line":70,"column":50}},"11":{"start":{"line":71,"column":4},"end":{"line":71,"column":37}},"12":{"start":{"line":72,"column":4},"end":{"line":72,"column":11}},"13":{"start":{"line":74,"column":2},"end":{"line":79,"column":5}},"14":{"start":{"line":75,"column":24},"end":{"line":75,"column":66}},"15":{"start":{"line":76,"column":4},"end":{"line":76,"column":40}},"16":{"start":{"line":77,"column":4},"end":{"line":77,"column":48}},"17":{"start":{"line":78,"column":4},"end":{"line":78,"column":11}},"18":{"start":{"line":81,"column":2},"end":{"line":84,"column":5}},"19":{"start":{"line":82,"column":4},"end":{"line":82,"column":26}},"20":{"start":{"line":83,"column":4},"end":{"line":83,"column":11}}},"fnMap":{"0":{"name":"(anonymous_0)","decl":{"start":{"line":38,"column":14},"end":{"line":38,"column":15}},"loc":{"start":{"line":38,"column":19},"end":{"line":40,"column":4}},"line":38},"1":{"name":"(anonymous_1)","decl":{"start":{"line":38,"column":31},"end":{"line":38,"column":32}},"loc":{"start":{"line":38,"column":52},"end":{"line":40,"column":3}},"line":38},"2":{"name":"(anonymous_2)","decl":{"start":{"line":45,"column":11},"end":{"line":45,"column":12}},"loc":{"start":{"line":45,"column":17},"end":{"line":45,"column":19}},"line":45},"3":{"name":"(anonymous_3)","decl":{"start":{"line":64,"column":25},"end":{"line":64,"column":26}},"loc":{"start":{"line":64,"column":31},"end":{"line":85,"column":1}},"line":64},"4":{"name":"(anonymous_4)","decl":{"start":{"line":68,"column":35},"end":{"line":68,"column":36}},"loc":{"start":{"line":68,"column":45},"end":{"line":73,"column":3}},"line":68},"5":{"name":"(anonymous_5)","decl":{"start":{"line":74,"column":30},"end":{"line":74,"column":31}},"loc":{"start":{"line":74,"column":40},"end":{"line":79,"column":3}},"line":74},"6":{"name":"(anonymous_6)","decl":{"start":{"line":81,"column":43},"end":{"line":81,"column":44}},"loc":{"start":{"line":81,"column":53},"end":{"line":84,"column":3}},"line":81}},"branchMap":{"0":{"loc":{"start":{"line":39,"column":4},"end":{"line":39,"column":57}},"type":"cond-expr","locations":[{"start":{"line":39,"column":13},"end":{"line":39,"column":28}},{"start":{"line":39,"column":31},"end":{"line":39,"column":57}}],"line":39}},"s":{"0":1,"1":1,"2":1,"3":1,"4":1,"5":1,"6":1,"7":1,"8":1,"9":1,"10":1,"11":1,"12":1,"13":1,"14":1,"15":1,"16":1,"17":1,"18":1,"19":1,"20":1},"f":{"0":1,"1":1,"2":0,"3":1,"4":1,"5":1,"6":1},"b":{"0":[1,0]},"_coverageSchema":"332fd63041d2c1bcb487cc26dd0d5f7d97098a6c","hash":"6907b53efc9e942d782e3763747809096c57a4bf"}
,"/Users/seunagbeye/andela-projects/More-Recipes/client/__tests__/components/CategoryButton.specs.jsx": {"path":"/Users/seunagbeye/andela-projects/More-Recipes/client/__tests__/components/CategoryButton.specs.jsx","statementMap":{"0":{"start":{"line":6,"column":14},"end":{"line":13,"column":1}},"1":{"start":{"line":15,"column":15},"end":{"line":18,"column":1}},"2":{"start":{"line":20,"column":14},"end":{"line":22,"column":1}},"3":{"start":{"line":24,"column":0},"end":{"line":39,"column":3}},"4":{"start":{"line":25,"column":18},"end":{"line":27,"column":3}},"5":{"start":{"line":28,"column":2},"end":{"line":33,"column":5}},"6":{"start":{"line":29,"column":4},"end":{"line":29,"column":34}},"7":{"start":{"line":30,"column":4},"end":{"line":30,"column":50}},"8":{"start":{"line":31,"column":4},"end":{"line":31,"column":37}},"9":{"start":{"line":32,"column":4},"end":{"line":32,"column":11}},"10":{"start":{"line":35,"column":2},"end":{"line":38,"column":5}},"11":{"start":{"line":36,"column":4},"end":{"line":36,"column":26}},"12":{"start":{"line":37,"column":4},"end":{"line":37,"column":11}}},"fnMap":{"0":{"name":"(anonymous_0)","decl":{"start":{"line":24,"column":29},"end":{"line":24,"column":30}},"loc":{"start":{"line":24,"column":35},"end":{"line":39,"column":1}},"line":24},"1":{"name":"(anonymous_1)","decl":{"start":{"line":28,"column":35},"end":{"line":28,"column":36}},"loc":{"start":{"line":28,"column":45},"end":{"line":33,"column":3}},"line":28},"2":{"name":"(anonymous_2)","decl":{"start":{"line":35,"column":43},"end":{"line":35,"column":44}},"loc":{"start":{"line":35,"column":53},"end":{"line":38,"column":3}},"line":35}},"branchMap":{},"s":{"0":1,"1":1,"2":1,"3":1,"4":1,"5":1,"6":1,"7":1,"8":1,"9":1,"10":1,"11":1,"12":1},"f":{"0":1,"1":1,"2":1},"b":{},"_coverageSchema":"332fd63041d2c1bcb487cc26dd0d5f7d97098a6c","hash":"f9509e34a8a569f157b736696f574d463bc4420d"}
,"/Users/seunagbeye/andela-projects/More-Recipes/client/__tests__/components/DeleteModal.specs.jsx": {"path":"/Users/seunagbeye/andela-projects/More-Recipes/client/__tests__/components/DeleteModal.specs.jsx","statementMap":{"0":{"start":{"line":6,"column":14},"end":{"line":9,"column":1}},"1":{"start":{"line":11,"column":14},"end":{"line":19,"column":1}},"2":{"start":{"line":21,"column":0},"end":{"line":32,"column":3}},"3":{"start":{"line":22,"column":18},"end":{"line":24,"column":3}},"4":{"start":{"line":25,"column":2},"end":{"line":30,"column":5}},"5":{"start":{"line":26,"column":4},"end":{"line":26,"column":34}},"6":{"start":{"line":27,"column":4},"end":{"line":27,"column":50}},"7":{"start":{"line":28,"column":4},"end":{"line":28,"column":37}},"8":{"start":{"line":29,"column":4},"end":{"line":29,"column":10}}},"fnMap":{"0":{"name":"(anonymous_0)","decl":{"start":{"line":21,"column":29},"end":{"line":21,"column":30}},"loc":{"start":{"line":21,"column":35},"end":{"line":32,"column":1}},"line":21},"1":{"name":"(anonymous_1)","decl":{"start":{"line":25,"column":35},"end":{"line":25,"column":36}},"loc":{"start":{"line":25,"column":45},"end":{"line":30,"column":3}},"line":25}},"branchMap":{},"s":{"0":1,"1":1,"2":1,"3":1,"4":1,"5":1,"6":1,"7":1,"8":1},"f":{"0":1,"1":1},"b":{},"_coverageSchema":"332fd63041d2c1bcb487cc26dd0d5f7d97098a6c","hash":"3ad46801eb18b8f05c926a824bcdc62506612f6a"}
,"/Users/seunagbeye/andela-projects/More-Recipes/client/__tests__/components/EditModal.specs.jsx": {"path":"/Users/seunagbeye/andela-projects/More-Recipes/client/__tests__/components/EditModal.specs.jsx","statementMap":{"0":{"start":{"line":7,"column":14},"end":{"line":17,"column":1}},"1":{"start":{"line":19,"column":22},"end":{"line":27,"column":1}},"2":{"start":{"line":20,"column":4},"end":{"line":26,"column":5}},"3":{"start":{"line":29,"column":0},"end":{"line":81,"column":3}},"4":{"start":{"line":30,"column":18},"end":{"line":30,"column":51}},"5":{"start":{"line":31,"column":2},"end":{"line":37,"column":5}},"6":{"start":{"line":32,"column":4},"end":{"line":32,"column":34}},"7":{"start":{"line":33,"column":4},"end":{"line":33,"column":50}},"8":{"start":{"line":34,"column":4},"end":{"line":34,"column":51}},"9":{"start":{"line":35,"column":4},"end":{"line":35,"column":37}},"10":{"start":{"line":36,"column":4},"end":{"line":36,"column":11}},"11":{"start":{"line":39,"column":2},"end":{"line":45,"column":5}},"12":{"start":{"line":40,"column":18},"end":{"line":40,"column":33}},"13":{"start":{"line":41,"column":25},"end":{"line":41,"column":68}},"14":{"start":{"line":42,"column":4},"end":{"line":42,"column":39}},"15":{"start":{"line":43,"column":4},"end":{"line":43,"column":49}},"16":{"start":{"line":44,"column":4},"end":{"line":44,"column":11}},"17":{"start":{"line":47,"column":2},"end":{"line":53,"column":5}},"18":{"start":{"line":48,"column":18},"end":{"line":48,"column":33}},"19":{"start":{"line":49,"column":31},"end":{"line":49,"column":80}},"20":{"start":{"line":50,"column":4},"end":{"line":50,"column":45}},"21":{"start":{"line":51,"column":4},"end":{"line":51,"column":55}},"22":{"start":{"line":52,"column":4},"end":{"line":52,"column":11}},"23":{"start":{"line":55,"column":2},"end":{"line":61,"column":5}},"24":{"start":{"line":56,"column":18},"end":{"line":56,"column":33}},"25":{"start":{"line":57,"column":24},"end":{"line":57,"column":66}},"26":{"start":{"line":58,"column":4},"end":{"line":58,"column":38}},"27":{"start":{"line":59,"column":4},"end":{"line":59,"column":48}},"28":{"start":{"line":60,"column":4},"end":{"line":60,"column":11}},"29":{"start":{"line":63,"column":2},"end":{"line":69,"column":5}},"30":{"start":{"line":64,"column":18},"end":{"line":64,"column":40}},"31":{"start":{"line":65,"column":24},"end":{"line":65,"column":66}},"32":{"start":{"line":66,"column":4},"end":{"line":66,"column":38}},"33":{"start":{"line":67,"column":4},"end":{"line":67,"column":48}},"34":{"start":{"line":68,"column":4},"end":{"line":68,"column":11}},"35":{"start":{"line":71,"column":2},"end":{"line":79,"column":5}},"36":{"start":{"line":72,"column":18},"end":{"line":72,"column":35}},"37":{"start":{"line":73,"column":28},"end":{"line":73,"column":74}},"38":{"start":{"line":74,"column":17},"end":{"line":74,"column":64}},"39":{"start":{"line":77,"column":4},"end":{"line":77,"column":52}},"40":{"start":{"line":78,"column":4},"end":{"line":78,"column":11}}},"fnMap":{"0":{"name":"(anonymous_0)","decl":{"start":{"line":19,"column":22},"end":{"line":19,"column":23}},"loc":{"start":{"line":19,"column":37},"end":{"line":27,"column":1}},"line":19},"1":{"name":"(anonymous_1)","decl":{"start":{"line":29,"column":24},"end":{"line":29,"column":25}},"loc":{"start":{"line":29,"column":30},"end":{"line":81,"column":1}},"line":29},"2":{"name":"(anonymous_2)","decl":{"start":{"line":31,"column":35},"end":{"line":31,"column":36}},"loc":{"start":{"line":31,"column":45},"end":{"line":37,"column":3}},"line":31},"3":{"name":"(anonymous_3)","decl":{"start":{"line":39,"column":37},"end":{"line":39,"column":38}},"loc":{"start":{"line":39,"column":47},"end":{"line":45,"column":3}},"line":39},"4":{"name":"(anonymous_4)","decl":{"start":{"line":47,"column":43},"end":{"line":47,"column":44}},"loc":{"start":{"line":47,"column":53},"end":{"line":53,"column":3}},"line":47},"5":{"name":"(anonymous_5)","decl":{"start":{"line":55,"column":36},"end":{"line":55,"column":37}},"loc":{"start":{"line":55,"column":46},"end":{"line":61,"column":3}},"line":55},"6":{"name":"(anonymous_6)","decl":{"start":{"line":63,"column":36},"end":{"line":63,"column":37}},"loc":{"start":{"line":63,"column":46},"end":{"line":69,"column":3}},"line":63},"7":{"name":"(anonymous_7)","decl":{"start":{"line":71,"column":40},"end":{"line":71,"column":41}},"loc":{"start":{"line":71,"column":50},"end":{"line":79,"column":3}},"line":71}},"branchMap":{"0":{"loc":{"start":{"line":19,"column":23},"end":{"line":19,"column":32}},"type":"default-arg","locations":[{"start":{"line":19,"column":30},"end":{"line":19,"column":32}}],"line":19}},"s":{"0":1,"1":1,"2":5,"3":1,"4":1,"5":1,"6":1,"7":1,"8":1,"9":1,"10":1,"11":1,"12":1,"13":1,"14":1,"15":1,"16":1,"17":1,"18":1,"19":1,"20":1,"21":1,"22":1,"23":1,"24":1,"25":1,"26":1,"27":1,"28":1,"29":1,"30":1,"31":1,"32":1,"33":1,"34":1,"35":1,"36":1,"37":1,"38":1,"39":1,"40":1},"f":{"0":5,"1":1,"2":1,"3":1,"4":1,"5":1,"6":1,"7":1},"b":{"0":[3]},"_coverageSchema":"332fd63041d2c1bcb487cc26dd0d5f7d97098a6c","hash":"65ba2247ff8f43fd3439f3eb2f2c7e9ed1b18f16"}
,"/Users/seunagbeye/andela-projects/More-Recipes/client/__tests__/components/Exclamation.specs.jsx": {"path":"/Users/seunagbeye/andela-projects/More-Recipes/client/__tests__/components/Exclamation.specs.jsx","statementMap":{"0":{"start":{"line":6,"column":0},"end":{"line":14,"column":3}},"1":{"start":{"line":7,"column":18},"end":{"line":7,"column":41}},"2":{"start":{"line":8,"column":2},"end":{"line":13,"column":5}},"3":{"start":{"line":9,"column":4},"end":{"line":9,"column":34}},"4":{"start":{"line":10,"column":4},"end":{"line":10,"column":50}},"5":{"start":{"line":11,"column":4},"end":{"line":11,"column":38}},"6":{"start":{"line":12,"column":4},"end":{"line":12,"column":11}}},"fnMap":{"0":{"name":"(anonymous_0)","decl":{"start":{"line":6,"column":26},"end":{"line":6,"column":27}},"loc":{"start":{"line":6,"column":32},"end":{"line":14,"column":1}},"line":6},"1":{"name":"(anonymous_1)","decl":{"start":{"line":8,"column":35},"end":{"line":8,"column":36}},"loc":{"start":{"line":8,"column":45},"end":{"line":13,"column":3}},"line":8}},"branchMap":{},"s":{"0":1,"1":1,"2":1,"3":1,"4":1,"5":1,"6":1},"f":{"0":1,"1":1},"b":{},"_coverageSchema":"332fd63041d2c1bcb487cc26dd0d5f7d97098a6c","hash":"cffed20a92b979cb13ce943cd5a6b609d5cfb2b9"}
,"/Users/seunagbeye/andela-projects/More-Recipes/client/__tests__/components/Footer.specs.jsx": {"path":"/Users/seunagbeye/andela-projects/More-Recipes/client/__tests__/components/Footer.specs.jsx","statementMap":{"0":{"start":{"line":6,"column":0},"end":{"line":14,"column":3}},"1":{"start":{"line":7,"column":18},"end":{"line":7,"column":36}},"2":{"start":{"line":8,"column":2},"end":{"line":13,"column":5}},"3":{"start":{"line":9,"column":4},"end":{"line":9,"column":34}},"4":{"start":{"line":10,"column":4},"end":{"line":10,"column":50}},"5":{"start":{"line":11,"column":4},"end":{"line":11,"column":37}},"6":{"start":{"line":12,"column":4},"end":{"line":12,"column":11}}},"fnMap":{"0":{"name":"(anonymous_0)","decl":{"start":{"line":6,"column":21},"end":{"line":6,"column":22}},"loc":{"start":{"line":6,"column":27},"end":{"line":14,"column":1}},"line":6},"1":{"name":"(anonymous_1)","decl":{"start":{"line":8,"column":35},"end":{"line":8,"column":36}},"loc":{"start":{"line":8,"column":45},"end":{"line":13,"column":3}},"line":8}},"branchMap":{},"s":{"0":1,"1":1,"2":1,"3":1,"4":1,"5":1,"6":1},"f":{"0":1,"1":1},"b":{},"_coverageSchema":"332fd63041d2c1bcb487cc26dd0d5f7d97098a6c","hash":"f18e4dd4e04f5c67683b7ebca3735838ed61cea1"}
,"/Users/seunagbeye/andela-projects/More-Recipes/client/__tests__/components/Homepage.specs.jsx": {"path":"/Users/seunagbeye/andela-projects/More-Recipes/client/__tests__/components/Homepage.specs.jsx","statementMap":{"0":{"start":{"line":7,"column":14},"end":{"line":22,"column":1}},"1":{"start":{"line":25,"column":14},"end":{"line":43,"column":1}},"2":{"start":{"line":45,"column":14},"end":{"line":53,"column":1}},"3":{"start":{"line":55,"column":0},"end":{"line":71,"column":3}},"4":{"start":{"line":56,"column":18},"end":{"line":58,"column":3}},"5":{"start":{"line":59,"column":2},"end":{"line":65,"column":5}},"6":{"start":{"line":60,"column":4},"end":{"line":60,"column":34}},"7":{"start":{"line":61,"column":4},"end":{"line":61,"column":50}},"8":{"start":{"line":63,"column":4},"end":{"line":63,"column":37}},"9":{"start":{"line":64,"column":4},"end":{"line":64,"column":11}},"10":{"start":{"line":67,"column":2},"end":{"line":70,"column":5}},"11":{"start":{"line":68,"column":4},"end":{"line":68,"column":26}},"12":{"start":{"line":69,"column":4},"end":{"line":69,"column":11}}},"fnMap":{"0":{"name":"(anonymous_0)","decl":{"start":{"line":33,"column":11},"end":{"line":33,"column":12}},"loc":{"start":{"line":33,"column":17},"end":{"line":33,"column":19}},"line":33},"1":{"name":"(anonymous_1)","decl":{"start":{"line":55,"column":22},"end":{"line":55,"column":23}},"loc":{"start":{"line":55,"column":28},"end":{"line":71,"column":1}},"line":55},"2":{"name":"(anonymous_2)","decl":{"start":{"line":59,"column":35},"end":{"line":59,"column":36}},"loc":{"start":{"line":59,"column":45},"end":{"line":65,"column":3}},"line":59},"3":{"name":"(anonymous_3)","decl":{"start":{"line":67,"column":43},"end":{"line":67,"column":44}},"loc":{"start":{"line":67,"column":53},"end":{"line":70,"column":3}},"line":67}},"branchMap":{},"s":{"0":1,"1":1,"2":1,"3":1,"4":1,"5":1,"6":1,"7":1,"8":1,"9":1,"10":1,"11":1,"12":1},"f":{"0":0,"1":1,"2":1,"3":1},"b":{},"_coverageSchema":"332fd63041d2c1bcb487cc26dd0d5f7d97098a6c","hash":"a4ee4a3d68833a881e6e6784ccdfd3502cb3e2b7"}
,"/Users/seunagbeye/andela-projects/More-Recipes/client/__tests__/components/Input.specs.jsx": {"path":"/Users/seunagbeye/andela-projects/More-Recipes/client/__tests__/components/Input.specs.jsx","statementMap":{"0":{"start":{"line":7,"column":15},"end":{"line":10,"column":1}},"1":{"start":{"line":12,"column":14},"end":{"line":18,"column":1}},"2":{"start":{"line":20,"column":0},"end":{"line":31,"column":3}},"3":{"start":{"line":21,"column":18},"end":{"line":23,"column":3}},"4":{"start":{"line":24,"column":2},"end":{"line":29,"column":5}},"5":{"start":{"line":25,"column":4},"end":{"line":25,"column":34}},"6":{"start":{"line":26,"column":4},"end":{"line":26,"column":50}},"7":{"start":{"line":27,"column":4},"end":{"line":27,"column":38}},"8":{"start":{"line":28,"column":4},"end":{"line":28,"column":11}}},"fnMap":{"0":{"name":"(anonymous_0)","decl":{"start":{"line":20,"column":29},"end":{"line":20,"column":30}},"loc":{"start":{"line":20,"column":35},"end":{"line":31,"column":1}},"line":20},"1":{"name":"(anonymous_1)","decl":{"start":{"line":24,"column":35},"end":{"line":24,"column":36}},"loc":{"start":{"line":24,"column":45},"end":{"line":29,"column":3}},"line":24}},"branchMap":{},"s":{"0":1,"1":1,"2":1,"3":1,"4":1,"5":1,"6":1,"7":1,"8":1},"f":{"0":1,"1":1},"b":{},"_coverageSchema":"332fd63041d2c1bcb487cc26dd0d5f7d97098a6c","hash":"6e424c51e04a5a2e38500ec140b0251b2002efd5"}
,"/Users/seunagbeye/andela-projects/More-Recipes/client/__tests__/components/Navbar.specs.jsx": {"path":"/Users/seunagbeye/andela-projects/More-Recipes/client/__tests__/components/Navbar.specs.jsx","statementMap":{"0":{"start":{"line":6,"column":14},"end":{"line":15,"column":1}},"1":{"start":{"line":18,"column":14},"end":{"line":33,"column":1}},"2":{"start":{"line":35,"column":14},"end":{"line":43,"column":1}},"3":{"start":{"line":45,"column":0},"end":{"line":77,"column":3}},"4":{"start":{"line":46,"column":18},"end":{"line":46,"column":48}},"5":{"start":{"line":47,"column":2},"end":{"line":53,"column":5}},"6":{"start":{"line":48,"column":4},"end":{"line":48,"column":34}},"7":{"start":{"line":49,"column":4},"end":{"line":49,"column":50}},"8":{"start":{"line":50,"column":4},"end":{"line":50,"column":51}},"9":{"start":{"line":51,"column":4},"end":{"line":51,"column":38}},"10":{"start":{"line":52,"column":4},"end":{"line":52,"column":11}},"11":{"start":{"line":55,"column":2},"end":{"line":62,"column":5}},"12":{"start":{"line":56,"column":22},"end":{"line":56,"column":62}},"13":{"start":{"line":57,"column":19},"end":{"line":57,"column":42}},"14":{"start":{"line":58,"column":4},"end":{"line":58,"column":36}},"15":{"start":{"line":59,"column":4},"end":{"line":59,"column":31}},"16":{"start":{"line":60,"column":4},"end":{"line":60,"column":47}},"17":{"start":{"line":61,"column":4},"end":{"line":61,"column":11}},"18":{"start":{"line":64,"column":2},"end":{"line":71,"column":5}},"19":{"start":{"line":65,"column":22},"end":{"line":65,"column":62}},"20":{"start":{"line":66,"column":19},"end":{"line":66,"column":39}},"21":{"start":{"line":67,"column":4},"end":{"line":67,"column":36}},"22":{"start":{"line":68,"column":4},"end":{"line":68,"column":37}},"23":{"start":{"line":69,"column":4},"end":{"line":69,"column":47}},"24":{"start":{"line":70,"column":4},"end":{"line":70,"column":11}},"25":{"start":{"line":73,"column":2},"end":{"line":76,"column":5}},"26":{"start":{"line":74,"column":4},"end":{"line":74,"column":27}},"27":{"start":{"line":75,"column":4},"end":{"line":75,"column":11}}},"fnMap":{"0":{"name":"(anonymous_0)","decl":{"start":{"line":23,"column":11},"end":{"line":23,"column":12}},"loc":{"start":{"line":23,"column":17},"end":{"line":23,"column":19}},"line":23},"1":{"name":"(anonymous_1)","decl":{"start":{"line":45,"column":21},"end":{"line":45,"column":22}},"loc":{"start":{"line":45,"column":27},"end":{"line":77,"column":1}},"line":45},"2":{"name":"(anonymous_2)","decl":{"start":{"line":47,"column":35},"end":{"line":47,"column":36}},"loc":{"start":{"line":47,"column":45},"end":{"line":53,"column":3}},"line":47},"3":{"name":"(anonymous_3)","decl":{"start":{"line":55,"column":34},"end":{"line":55,"column":35}},"loc":{"start":{"line":55,"column":44},"end":{"line":62,"column":3}},"line":55},"4":{"name":"(anonymous_4)","decl":{"start":{"line":64,"column":34},"end":{"line":64,"column":35}},"loc":{"start":{"line":64,"column":44},"end":{"line":71,"column":3}},"line":64},"5":{"name":"(anonymous_5)","decl":{"start":{"line":73,"column":43},"end":{"line":73,"column":44}},"loc":{"start":{"line":73,"column":53},"end":{"line":76,"column":3}},"line":73}},"branchMap":{},"s":{"0":1,"1":1,"2":1,"3":1,"4":1,"5":1,"6":1,"7":1,"8":1,"9":1,"10":1,"11":1,"12":1,"13":1,"14":1,"15":1,"16":1,"17":1,"18":1,"19":1,"20":1,"21":1,"22":1,"23":1,"24":1,"25":1,"26":1,"27":1},"f":{"0":2,"1":1,"2":1,"3":1,"4":1,"5":1},"b":{},"_coverageSchema":"332fd63041d2c1bcb487cc26dd0d5f7d97098a6c","hash":"17e12764f7f951d0e18c64b3d623f8cf439c27fb"}
,"/Users/seunagbeye/andela-projects/More-Recipes/client/__tests__/components/NotFoundPage.specs.jsx": {"path":"/Users/seunagbeye/andela-projects/More-Recipes/client/__tests__/components/NotFoundPage.specs.jsx","statementMap":{"0":{"start":{"line":6,"column":0},"end":{"line":15,"column":3}},"1":{"start":{"line":7,"column":18},"end":{"line":7,"column":43}},"2":{"start":{"line":8,"column":2},"end":{"line":14,"column":5}},"3":{"start":{"line":9,"column":4},"end":{"line":9,"column":34}},"4":{"start":{"line":10,"column":22},"end":{"line":10,"column":39}},"5":{"start":{"line":11,"column":4},"end":{"line":11,"column":39}},"6":{"start":{"line":12,"column":4},"end":{"line":12,"column":38}},"7":{"start":{"line":13,"column":4},"end":{"line":13,"column":11}}},"fnMap":{"0":{"name":"(anonymous_0)","decl":{"start":{"line":6,"column":27},"end":{"line":6,"column":28}},"loc":{"start":{"line":6,"column":33},"end":{"line":15,"column":1}},"line":6},"1":{"name":"(anonymous_1)","decl":{"start":{"line":8,"column":35},"end":{"line":8,"column":36}},"loc":{"start":{"line":8,"column":45},"end":{"line":14,"column":3}},"line":8}},"branchMap":{},"s":{"0":1,"1":1,"2":1,"3":1,"4":1,"5":1,"6":1,"7":1},"f":{"0":1,"1":1},"b":{},"_coverageSchema":"332fd63041d2c1bcb487cc26dd0d5f7d97098a6c","hash":"dd0f06aab731db78e9aa492c01c300183f04d003"}
,"/Users/seunagbeye/andela-projects/More-Recipes/client/__tests__/components/Pagination.specs.jsx": {"path":"/Users/seunagbeye/andela-projects/More-Recipes/client/__tests__/components/Pagination.specs.jsx","statementMap":{"0":{"start":{"line":9,"column":14},"end":{"line":12,"column":1}},"1":{"start":{"line":14,"column":22},"end":{"line":22,"column":1}},"2":{"start":{"line":15,"column":4},"end":{"line":21,"column":5}},"3":{"start":{"line":24,"column":0},"end":{"line":41,"column":3}},"4":{"start":{"line":25,"column":18},"end":{"line":25,"column":52}},"5":{"start":{"line":26,"column":2},"end":{"line":31,"column":5}},"6":{"start":{"line":27,"column":4},"end":{"line":27,"column":34}},"7":{"start":{"line":28,"column":4},"end":{"line":28,"column":50}},"8":{"start":{"line":29,"column":4},"end":{"line":29,"column":38}},"9":{"start":{"line":30,"column":4},"end":{"line":30,"column":11}}},"fnMap":{"0":{"name":"(anonymous_0)","decl":{"start":{"line":14,"column":22},"end":{"line":14,"column":23}},"loc":{"start":{"line":14,"column":37},"end":{"line":22,"column":1}},"line":14},"1":{"name":"(anonymous_1)","decl":{"start":{"line":24,"column":25},"end":{"line":24,"column":26}},"loc":{"start":{"line":24,"column":31},"end":{"line":41,"column":1}},"line":24},"2":{"name":"(anonymous_2)","decl":{"start":{"line":26,"column":35},"end":{"line":26,"column":36}},"loc":{"start":{"line":26,"column":45},"end":{"line":31,"column":3}},"line":26}},"branchMap":{"0":{"loc":{"start":{"line":14,"column":23},"end":{"line":14,"column":32}},"type":"default-arg","locations":[{"start":{"line":14,"column":30},"end":{"line":14,"column":32}}],"line":14}},"s":{"0":1,"1":1,"2":0,"3":1,"4":1,"5":1,"6":1,"7":1,"8":1,"9":1},"f":{"0":0,"1":1,"2":1},"b":{"0":[0]},"_coverageSchema":"332fd63041d2c1bcb487cc26dd0d5f7d97098a6c","hash":"4428ba680633a4a9246bc409f29e285d9b261da9"}
,"/Users/seunagbeye/andela-projects/More-Recipes/client/__tests__/components/RecipeCard.specs.jsx": {"path":"/Users/seunagbeye/andela-projects/More-Recipes/client/__tests__/components/RecipeCard.specs.jsx","statementMap":{"0":{"start":{"line":6,"column":14},"end":{"line":17,"column":1}},"1":{"start":{"line":19,"column":15},"end":{"line":25,"column":1}},"2":{"start":{"line":28,"column":14},"end":{"line":49,"column":1}},"3":{"start":{"line":51,"column":14},"end":{"line":56,"column":1}},"4":{"start":{"line":58,"column":0},"end":{"line":116,"column":3}},"5":{"start":{"line":59,"column":18},"end":{"line":61,"column":3}},"6":{"start":{"line":63,"column":2},"end":{"line":68,"column":5}},"7":{"start":{"line":64,"column":4},"end":{"line":64,"column":34}},"8":{"start":{"line":65,"column":4},"end":{"line":65,"column":50}},"9":{"start":{"line":66,"column":4},"end":{"line":66,"column":37}},"10":{"start":{"line":67,"column":4},"end":{"line":67,"column":11}},"11":{"start":{"line":70,"column":2},"end":{"line":75,"column":5}},"12":{"start":{"line":71,"column":28},"end":{"line":71,"column":74}},"13":{"start":{"line":72,"column":4},"end":{"line":72,"column":43}},"14":{"start":{"line":73,"column":4},"end":{"line":73,"column":52}},"15":{"start":{"line":74,"column":4},"end":{"line":74,"column":11}},"16":{"start":{"line":77,"column":2},"end":{"line":82,"column":5}},"17":{"start":{"line":78,"column":26},"end":{"line":78,"column":70}},"18":{"start":{"line":79,"column":4},"end":{"line":79,"column":59}},"19":{"start":{"line":80,"column":4},"end":{"line":80,"column":51}},"20":{"start":{"line":81,"column":4},"end":{"line":81,"column":11}},"21":{"start":{"line":84,"column":2},"end":{"line":89,"column":5}},"22":{"start":{"line":85,"column":36},"end":{"line":85,"column":90}},"23":{"start":{"line":86,"column":4},"end":{"line":86,"column":51}},"24":{"start":{"line":87,"column":4},"end":{"line":87,"column":60}},"25":{"start":{"line":88,"column":4},"end":{"line":88,"column":11}},"26":{"start":{"line":91,"column":2},"end":{"line":96,"column":5}},"27":{"start":{"line":92,"column":38},"end":{"line":92,"column":94}},"28":{"start":{"line":93,"column":4},"end":{"line":93,"column":53}},"29":{"start":{"line":94,"column":4},"end":{"line":94,"column":63}},"30":{"start":{"line":95,"column":4},"end":{"line":95,"column":11}},"31":{"start":{"line":98,"column":2},"end":{"line":103,"column":5}},"32":{"start":{"line":99,"column":37},"end":{"line":99,"column":92}},"33":{"start":{"line":100,"column":4},"end":{"line":100,"column":52}},"34":{"start":{"line":101,"column":4},"end":{"line":101,"column":62}},"35":{"start":{"line":102,"column":4},"end":{"line":102,"column":11}},"36":{"start":{"line":105,"column":2},"end":{"line":110,"column":5}},"37":{"start":{"line":106,"column":41},"end":{"line":106,"column":100}},"38":{"start":{"line":107,"column":4},"end":{"line":107,"column":56}},"39":{"start":{"line":108,"column":4},"end":{"line":108,"column":66}},"40":{"start":{"line":109,"column":4},"end":{"line":109,"column":11}},"41":{"start":{"line":112,"column":2},"end":{"line":115,"column":5}},"42":{"start":{"line":113,"column":4},"end":{"line":113,"column":27}},"43":{"start":{"line":114,"column":4},"end":{"line":114,"column":11}}},"fnMap":{"0":{"name":"(anonymous_0)","decl":{"start":{"line":58,"column":25},"end":{"line":58,"column":26}},"loc":{"start":{"line":58,"column":31},"end":{"line":116,"column":1}},"line":58},"1":{"name":"(anonymous_1)","decl":{"start":{"line":63,"column":35},"end":{"line":63,"column":36}},"loc":{"start":{"line":63,"column":45},"end":{"line":68,"column":3}},"line":63},"2":{"name":"(anonymous_2)","decl":{"start":{"line":70,"column":33},"end":{"line":70,"column":34}},"loc":{"start":{"line":70,"column":43},"end":{"line":75,"column":3}},"line":70},"3":{"name":"(anonymous_3)","decl":{"start":{"line":77,"column":31},"end":{"line":77,"column":32}},"loc":{"start":{"line":77,"column":41},"end":{"line":82,"column":3}},"line":77},"4":{"name":"(anonymous_4)","decl":{"start":{"line":84,"column":41},"end":{"line":84,"column":42}},"loc":{"start":{"line":84,"column":51},"end":{"line":89,"column":3}},"line":84},"5":{"name":"(anonymous_5)","decl":{"start":{"line":91,"column":43},"end":{"line":91,"column":44}},"loc":{"start":{"line":91,"column":53},"end":{"line":96,"column":3}},"line":91},"6":{"name":"(anonymous_6)","decl":{"start":{"line":98,"column":42},"end":{"line":98,"column":43}},"loc":{"start":{"line":98,"column":52},"end":{"line":103,"column":3}},"line":98},"7":{"name":"(anonymous_7)","decl":{"start":{"line":105,"column":46},"end":{"line":105,"column":47}},"loc":{"start":{"line":105,"column":56},"end":{"line":110,"column":3}},"line":105},"8":{"name":"(anonymous_8)","decl":{"start":{"line":112,"column":43},"end":{"line":112,"column":44}},"loc":{"start":{"line":112,"column":53},"end":{"line":115,"column":3}},"line":112}},"branchMap":{},"s":{"0":1,"1":1,"2":1,"3":1,"4":1,"5":1,"6":1,"7":1,"8":1,"9":1,"10":1,"11":1,"12":1,"13":1,"14":1,"15":1,"16":1,"17":1,"18":1,"19":1,"20":1,"21":1,"22":1,"23":1,"24":1,"25":1,"26":1,"27":1,"28":1,"29":1,"30":1,"31":1,"32":1,"33":1,"34":1,"35":1,"36":1,"37":1,"38":1,"39":1,"40":1,"41":1,"42":1,"43":1},"f":{"0":1,"1":1,"2":1,"3":1,"4":1,"5":1,"6":1,"7":1,"8":1},"b":{},"_coverageSchema":"332fd63041d2c1bcb487cc26dd0d5f7d97098a6c","hash":"f8e33157cf9aab6a1caa57603546a28ef93fa91b"}
,"/Users/seunagbeye/andela-projects/More-Recipes/client/__tests__/components/RecipeCardActions.specs.jsx": {"path":"/Users/seunagbeye/andela-projects/More-Recipes/client/__tests__/components/RecipeCardActions.specs.jsx","statementMap":{"0":{"start":{"line":7,"column":15},"end":{"line":15,"column":1}},"1":{"start":{"line":17,"column":14},"end":{"line":29,"column":1}},"2":{"start":{"line":31,"column":14},"end":{"line":36,"column":1}},"3":{"start":{"line":38,"column":0},"end":{"line":49,"column":3}},"4":{"start":{"line":39,"column":18},"end":{"line":41,"column":3}},"5":{"start":{"line":43,"column":2},"end":{"line":48,"column":5}},"6":{"start":{"line":44,"column":4},"end":{"line":44,"column":34}},"7":{"start":{"line":45,"column":4},"end":{"line":45,"column":50}},"8":{"start":{"line":46,"column":4},"end":{"line":46,"column":38}},"9":{"start":{"line":47,"column":4},"end":{"line":47,"column":11}}},"fnMap":{"0":{"name":"(anonymous_0)","decl":{"start":{"line":38,"column":32},"end":{"line":38,"column":33}},"loc":{"start":{"line":38,"column":38},"end":{"line":49,"column":1}},"line":38},"1":{"name":"(anonymous_1)","decl":{"start":{"line":43,"column":35},"end":{"line":43,"column":36}},"loc":{"start":{"line":43,"column":45},"end":{"line":48,"column":3}},"line":43}},"branchMap":{},"s":{"0":1,"1":1,"2":1,"3":1,"4":1,"5":1,"6":1,"7":1,"8":1,"9":1},"f":{"0":1,"1":1},"b":{},"_coverageSchema":"332fd63041d2c1bcb487cc26dd0d5f7d97098a6c","hash":"6d1226fb3219df51bb8549ad3e4ddbdb44cf1b65"}
,"/Users/seunagbeye/andela-projects/More-Recipes/client/__tests__/components/RecipeCircle.specs.jsx": {"path":"/Users/seunagbeye/andela-projects/More-Recipes/client/__tests__/components/RecipeCircle.specs.jsx","statementMap":{"0":{"start":{"line":7,"column":15},"end":{"line":15,"column":1}},"1":{"start":{"line":17,"column":14},"end":{"line":19,"column":1}},"2":{"start":{"line":22,"column":0},"end":{"line":32,"column":3}},"3":{"start":{"line":23,"column":18},"end":{"line":25,"column":3}},"4":{"start":{"line":26,"column":2},"end":{"line":31,"column":5}},"5":{"start":{"line":27,"column":4},"end":{"line":27,"column":34}},"6":{"start":{"line":28,"column":4},"end":{"line":28,"column":50}},"7":{"start":{"line":29,"column":4},"end":{"line":29,"column":38}},"8":{"start":{"line":30,"column":4},"end":{"line":30,"column":11}}},"fnMap":{"0":{"name":"(anonymous_0)","decl":{"start":{"line":22,"column":27},"end":{"line":22,"column":28}},"loc":{"start":{"line":22,"column":33},"end":{"line":32,"column":1}},"line":22},"1":{"name":"(anonymous_1)","decl":{"start":{"line":26,"column":35},"end":{"line":26,"column":36}},"loc":{"start":{"line":26,"column":45},"end":{"line":31,"column":3}},"line":26}},"branchMap":{},"s":{"0":1,"1":1,"2":1,"3":1,"4":1,"5":1,"6":1,"7":1,"8":1},"f":{"0":1,"1":1},"b":{},"_coverageSchema":"332fd63041d2c1bcb487cc26dd0d5f7d97098a6c","hash":"5c46cdb4b63167c2e8ad003525f8b574dfcc7859"}
,"/Users/seunagbeye/andela-projects/More-Recipes/client/__tests__/components/RecipeDetail.specs.jsx": {"path":"/Users/seunagbeye/andela-projects/More-Recipes/client/__tests__/components/RecipeDetail.specs.jsx","statementMap":{"0":{"start":{"line":6,"column":14},"end":{"line":19,"column":1}},"1":{"start":{"line":21,"column":15},"end":{"line":30,"column":1}},"2":{"start":{"line":32,"column":14},"end":{"line":59,"column":1}},"3":{"start":{"line":43,"column":19},"end":{"line":45,"column":4}},"4":{"start":{"line":44,"column":4},"end":{"line":44,"column":58}},"5":{"start":{"line":61,"column":14},"end":{"line":68,"column":1}},"6":{"start":{"line":70,"column":0},"end":{"line":127,"column":3}},"7":{"start":{"line":71,"column":18},"end":{"line":73,"column":3}},"8":{"start":{"line":75,"column":2},"end":{"line":79,"column":5}},"9":{"start":{"line":76,"column":4},"end":{"line":76,"column":34}},"10":{"start":{"line":77,"column":4},"end":{"line":77,"column":38}},"11":{"start":{"line":78,"column":4},"end":{"line":78,"column":11}},"12":{"start":{"line":81,"column":2},"end":{"line":86,"column":5}},"13":{"start":{"line":82,"column":24},"end":{"line":82,"column":66}},"14":{"start":{"line":83,"column":4},"end":{"line":83,"column":39}},"15":{"start":{"line":84,"column":4},"end":{"line":84,"column":49}},"16":{"start":{"line":85,"column":4},"end":{"line":85,"column":11}},"17":{"start":{"line":88,"column":2},"end":{"line":93,"column":5}},"18":{"start":{"line":89,"column":28},"end":{"line":89,"column":74}},"19":{"start":{"line":90,"column":4},"end":{"line":90,"column":43}},"20":{"start":{"line":91,"column":4},"end":{"line":91,"column":53}},"21":{"start":{"line":92,"column":4},"end":{"line":92,"column":11}},"22":{"start":{"line":95,"column":2},"end":{"line":100,"column":5}},"23":{"start":{"line":96,"column":37},"end":{"line":96,"column":92}},"24":{"start":{"line":97,"column":4},"end":{"line":97,"column":52}},"25":{"start":{"line":98,"column":4},"end":{"line":98,"column":62}},"26":{"start":{"line":99,"column":4},"end":{"line":99,"column":11}},"27":{"start":{"line":102,"column":2},"end":{"line":107,"column":5}},"28":{"start":{"line":103,"column":36},"end":{"line":103,"column":90}},"29":{"start":{"line":104,"column":4},"end":{"line":104,"column":51}},"30":{"start":{"line":105,"column":4},"end":{"line":105,"column":61}},"31":{"start":{"line":106,"column":4},"end":{"line":106,"column":11}},"32":{"start":{"line":109,"column":2},"end":{"line":114,"column":5}},"33":{"start":{"line":110,"column":38},"end":{"line":110,"column":94}},"34":{"start":{"line":111,"column":4},"end":{"line":111,"column":53}},"35":{"start":{"line":112,"column":4},"end":{"line":112,"column":63}},"36":{"start":{"line":113,"column":4},"end":{"line":113,"column":11}},"37":{"start":{"line":116,"column":2},"end":{"line":121,"column":5}},"38":{"start":{"line":117,"column":31},"end":{"line":117,"column":80}},"39":{"start":{"line":118,"column":4},"end":{"line":118,"column":46}},"40":{"start":{"line":119,"column":4},"end":{"line":119,"column":56}},"41":{"start":{"line":120,"column":4},"end":{"line":120,"column":11}},"42":{"start":{"line":123,"column":2},"end":{"line":126,"column":5}},"43":{"start":{"line":124,"column":4},"end":{"line":124,"column":27}},"44":{"start":{"line":125,"column":4},"end":{"line":125,"column":11}}},"fnMap":{"0":{"name":"(anonymous_0)","decl":{"start":{"line":43,"column":14},"end":{"line":43,"column":15}},"loc":{"start":{"line":43,"column":19},"end":{"line":45,"column":4}},"line":43},"1":{"name":"(anonymous_1)","decl":{"start":{"line":43,"column":31},"end":{"line":43,"column":32}},"loc":{"start":{"line":43,"column":52},"end":{"line":45,"column":3}},"line":43},"2":{"name":"(anonymous_2)","decl":{"start":{"line":48,"column":11},"end":{"line":48,"column":12}},"loc":{"start":{"line":48,"column":17},"end":{"line":48,"column":19}},"line":48},"3":{"name":"(anonymous_3)","decl":{"start":{"line":70,"column":27},"end":{"line":70,"column":28}},"loc":{"start":{"line":70,"column":33},"end":{"line":127,"column":1}},"line":70},"4":{"name":"(anonymous_4)","decl":{"start":{"line":75,"column":35},"end":{"line":75,"column":36}},"loc":{"start":{"line":75,"column":45},"end":{"line":79,"column":3}},"line":75},"5":{"name":"(anonymous_5)","decl":{"start":{"line":81,"column":29},"end":{"line":81,"column":30}},"loc":{"start":{"line":81,"column":39},"end":{"line":86,"column":3}},"line":81},"6":{"name":"(anonymous_6)","decl":{"start":{"line":88,"column":33},"end":{"line":88,"column":34}},"loc":{"start":{"line":88,"column":43},"end":{"line":93,"column":3}},"line":88},"7":{"name":"(anonymous_7)","decl":{"start":{"line":95,"column":42},"end":{"line":95,"column":43}},"loc":{"start":{"line":95,"column":52},"end":{"line":100,"column":3}},"line":95},"8":{"name":"(anonymous_8)","decl":{"start":{"line":102,"column":41},"end":{"line":102,"column":42}},"loc":{"start":{"line":102,"column":51},"end":{"line":107,"column":3}},"line":102},"9":{"name":"(anonymous_9)","decl":{"start":{"line":109,"column":43},"end":{"line":109,"column":44}},"loc":{"start":{"line":109,"column":53},"end":{"line":114,"column":3}},"line":109},"10":{"name":"(anonymous_10)","decl":{"start":{"line":116,"column":36},"end":{"line":116,"column":37}},"loc":{"start":{"line":116,"column":46},"end":{"line":121,"column":3}},"line":116},"11":{"name":"(anonymous_11)","decl":{"start":{"line":123,"column":43},"end":{"line":123,"column":44}},"loc":{"start":{"line":123,"column":53},"end":{"line":126,"column":3}},"line":123}},"branchMap":{"0":{"loc":{"start":{"line":44,"column":4},"end":{"line":44,"column":57}},"type":"cond-expr","locations":[{"start":{"line":44,"column":13},"end":{"line":44,"column":28}},{"start":{"line":44,"column":31},"end":{"line":44,"column":57}}],"line":44}},"s":{"0":1,"1":1,"2":1,"3":1,"4":1,"5":1,"6":1,"7":1,"8":1,"9":1,"10":1,"11":1,"12":1,"13":1,"14":1,"15":1,"16":1,"17":1,"18":1,"19":1,"20":1,"21":1,"22":1,"23":1,"24":1,"25":1,"26":1,"27":1,"28":1,"29":1,"30":1,"31":1,"32":1,"33":1,"34":1,"35":1,"36":1,"37":1,"38":1,"39":1,"40":1,"41":1,"42":1,"43":1,"44":1},"f":{"0":1,"1":1,"2":0,"3":1,"4":1,"5":1,"6":1,"7":1,"8":1,"9":1,"10":1,"11":1},"b":{"0":[1,0]},"_coverageSchema":"332fd63041d2c1bcb487cc26dd0d5f7d97098a6c","hash":"5afd58b4b072e10308c65358e82600c0516301b1"}
,"/Users/seunagbeye/andela-projects/More-Recipes/client/__tests__/components/RecipeModal.specs.jsx": {"path":"/Users/seunagbeye/andela-projects/More-Recipes/client/__tests__/components/RecipeModal.specs.jsx","statementMap":{"0":{"start":{"line":7,"column":14},"end":{"line":10,"column":1}},"1":{"start":{"line":12,"column":22},"end":{"line":20,"column":1}},"2":{"start":{"line":13,"column":4},"end":{"line":19,"column":5}},"3":{"start":{"line":22,"column":0},"end":{"line":75,"column":3}},"4":{"start":{"line":23,"column":18},"end":{"line":23,"column":53}},"5":{"start":{"line":25,"column":2},"end":{"line":31,"column":5}},"6":{"start":{"line":26,"column":4},"end":{"line":26,"column":34}},"7":{"start":{"line":27,"column":4},"end":{"line":27,"column":50}},"8":{"start":{"line":28,"column":4},"end":{"line":28,"column":51}},"9":{"start":{"line":29,"column":4},"end":{"line":29,"column":38}},"10":{"start":{"line":30,"column":4},"end":{"line":30,"column":11}},"11":{"start":{"line":33,"column":2},"end":{"line":39,"column":5}},"12":{"start":{"line":34,"column":18},"end":{"line":34,"column":33}},"13":{"start":{"line":35,"column":25},"end":{"line":35,"column":68}},"14":{"start":{"line":36,"column":4},"end":{"line":36,"column":39}},"15":{"start":{"line":37,"column":4},"end":{"line":37,"column":50}},"16":{"start":{"line":38,"column":4},"end":{"line":38,"column":11}},"17":{"start":{"line":41,"column":2},"end":{"line":47,"column":5}},"18":{"start":{"line":42,"column":18},"end":{"line":42,"column":33}},"19":{"start":{"line":43,"column":31},"end":{"line":43,"column":80}},"20":{"start":{"line":44,"column":4},"end":{"line":44,"column":45}},"21":{"start":{"line":45,"column":4},"end":{"line":45,"column":56}},"22":{"start":{"line":46,"column":4},"end":{"line":46,"column":11}},"23":{"start":{"line":49,"column":2},"end":{"line":55,"column":5}},"24":{"start":{"line":50,"column":18},"end":{"line":50,"column":33}},"25":{"start":{"line":51,"column":24},"end":{"line":51,"column":66}},"26":{"start":{"line":52,"column":4},"end":{"line":52,"column":38}},"27":{"start":{"line":53,"column":4},"end":{"line":53,"column":49}},"28":{"start":{"line":54,"column":4},"end":{"line":54,"column":11}},"29":{"start":{"line":57,"column":2},"end":{"line":63,"column":5}},"30":{"start":{"line":58,"column":18},"end":{"line":58,"column":40}},"31":{"start":{"line":59,"column":24},"end":{"line":59,"column":66}},"32":{"start":{"line":60,"column":4},"end":{"line":60,"column":38}},"33":{"start":{"line":61,"column":4},"end":{"line":61,"column":49}},"34":{"start":{"line":62,"column":4},"end":{"line":62,"column":11}},"35":{"start":{"line":65,"column":2},"end":{"line":73,"column":5}},"36":{"start":{"line":66,"column":18},"end":{"line":66,"column":35}},"37":{"start":{"line":67,"column":24},"end":{"line":67,"column":66}},"38":{"start":{"line":68,"column":17},"end":{"line":68,"column":47}},"39":{"start":{"line":69,"column":4},"end":{"line":69,"column":34}},"40":{"start":{"line":70,"column":4},"end":{"line":70,"column":39}},"41":{"start":{"line":71,"column":4},"end":{"line":71,"column":49}},"42":{"start":{"line":72,"column":4},"end":{"line":72,"column":11}}},"fnMap":{"0":{"name":"(anonymous_0)","decl":{"start":{"line":12,"column":22},"end":{"line":12,"column":23}},"loc":{"start":{"line":12,"column":37},"end":{"line":20,"column":1}},"line":12},"1":{"name":"(anonymous_1)","decl":{"start":{"line":22,"column":26},"end":{"line":22,"column":27}},"loc":{"start":{"line":22,"column":32},"end":{"line":75,"column":1}},"line":22},"2":{"name":"(anonymous_2)","decl":{"start":{"line":25,"column":35},"end":{"line":25,"column":36}},"loc":{"start":{"line":25,"column":45},"end":{"line":31,"column":3}},"line":25},"3":{"name":"(anonymous_3)","decl":{"start":{"line":33,"column":37},"end":{"line":33,"column":38}},"loc":{"start":{"line":33,"column":47},"end":{"line":39,"column":3}},"line":33},"4":{"name":"(anonymous_4)","decl":{"start":{"line":41,"column":43},"end":{"line":41,"column":44}},"loc":{"start":{"line":41,"column":53},"end":{"line":47,"column":3}},"line":41},"5":{"name":"(anonymous_5)","decl":{"start":{"line":49,"column":36},"end":{"line":49,"column":37}},"loc":{"start":{"line":49,"column":46},"end":{"line":55,"column":3}},"line":49},"6":{"name":"(anonymous_6)","decl":{"start":{"line":57,"column":36},"end":{"line":57,"column":37}},"loc":{"start":{"line":57,"column":46},"end":{"line":63,"column":3}},"line":57},"7":{"name":"(anonymous_7)","decl":{"start":{"line":65,"column":36},"end":{"line":65,"column":37}},"loc":{"start":{"line":65,"column":46},"end":{"line":73,"column":3}},"line":65}},"branchMap":{"0":{"loc":{"start":{"line":12,"column":23},"end":{"line":12,"column":32}},"type":"default-arg","locations":[{"start":{"line":12,"column":30},"end":{"line":12,"column":32}}],"line":12}},"s":{"0":1,"1":1,"2":5,"3":1,"4":1,"5":1,"6":1,"7":1,"8":1,"9":1,"10":1,"11":1,"12":1,"13":1,"14":1,"15":1,"16":1,"17":1,"18":1,"19":1,"20":1,"21":1,"22":1,"23":1,"24":1,"25":1,"26":1,"27":1,"28":1,"29":1,"30":1,"31":1,"32":1,"33":1,"34":1,"35":1,"36":1,"37":1,"38":1,"39":1,"40":1,"41":1,"42":1},"f":{"0":5,"1":1,"2":1,"3":1,"4":1,"5":1,"6":1,"7":1},"b":{"0":[3]},"_coverageSchema":"332fd63041d2c1bcb487cc26dd0d5f7d97098a6c","hash":"493467d42eb04a74f039639b5ba24a797f6928a0"}
[...]
":86,"column":25},"end":{"line":89,"column":13}},"line":86},"7":{"name":"(anonymous_7)","decl":{"start":{"line":90,"column":19},"end":{"line":90,"column":20}},"loc":{"start":{"line":90,"column":28},"end":{"line":93,"column":13}},"line":90},"8":{"name":"(anonymous_8)","decl":{"start":{"line":101,"column":14},"end":{"line":101,"column":15}},"loc":{"start":{"line":101,"column":21},"end":{"line":104,"column":9}},"line":101},"9":{"name":"(anonymous_9)","decl":{"start":{"line":115,"column":2},"end":{"line":115,"column":3}},"loc":{"start":{"line":115,"column":18},"end":{"line":132,"column":3}},"line":115},"10":{"name":"(anonymous_10)","decl":{"start":{"line":120,"column":45},"end":{"line":120,"column":46}},"loc":{"start":{"line":120,"column":62},"end":{"line":125,"column":9}},"line":120},"11":{"name":"(anonymous_11)","decl":{"start":{"line":138,"column":2},"end":{"line":138,"column":3}},"loc":{"start":{"line":138,"column":11},"end":{"line":280,"column":3}},"line":138},"12":{"name":"(anonymous_12)","decl":{"start":{"line":139,"column":44},"end":{"line":139,"column":45}},"loc":{"start":{"line":140,"column":6},"end":{"line":146,"column":8}},"line":140},"13":{"name":"(anonymous_13)","decl":{"start":{"line":149,"column":56},"end":{"line":149,"column":57}},"loc":{"start":{"line":150,"column":6},"end":{"line":156,"column":8}},"line":150},"14":{"name":"(anonymous_14)","decl":{"start":{"line":174,"column":28},"end":{"line":174,"column":29}},"loc":{"start":{"line":175,"column":18},"end":{"line":177,"column":23}},"line":175},"15":{"name":"(anonymous_15)","decl":{"start":{"line":220,"column":56},"end":{"line":220,"column":57}},"loc":{"start":{"line":221,"column":27},"end":{"line":227,"column":35}},"line":221}},"branchMap":{"0":{"loc":{"start":{"line":80,"column":4},"end":{"line":105,"column":5}},"type":"if","locations":[{"start":{"line":80,"column":4},"end":{"line":105,"column":5}},{"start":{"line":80,"column":4},"end":{"line":105,"column":5}}],"line":80},"1":{"loc":{"start":{"line":118,"column":4},"end":{"line":131,"column":5}},"type":"if","locations":[{"start":{"line":118,"column":4},"end":{"line":131,"column":5}},{"start":{"line":118,"column":4},"end":{"line":131,"column":5}}],"line":118},"2":{"loc":{"start":{"line":118,"column":8},"end":{"line":118,"column":58}},"type":"binary-expr","locations":[{"start":{"line":118,"column":8},"end":{"line":118,"column":28}},{"start":{"line":118,"column":32},"end":{"line":118,"column":58}}],"line":118},"3":{"loc":{"start":{"line":121,"column":10},"end":{"line":123,"column":11}},"type":"if","locations":[{"start":{"line":121,"column":10},"end":{"line":123,"column":11}},{"start":{"line":121,"column":10},"end":{"line":123,"column":11}}],"line":121}},"s":{"0":1,"1":1,"2":1,"3":1,"4":1,"5":1,"6":1,"7":1,"8":1,"9":1,"10":1,"11":1,"12":1,"13":1,"14":1,"15":0,"16":0,"17":0,"18":0,"19":0,"20":0,"21":0,"22":0,"23":0,"24":0,"25":0,"26":0,"27":0,"28":0,"29":0,"30":2,"31":2,"32":2,"33":1,"34":1,"35":0,"36":1,"37":1,"38":6,"39":5,"40":6,"41":4,"42":6,"43":6,"44":0,"45":0,"46":2,"47":2},"f":{"0":1,"1":1,"2":1,"3":1,"4":1,"5":0,"6":0,"7":0,"8":0,"9":2,"10":1,"11":6,"12":5,"13":4,"14":0,"15":0},"b":{"0":[0,0],"1":[1,1],"2":[2,1],"3":[0,1]},"_coverageSchema":"332fd63041d2c1bcb487cc26dd0d5f7d97098a6c","hash":"6bfd08c7d08f1e701db37569c0f59dd4514f8640"}
,"/Users/seunagbeye/andela-projects/More-Recipes/client/main/src/components/recipes/Review.jsx": {"path":"/Users/seunagbeye/andela-projects/More-Recipes/client/main/src/components/recipes/Review.jsx","statementMap":{"0":{"start":{"line":4,"column":15},"end":{"line":24,"column":1}},"1":{"start":{"line":5,"column":2},"end":{"line":23,"column":8}},"2":{"start":{"line":26,"column":18},"end":{"line":28,"column":1}},"3":{"start":{"line":30,"column":0},"end":{"line":30,"column":29}}},"fnMap":{"0":{"name":"(anonymous_0)","decl":{"start":{"line":4,"column":15},"end":{"line":4,"column":16}},"loc":{"start":{"line":5,"column":2},"end":{"line":23,"column":8}},"line":5}},"branchMap":{},"s":{"0":1,"1":0,"2":1,"3":1},"f":{"0":0},"b":{},"_coverageSchema":"332fd63041d2c1bcb487cc26dd0d5f7d97098a6c","hash":"9e3fa9144d5172d284a6bee352c1fb3b6520591b"}
,"/Users/seunagbeye/andela-projects/More-Recipes/client/main/src/config/config.js": {"path":"/Users/seunagbeye/andela-projects/More-Recipes/client/main/src/config/config.js","statementMap":{},"fnMap":{},"branchMap":{},"s":{},"f":{},"b":{},"_coverageSchema":"332fd63041d2c1bcb487cc26dd0d5f7d97098a6c","hash":"94bbeac8ee64644739001cbb4cac9e74b2c331ac"}
,"/Users/seunagbeye/andela-projects/More-Recipes/client/main/src/reducers/auth.js": {"path":"/Users/seunagbeye/andela-projects/More-Recipes/client/main/src/reducers/auth.js","statementMap":{"0":{"start":{"line":9,"column":4},"end":{"line":9,"column":15}},"1":{"start":{"line":11,"column":28},"end":{"line":14,"column":1}},"2":{"start":{"line":16,"column":23},"end":{"line":21,"column":2}},"3":{"start":{"line":16,"column":36},"end":{"line":21,"column":1}},"4":{"start":{"line":19,"column":123},"end":{"line":19,"column":130}},"5":{"start":{"line":24,"column":2},"end":{"line":30,"column":3}},"6":{"start":{"line":26,"column":4},"end":{"line":26,"column":27}},"7":{"start":{"line":28,"column":4},"end":{"line":28,"column":27}},"8":{"start":{"line":29,"column":11},"end":{"line":29,"column":24}}},"fnMap":{"0":{"name":"(anonymous_0)","decl":{"start":{"line":16,"column":23},"end":{"line":16,"column":24}},"loc":{"start":{"line":16,"column":36},"end":{"line":21,"column":1}},"line":16},"1":{"name":"(anonymous_1)","decl":{"start":{"line":19,"column":115},"end":{"line":19,"column":116}},"loc":{"start":{"line":19,"column":123},"end":{"line":19,"column":130}},"line":19},"2":{"name":"(anonymous_2)","decl":{"start":{"line":23,"column":15},"end":{"line":23,"column":16}},"loc":{"start":{"line":23,"column":54},"end":{"line":31,"column":1}},"line":23}},"branchMap":{"0":{"loc":{"start":{"line":19,"column":26},"end":{"line":19,"column":137}},"type":"cond-expr","locations":[{"start":{"line":19,"column":80},"end":{"line":19,"column":132}},{"start":{"line":19,"column":135},"end":{"line":19,"column":137}}],"line":19},"1":{"loc":{"start":{"line":19,"column":35},"end":{"line":19,"column":76}},"type":"binary-expr","locations":[{"start":{"line":19,"column":35},"end":{"line":19,"column":46}},{"start":{"line":19,"column":50},"end":{"line":19,"column":76}}],"line":19},"2":{"loc":{"start":{"line":20,"column":20},"end":{"line":20,"column":110}},"type":"cond-expr","locations":[{"start":{"line":20,"column":74},"end":{"line":20,"column":105}},{"start":{"line":20,"column":108},"end":{"line":20,"column":110}}],"line":20},"3":{"loc":{"start":{"line":20,"column":29},"end":{"line":20,"column":70}},"type":"binary-expr","locations":[{"start":{"line":20,"column":29},"end":{"line":20,"column":40}},{"start":{"line":20,"column":44},"end":{"line":20,"column":70}}],"line":20},"4":{"loc":{"start":{"line":23,"column":16},"end":{"line":23,"column":36}},"type":"default-arg","locations":[{"start":{"line":23,"column":24},"end":{"line":23,"column":36}}],"line":23},"5":{"loc":{"start":{"line":23,"column":38},"end":{"line":23,"column":49}},"type":"default-arg","locations":[{"start":{"line":23,"column":47},"end":{"line":23,"column":49}}],"line":23},"6":{"loc":{"start":{"line":24,"column":2},"end":{"line":30,"column":3}},"type":"switch","locations":[{"start":{"line":25,"column":2},"end":{"line":26,"column":27}},{"start":{"line":27,"column":2},"end":{"line":28,"column":27}},{"start":{"line":29,"column":2},"end":{"line":29,"column":24}}],"line":24}},"s":{"0":1,"1":1,"2":1,"3":2,"4":0,"5":3,"6":1,"7":1,"8":1},"f":{"0":2,"1":0,"2":3},"b":{"0":[0,2],"1":[2,2],"2":[0,2],"3":[2,2],"4":[1],"5":[1],"6":[1,1,1]},"_coverageSchema":"332fd63041d2c1bcb487cc26dd0d5f7d97098a6c","hash":"6109fe2d9cbbf9843201c31ae784e084b4ffef2d"}
,"/Users/seunagbeye/andela-projects/More-Recipes/client/main/src/reducers/recipes.js": {"path":"/Users/seunagbeye/andela-projects/More-Recipes/client/main/src/reducers/recipes.js","statementMap":{"0":{"start":{"line":20,"column":4},"end":{"line":20,"column":15}},"1":{"start":{"line":22,"column":28},"end":{"line":42,"column":1}},"2":{"start":{"line":45,"column":23},"end":{"line":45,"column":48}},"3":{"start":{"line":46,"column":19},"end":{"line":46,"column":40}},"4":{"start":{"line":47,"column":37},"end":{"line":47,"column":43}},"5":{"start":{"line":49,"column":2},"end":{"line":211,"column":3}},"6":{"start":{"line":51,"column":4},"end":{"line":54,"column":6}},"7":{"start":{"line":57,"column":4},"end":{"line":57,"column":60}},"8":{"start":{"line":60,"column":4},"end":{"line":66,"column":6}},"9":{"start":{"line":69,"column":4},"end":{"line":75,"column":6}},"10":{"start":{"line":78,"column":4},"end":{"line":84,"column":6}},"11":{"start":{"line":86,"column":4},"end":{"line":91,"column":6}},"12":{"start":{"line":94,"column":4},"end":{"line":100,"column":6}},"13":{"start":{"line":103,"column":4},"end":{"line":109,"column":6}},"14":{"start":{"line":107,"column":28},"end":{"line":107,"column":79}},"15":{"start":{"line":113,"column":4},"end":{"line":120,"column":5}},"16":{"start":{"line":114,"column":6},"end":{"line":119,"column":9}},"17":{"start":{"line":115,"column":8},"end":{"line":117,"column":9}},"18":{"start":{"line":116,"column":10},"end":{"line":116,"column":31}},"19":{"start":{"line":118,"column":8},"end":{"line":118,"column":22}},"20":{"start":{"line":122,"column":4},"end":{"line":128,"column":6}},"21":{"start":{"line":131,"column":4},"end":{"line":143,"column":6}},"22":{"start":{"line":136,"column":50},"end":{"line":136,"column":89}},"23":{"start":{"line":140,"column":52},"end":{"line":140,"column":85}},"24":{"start":{"line":146,"column":4},"end":{"line":163,"column":6}},"25":{"start":{"line":150,"column":10},"end":{"line":152,"column":11}},"26":{"start":{"line":151,"column":12},"end":{"line":151,"column":33}},"27":{"start":{"line":153,"column":10},"end":{"line":153,"column":24}},"28":{"start":{"line":156,"column":10},"end":{"line":158,"column":11}},"29":{"start":{"line":157,"column":12},"end":{"line":157,"column":33}},"30":{"start":{"line":159,"column":10},"end":{"line":159,"column":24}},"31":{"start":{"line":166,"column":4},"end":{"line":183,"column":6}},"32":{"start":{"line":170,"column":10},"end":{"line":172,"column":11}},"33":{"start":{"line":171,"column":12},"end":{"line":171,"column":33}},"34":{"start":{"line":173,"column":10},"end":{"line":173,"column":24}},"35":{"start":{"line":176,"column":10},"end":{"line":178,"column":11}},"36":{"start":{"line":177,"column":12},"end":{"line":177,"column":33}},"37":{"start":{"line":179,"column":10},"end":{"line":179,"column":24}},"38":{"start":{"line":186,"column":4},"end":{"line":190,"column":6}},"39":{"start":{"line":193,"column":4},"end":{"line":196,"column":6}},"40":{"start":{"line":198,"column":4},"end":{"line":198,"column":72}},"41":{"start":{"line":199,"column":4},"end":{"line":202,"column":6}},"42":{"start":{"line":204,"column":4},"end":{"line":204,"column":72}},"43":{"start":{"line":205,"column":4},"end":{"line":208,"column":6}},"44":{"start":{"line":210,"column":11},"end":{"line":210,"column":24}}},"fnMap":{"0":{"name":"(anonymous_0)","decl":{"start":{"line":44,"column":15},"end":{"line":44,"column":16}},"loc":{"start":{"line":44,"column":54},"end":{"line":212,"column":1}},"line":44},"1":{"name":"(anonymous_1)","decl":{"start":{"line":107,"column":18},"end":{"line":107,"column":19}},"loc":{"start":{"line":107,"column":28},"end":{"line":107,"column":79}},"line":107},"2":{"name":"(anonymous_2)","decl":{"start":{"line":114,"column":34},"end":{"line":114,"column":35}},"loc":{"start":{"line":114,"column":46},"end":{"line":119,"column":7}},"line":114},"3":{"name":"(anonymous_3)","decl":{"start":{"line":136,"column":40},"end":{"line":136,"column":41}},"loc":{"start":{"line":136,"column":50},"end":{"line":136,"column":89}},"line":136},"4":{"name":"(anonymous_4)","decl":{"start":{"line":140,"column":46},"end":{"line":140,"column":47}},"loc":{"start":{"line":140,"column":52},"end":{"line":140,"column":85}},"line":140},"5":{"name":"(anonymous_5)","decl":{"start":{"line":149,"column":45},"end":{"line":149,"column":46}},"loc":{"start":{"line":149,"column":57},"end":{"line":154,"column":9}},"line":149},"6":{"name":"(anonymous_6)","decl":{"start":{"line":155,"column":57},"end":{"line":155,"column":58}},"loc":{"start":{"line":155,"column":69},"end":{"line":160,"column":9}},"line":155},"7":{"name":"(anonymous_7)","decl":{"start":{"line":169,"column":45},"end":{"line":169,"column":46}},"loc":{"start":{"line":169,"column":57},"end":{"line":174,"column":9}},"line":169},"8":{"name":"(anonymous_8)","decl":{"start":{"line":175,"column":57},"end":{"line":175,"column":58}},"loc":{"start":{"line":175,"column":69},"end":{"line":180,"column":9}},"line":175}},"branchMap":{"0":{"loc":{"start":{"line":44,"column":16},"end":{"line":44,"column":36}},"type":"default-arg","locations":[{"start":{"line":44,"column":24},"end":{"line":44,"column":36}}],"line":44},"1":{"loc":{"start":{"line":44,"column":38},"end":{"line":44,"column":49}},"type":"default-arg","locations":[{"start":{"line":44,"column":47},"end":{"line":44,"column":49}}],"line":44},"2":{"loc":{"start":{"line":49,"column":2},"end":{"line":211,"column":3}},"type":"switch","locations":[{"start":{"line":50,"column":2},"end":{"line":54,"column":6}},{"start":{"line":56,"column":2},"end":{"line":57,"column":60}},{"start":{"line":59,"column":2},"end":{"line":66,"column":6}},{"start":{"line":68,"column":2},"end":{"line":75,"column":6}},{"start":{"line":77,"column":2},"end":{"line":84,"column":6}},{"start":{"line":85,"column":2},"end":{"line":91,"column":6}},{"start":{"line":93,"column":2},"end":{"line":100,"column":6}},{"start":{"line":102,"column":2},"end":{"line":109,"column":6}},{"start":{"line":112,"column":2},"end":{"line":128,"column":6}},{"start":{"line":130,"column":2},"end":{"line":143,"column":6}},{"start":{"line":145,"column":2},"end":{"line":163,"column":6}},{"start":{"line":165,"column":2},"end":{"line":183,"column":6}},{"start":{"line":185,"column":2},"end":{"line":190,"column":6}},{"start":{"line":192,"column":2},"end":{"line":196,"column":6}},{"start":{"line":197,"column":2},"end":{"line":202,"column":6}},{"start":{"line":203,"column":2},"end":{"line":208,"column":6}},{"start":{"line":210,"column":2},"end":{"line":210,"column":24}}],"line":49},"3":{"loc":{"start":{"line":113,"column":4},"end":{"line":120,"column":5}},"type":"if","locations":[{"start":{"line":113,"column":4},"end":{"line":120,"column":5}},{"start":{"line":113,"column":4},"end":{"line":120,"column":5}}],"line":113},"4":{"loc":{"start":{"line":115,"column":8},"end":{"line":117,"column":9}},"type":"if","locations":[{"start":{"line":115,"column":8},"end":{"line":117,"column":9}},{"start":{"line":115,"column":8},"end":{"line":117,"column":9}}],"line":115},"5":{"loc":{"start":{"line":134,"column":26},"end":{"line":136,"column":90}},"type":"cond-expr","locations":[{"start":{"line":135,"column":10},"end":{"line":135,"column":62}},{"start":{"line":136,"column":10},"end":{"line":136,"column":90}}],"line":134},"6":{"loc":{"start":{"line":138,"column":32},"end":{"line":140,"column":86}},"type":"cond-expr","locations":[{"start":{"line":139,"column":10},"end":{"line":139,"column":73}},{"start":{"line":140,"column":10},"end":{"line":140,"column":86}}],"line":138},"7":{"loc":{"start":{"line":150,"column":10},"end":{"line":152,"column":11}},"type":"if","locations":[{"start":{"line":150,"column":10},"end":{"line":152,"column":11}},{"start":{"line":150,"column":10},"end":{"line":152,"column":11}}],"line":150},"8":{"loc":{"start":{"line":156,"column":10},"end":{"line":158,"column":11}},"type":"if","locations":[{"start":{"line":156,"column":10},"end":{"line":158,"column":11}},{"start":{"line":156,"column":10},"end":{"line":158,"column":11}}],"line":156},"9":{"loc":{"start":{"line":170,"column":10},"end":{"line":172,"column":11}},"type":"if","locations":[{"start":{"line":170,"column":10},"end":{"line":172,"column":11}},{"start":{"line":170,"column":10},"end":{"line":172,"column":11}}],"line":170},"10":{"loc":{"start":{"line":176,"column":10},"end":{"line":178,"column":11}},"type":"if","locations":[{"start":{"line":176,"column":10},"end":{"line":178,"column":11}},{"start":{"line":176,"column":10},"end":{"line":178,"column":11}}],"line":176}},"s":{"0":1,"1":1,"2":17,"3":17,"4":17,"5":17,"6":1,"7":1,"8":1,"9":1,"10":1,"11":1,"12":1,"13":1,"14":0,"15":1,"16":0,"17":0,"18":0,"19":0,"20":1,"21":1,"22":0,"23":0,"24":1,"25":0,"26":0,"27":0,"28":0,"29":0,"30":0,"31":1,"32":0,"33":0,"34":0,"35":0,"36":0,"37":0,"38":1,"39":1,"40":1,"41":1,"42":1,"43":1,"44":1},"f":{"0":17,"1":0,"2":0,"3":0,"4":0,"5":0,"6":0,"7":0,"8":0},"b":{"0":[1],"1":[1],"2":[1,1,1,1,1,1,1,1,1,1,1,1,1,1,1,1,1],"3":[0,1],"4":[0,0],"5":[1,0],"6":[1,0],"7":[0,0],"8":[0,0],"9":[0,0],"10":[0,0]},"_coverageSchema":"332fd63041d2c1bcb487cc26dd0d5f7d97098a6c","hash":"51a67e6af98ae14c58d2aaf5324218aeebade5f8"}
,"/Users/seunagbeye/andela-projects/More-Recipes/client/main/utils/CheckAuth.js": {"path":"/Users/seunagbeye/andela-projects/More-Recipes/client/main/utils/CheckAuth.js","statementMap":{"0":{"start":{"line":2,"column":18},"end":{"line":8,"column":1}},"1":{"start":{"line":3,"column":2},"end":{"line":7,"column":3}},"2":{"start":{"line":4,"column":29},"end":{"line":4,"column":54}},"3":{"start":{"line":5,"column":4},"end":{"line":5,"column":35}},"4":{"start":{"line":6,"column":4},"end":{"line":6,"column":54}}},"fnMap":{"0":{"name":"(anonymous_0)","decl":{"start":{"line":2,"column":18},"end":{"line":2,"column":19}},"loc":{"start":{"line":2,"column":48},"end":{"line":8,"column":1}},"line":2}},"branchMap":{"0":{"loc":{"start":{"line":3,"column":2},"end":{"line":7,"column":3}},"type":"if","locations":[{"start":{"line":3,"column":2},"end":{"line":7,"column":3}},{"start":{"line":3,"column":2},"end":{"line":7,"column":3}}],"line":3}},"s":{"0":3,"1":8,"2":0,"3":0,"4":0},"f":{"0":8},"b":{"0":[0,8]},"_coverageSchema":"332fd63041d2c1bcb487cc26dd0d5f7d97098a6c","hash":"8bfc98c62c2ac63ab5f68e75c4d2bc33dee683ed"}
,"/Users/seunagbeye/andela-projects/More-Recipes/client/main/utils/ImageUploader.js": {"path":"/Users/seunagbeye/andela-projects/More-Recipes/client/main/utils/ImageUploader.js","statementMap":{"0":{"start":{"line":4,"column":56},"end":{"line":4,"column":62}},"1":{"start":{"line":11,"column":2},"end":{"line":11,"column":82}},"2":{"start":{"line":13,"column":20},"end":{"line":13,"column":34}},"3":{"start":{"line":14,"column":2},"end":{"line":14,"column":33}},"4":{"start":{"line":16,"column":2},"end":{"line":16,"column":60}},"5":{"start":{"line":18,"column":2},"end":{"line":18,"column":57}},"6":{"start":{"line":20,"column":2},"end":{"line":29,"column":5}}},"fnMap":{"0":{"name":"imageUpload","decl":{"start":{"line":10,"column":9},"end":{"line":10,"column":20}},"loc":{"start":{"line":10,"column":27},"end":{"line":30,"column":1}},"line":10}},"branchMap":{},"s":{"0":5,"1":0,"2":0,"3":0,"4":0,"5":0,"6":0},"f":{"0":0},"b":{},"_coverageSchema":"332fd63041d2c1bcb487cc26dd0d5f7d97098a6c","hash":"834a814648c93b5da66cc469995a30cdb9ad328b"}
,"/Users/seunagbeye/andela-projects/More-Recipes/client/main/utils/setAuthorizationToken.js": {"path":"/Users/seunagbeye/andela-projects/More-Recipes/client/main/utils/setAuthorizationToken.js","statementMap":{"0":{"start":{"line":4,"column":2},"end":{"line":4,"column":122}}},"fnMap":{"0":{"name":"(anonymous_0)","decl":{"start":{"line":3,"column":15},"end":{"line":3,"column":16}},"loc":{"start":{"line":3,"column":26},"end":{"line":5,"column":1}},"line":3}},"branchMap":{"0":{"loc":{"start":{"line":4,"column":2},"end":{"line":4,"column":122}},"type":"cond-expr","locations":[{"start":{"line":4,"column":10},"end":{"line":4,"column":65}},{"start":{"line":4,"column":68},"end":{"line":4,"column":122}}],"line":4}},"s":{"0":4},"f":{"0":4},"b":{"0":[3,1]},"_coverageSchema":"332fd63041d2c1bcb487cc26dd0d5f7d97098a6c","hash":"2f98ca2aff5eb43954c5cdaa77c943dea16a8ae9"}
}
