TN:
SF:/Users/seunagbeye/andela-projects/More-Recipes/client/__tests__/config.js
FNF:0
FNH:0
DA:4,20
LF:1
LH:1
BRF:0
BRH:0
end_of_record
TN:
SF:/Users/seunagbeye/andela-projects/More-Recipes/client/__tests__/actions/auth.specs.js
FN:28,(anonymous_0)
FN:29,(anonymous_1)
FN:30,(anonymous_2)
FN:33,(anonymous_3)
FN:34,(anonymous_4)
FN:35,(anonymous_5)
FN:51,(anonymous_6)
FN:57,(anonymous_7)
FN:58,(anonymous_8)
FN:59,(anonymous_9)
FN:75,(anonymous_10)
FN:81,(anonymous_11)
FN:82,(anonymous_12)
FN:95,(anonymous_13)
FN:96,(anonymous_14)
FN:97,(anonymous_15)
FN:113,(anonymous_16)
FN:118,(anonymous_17)
FN:119,(anonymous_18)
FN:120,(anonymous_19)
FN:130,(anonymous_20)
FN:136,(anonymous_21)
FN:137,(anonymous_22)
FN:138,(anonymous_23)
FN:148,(anonymous_24)
FNF:25
FNH:25
FNDA:1,(anonymous_0)
FNDA:6,(anonymous_1)
FNDA:6,(anonymous_2)
FNDA:1,(anonymous_3)
FNDA:1,(anonymous_4)
FNDA:1,(anonymous_5)
FNDA:1,(anonymous_6)
FNDA:1,(anonymous_7)
FNDA:1,(anonymous_8)
FNDA:1,(anonymous_9)
FNDA:1,(anonymous_10)
FNDA:1,(anonymous_11)
FNDA:1,(anonymous_12)
FNDA:1,(anonymous_13)
FNDA:1,(anonymous_14)
FNDA:1,(anonymous_15)
FNDA:1,(anonymous_16)
FNDA:1,(anonymous_17)
FNDA:1,(anonymous_18)
FNDA:1,(anonymous_19)
FNDA:1,(anonymous_20)
FNDA:1,(anonymous_21)
FNDA:1,(anonymous_22)
FNDA:1,(anonymous_23)
FNDA:1,(anonymous_24)
DA:24,1
DA:26,1
DA:28,1
DA:29,6
DA:30,6
DA:33,1
DA:34,1
DA:35,1
DA:36,1
DA:37,1
DA:43,1
DA:49,1
DA:50,1
DA:52,1
DA:57,1
DA:58,1
DA:59,1
DA:60,1
DA:61,1
DA:67,1
DA:73,1
DA:74,1
DA:76,1
DA:81,1
DA:82,1
DA:83,1
DA:89,1
DA:90,1
DA:91,1
DA:95,1
DA:96,1
DA:97,1
DA:98,1
DA:99,1
DA:105,1
DA:111,1
DA:112,1
DA:114,1
DA:118,1
DA:119,1
DA:120,1
DA:121,1
DA:122,1
DA:128,1
DA:129,1
DA:131,1
DA:136,1
DA:137,1
DA:138,1
DA:139,1
DA:140,1
DA:146,1
DA:147,1
DA:149,1
LF:54
LH:54
BRF:0
BRH:0
end_of_record
TN:
SF:/Users/seunagbeye/andela-projects/More-Recipes/client/__tests__/actions/recipes.specs.js
FN:49,(anonymous_0)
FN:50,(anonymous_1)
FN:51,(anonymous_2)
FN:54,(anonymous_3)
FN:55,(anonymous_4)
FN:56,(anonymous_5)
FN:72,(anonymous_6)
FN:78,(anonymous_7)
FN:79,(anonymous_8)
FN:80,(anonymous_9)
FN:96,(anonymous_10)
FN:102,(anonymous_11)
FN:103,(anonymous_12)
FN:104,(anonymous_13)
FN:120,(anonymous_14)
FN:126,(anonymous_15)
FN:127,(anonymous_16)
FN:128,(anonymous_17)
FN:144,(anonymous_18)
FN:150,(anonymous_19)
FN:151,(anonymous_20)
FN:156,(anonymous_21)
FN:175,(anonymous_22)
FN:181,(anonymous_23)
FN:182,(anonymous_24)
FN:187,(anonymous_25)
FN:206,(anonymous_26)
FN:212,(anonymous_27)
FN:213,(anonymous_28)
FN:217,(anonymous_29)
FN:234,(anonymous_30)
FN:240,(anonymous_31)
FN:241,(anonymous_32)
FN:245,(anonymous_33)
FN:262,(anonymous_34)
FN:268,(anonymous_35)
FN:269,(anonymous_36)
FN:273,(anonymous_37)
FN:290,(anonymous_38)
FN:296,(anonymous_39)
FN:297,(anonymous_40)
FN:301,(anonymous_41)
FN:318,(anonymous_42)
FN:324,(anonymous_43)
FN:325,(anonymous_44)
FN:330,(anonymous_45)
FN:348,(anonymous_46)
FN:354,(anonymous_47)
FN:355,(anonymous_48)
FN:360,(anonymous_49)
FN:377,(anonymous_50)
FN:383,(anonymous_51)
FN:384,(anonymous_52)
FN:386,(anonymous_53)
FN:403,(anonymous_54)
FN:409,(anonymous_55)
FN:410,(anonymous_56)
FN:412,(anonymous_57)
FN:429,(anonymous_58)
FN:435,(anonymous_59)
FN:436,(anonymous_60)
FN:440,(anonymous_61)
FN:457,(anonymous_62)
FN:463,(anonymous_63)
FN:464,(anonymous_64)
FN:469,(anonymous_65)
FN:487,(anonymous_66)
FNF:67
FNH:67
FNDA:1,(anonymous_0)
FNDA:16,(anonymous_1)
FNDA:16,(anonymous_2)
FNDA:1,(anonymous_3)
FNDA:1,(anonymous_4)
FNDA:1,(anonymous_5)
FNDA:1,(anonymous_6)
FNDA:1,(anonymous_7)
FNDA:1,(anonymous_8)
FNDA:1,(anonymous_9)
FNDA:1,(anonymous_10)
FNDA:1,(anonymous_11)
FNDA:1,(anonymous_12)
FNDA:1,(anonymous_13)
FNDA:1,(anonymous_14)
FNDA:1,(anonymous_15)
FNDA:1,(anonymous_16)
FNDA:1,(anonymous_17)
FNDA:1,(anonymous_18)
FNDA:1,(anonymous_19)
FNDA:1,(anonymous_20)
FNDA:1,(anonymous_21)
FNDA:1,(anonymous_22)
FNDA:1,(anonymous_23)
FNDA:1,(anonymous_24)
FNDA:1,(anonymous_25)
FNDA:1,(anonymous_26)
FNDA:1,(anonymous_27)
FNDA:1,(anonymous_28)
FNDA:1,(anonymous_29)
FNDA:1,(anonymous_30)
FNDA:1,(anonymous_31)
FNDA:1,(anonymous_32)
FNDA:1,(anonymous_33)
FNDA:1,(anonymous_34)
FNDA:1,(anonymous_35)
FNDA:1,(anonymous_36)
FNDA:1,(anonymous_37)
FNDA:1,(anonymous_38)
FNDA:1,(anonymous_39)
FNDA:1,(anonymous_40)
FNDA:1,(anonymous_41)
FNDA:1,(anonymous_42)
FNDA:1,(anonymous_43)
FNDA:1,(anonymous_44)
FNDA:1,(anonymous_45)
FNDA:1,(anonymous_46)
FNDA:1,(anonymous_47)
FNDA:1,(anonymous_48)
FNDA:1,(anonymous_49)
FNDA:1,(anonymous_50)
FNDA:1,(anonymous_51)
FNDA:1,(anonymous_52)
FNDA:1,(anonymous_53)
FNDA:1,(anonymous_54)
FNDA:1,(anonymous_55)
FNDA:1,(anonymous_56)
FNDA:1,(anonymous_57)
FNDA:1,(anonymous_58)
FNDA:1,(anonymous_59)
FNDA:1,(anonymous_60)
FNDA:1,(anonymous_61)
FNDA:1,(anonymous_62)
FNDA:1,(anonymous_63)
FNDA:1,(anonymous_64)
FNDA:1,(anonymous_65)
FNDA:1,(anonymous_66)
DA:45,1
DA:47,1
DA:49,1
DA:50,16
DA:51,16
DA:54,1
DA:55,1
DA:56,1
DA:57,1
DA:58,1
DA:64,1
DA:70,1
DA:71,1
DA:73,1
DA:78,1
DA:79,1
DA:80,1
DA:81,1
DA:82,1
DA:88,1
DA:94,1
DA:95,1
DA:97,1
DA:102,1
DA:103,1
DA:104,1
DA:105,1
DA:106,1
DA:112,1
DA:118,1
DA:119,1
DA:121,1
DA:126,1
DA:127,1
DA:128,1
DA:129,1
DA:130,1
DA:136,1
DA:142,1
DA:143,1
DA:145,1
DA:150,1
DA:151,1
DA:152,1
DA:156,1
DA:157,1
DA:158,1
DA:164,1
DA:173,1
DA:174,1
DA:176,1
DA:181,1
DA:182,1
DA:183,1
DA:187,1
DA:188,1
DA:189,1
DA:195,1
DA:204,1
DA:205,1
DA:207,1
DA:212,1
DA:213,1
DA:214,1
DA:217,1
DA:218,1
DA:219,1
DA:225,1
DA:232,1
DA:233,1
DA:235,1
DA:240,1
DA:241,1
DA:242,1
DA:245,1
DA:246,1
DA:247,1
DA:253,1
DA:260,1
DA:261,1
DA:263,1
DA:268,1
DA:269,1
DA:270,1
DA:273,1
DA:274,1
DA:275,1
DA:281,1
DA:288,1
DA:289,1
DA:291,1
DA:296,1
DA:297,1
DA:298,1
DA:301,1
DA:302,1
DA:303,1
DA:309,1
DA:316,1
DA:317,1
DA:319,1
DA:324,1
DA:325,1
DA:326,1
DA:330,1
DA:331,1
DA:332,1
DA:338,1
DA:346,1
DA:347,1
DA:349,1
DA:354,1
DA:355,1
DA:356,1
DA:360,1
DA:361,1
DA:362,1
DA:368,1
DA:375,1
DA:376,1
DA:378,1
DA:383,1
DA:384,1
DA:385,1
DA:386,1
DA:387,1
DA:388,1
DA:394,1
DA:401,1
DA:402,1
DA:404,1
DA:409,1
DA:410,1
DA:411,1
DA:412,1
DA:413,1
DA:414,1
DA:420,1
DA:427,1
DA:428,1
DA:430,1
DA:435,1
DA:436,1
DA:437,1
DA:440,1
DA:441,1
DA:442,1
DA:448,1
DA:455,1
DA:456,1
DA:458,1
DA:463,1
DA:464,1
DA:465,1
DA:469,1
DA:470,1
DA:471,1
DA:477,1
DA:485,1
DA:486,1
DA:488,1
LF:161
LH:161
BRF:0
BRH:0
end_of_record
TN:
SF:/Users/seunagbeye/andela-projects/More-Recipes/client/__tests__/components/AllRecipes.specs.jsx
FN:38,(anonymous_0)
FN:38,(anonymous_1)
FN:45,(anonymous_2)
FN:64,(anonymous_3)
FN:68,(anonymous_4)
FN:74,(anonymous_5)
FN:81,(anonymous_6)
FNF:7
FNH:6
FNDA:1,(anonymous_0)
FNDA:1,(anonymous_1)
FNDA:0,(anonymous_2)
FNDA:1,(anonymous_3)
FNDA:1,(anonymous_4)
FNDA:1,(anonymous_5)
FNDA:1,(anonymous_6)
DA:6,1
DA:29,1
DA:35,1
DA:38,1
DA:39,1
DA:54,1
DA:64,1
DA:65,1
DA:68,1
DA:69,1
DA:70,1
DA:71,1
DA:72,1
DA:74,1
DA:75,1
DA:76,1
DA:77,1
DA:78,1
DA:81,1
DA:82,1
DA:83,1
LF:21
LH:21
BRDA:39,0,0,1
BRDA:39,0,1,0
BRF:2
BRH:1
end_of_record
TN:
SF:/Users/seunagbeye/andela-projects/More-Recipes/client/__tests__/components/CategoryButton.specs.jsx
FN:24,(anonymous_0)
FN:28,(anonymous_1)
FN:35,(anonymous_2)
FNF:3
FNH:3
FNDA:1,(anonymous_0)
FNDA:1,(anonymous_1)
FNDA:1,(anonymous_2)
DA:6,1
DA:15,1
DA:20,1
DA:24,1
DA:25,1
DA:28,1
DA:29,1
DA:30,1
DA:31,1
DA:32,1
DA:35,1
DA:36,1
DA:37,1
LF:13
LH:13
BRF:0
BRH:0
end_of_record
TN:
SF:/Users/seunagbeye/andela-projects/More-Recipes/client/__tests__/components/DeleteModal.specs.jsx
FN:21,(anonymous_0)
FN:25,(anonymous_1)
FNF:2
FNH:2
FNDA:1,(anonymous_0)
FNDA:1,(anonymous_1)
DA:6,1
DA:11,1
DA:21,1
DA:22,1
DA:25,1
DA:26,1
DA:27,1
DA:28,1
DA:29,1
LF:9
LH:9
BRF:0
BRH:0
end_of_record
TN:
SF:/Users/seunagbeye/andela-projects/More-Recipes/client/__tests__/components/EditModal.specs.jsx
FN:19,(anonymous_0)
FN:29,(anonymous_1)
FN:31,(anonymous_2)
FN:39,(anonymous_3)
FN:47,(anonymous_4)
FN:55,(anonymous_5)
FN:63,(anonymous_6)
FN:71,(anonymous_7)
FNF:8
FNH:8
FNDA:5,(anonymous_0)
FNDA:1,(anonymous_1)
FNDA:1,(anonymous_2)
FNDA:1,(anonymous_3)
FNDA:1,(anonymous_4)
FNDA:1,(anonymous_5)
FNDA:1,(anonymous_6)
FNDA:1,(anonymous_7)
DA:7,1
DA:19,1
DA:20,5
DA:29,1
DA:30,1
DA:31,1
DA:32,1
DA:33,1
DA:34,1
DA:35,1
DA:36,1
DA:39,1
DA:40,1
DA:41,1
DA:42,1
DA:43,1
DA:44,1
DA:47,1
DA:48,1
DA:49,1
DA:50,1
DA:51,1
DA:52,1
DA:55,1
DA:56,1
DA:57,1
DA:58,1
DA:59,1
DA:60,1
DA:63,1
DA:64,1
DA:65,1
DA:66,1
DA:67,1
DA:68,1
DA:71,1
DA:72,1
DA:73,1
DA:74,1
DA:77,1
DA:78,1
LF:41
LH:41
BRDA:19,0,0,3
BRF:1
BRH:1
end_of_record
TN:
SF:/Users/seunagbeye/andela-projects/More-Recipes/client/__tests__/components/Exclamation.specs.jsx
FN:6,(anonymous_0)
FN:8,(anonymous_1)
FNF:2
FNH:2
FNDA:1,(anonymous_0)
FNDA:1,(anonymous_1)
DA:6,1
DA:7,1
DA:8,1
DA:9,1
DA:10,1
DA:11,1
DA:12,1
LF:7
LH:7
BRF:0
BRH:0
end_of_record
TN:
SF:/Users/seunagbeye/andela-projects/More-Recipes/client/__tests__/components/Footer.specs.jsx
FN:6,(anonymous_0)
FN:8,(anonymous_1)
FNF:2
FNH:2
FNDA:1,(anonymous_0)
FNDA:1,(anonymous_1)
DA:6,1
DA:7,1
DA:8,1
DA:9,1
DA:10,1
DA:11,1
DA:12,1
LF:7
LH:7
BRF:0
BRH:0
end_of_record
TN:
SF:/Users/seunagbeye/andela-projects/More-Recipes/client/__tests__/components/Homepage.specs.jsx
FN:33,(anonymous_0)
FN:55,(anonymous_1)
FN:59,(anonymous_2)
FN:67,(anonymous_3)
FNF:4
FNH:3
FNDA:0,(anonymous_0)
FNDA:1,(anonymous_1)
FNDA:1,(anonymous_2)
FNDA:1,(anonymous_3)
DA:7,1
DA:25,1
DA:45,1
DA:55,1
DA:56,1
DA:59,1
DA:60,1
DA:61,1
DA:63,1
DA:64,1
DA:67,1
DA:68,1
DA:69,1
LF:13
LH:13
BRF:0
BRH:0
end_of_record
TN:
SF:/Users/seunagbeye/andela-projects/More-Recipes/client/__tests__/components/Input.specs.jsx
FN:20,(anonymous_0)
FN:24,(anonymous_1)
FNF:2
FNH:2
FNDA:1,(anonymous_0)
FNDA:1,(anonymous_1)
DA:7,1
DA:12,1
DA:20,1
DA:21,1
DA:24,1
DA:25,1
DA:26,1
DA:27,1
DA:28,1
LF:9
LH:9
BRF:0
BRH:0
end_of_record
TN:
SF:/Users/seunagbeye/andela-projects/More-Recipes/client/__tests__/components/Navbar.specs.jsx
FN:23,(anonymous_0)
FN:45,(anonymous_1)
FN:47,(anonymous_2)
FN:55,(anonymous_3)
FN:64,(anonymous_4)
FN:73,(anonymous_5)
FNF:6
FNH:6
FNDA:2,(anonymous_0)
FNDA:1,(anonymous_1)
FNDA:1,(anonymous_2)
FNDA:1,(anonymous_3)
FNDA:1,(anonymous_4)
FNDA:1,(anonymous_5)
DA:6,1
DA:18,1
DA:35,1
DA:45,1
DA:46,1
DA:47,1
DA:48,1
DA:49,1
DA:50,1
DA:51,1
DA:52,1
DA:55,1
DA:56,1
DA:57,1
DA:58,1
DA:59,1
DA:60,1
DA:61,1
DA:64,1
DA:65,1
DA:66,1
DA:67,1
DA:68,1
DA:69,1
DA:70,1
DA:73,1
DA:74,1
DA:75,1
LF:28
LH:28
BRF:0
BRH:0
end_of_record
TN:
SF:/Users/seunagbeye/andela-projects/More-Recipes/client/__tests__/components/NotFoundPage.specs.jsx
FN:6,(anonymous_0)
FN:8,(anonymous_1)
FNF:2
FNH:2
FNDA:1,(anonymous_0)
FNDA:1,(anonymous_1)
DA:6,1
DA:7,1
DA:8,1
DA:9,1
DA:10,1
DA:11,1
DA:12,1
DA:13,1
LF:8
LH:8
BRF:0
BRH:0
end_of_record
TN:
SF:/Users/seunagbeye/andela-projects/More-Recipes/client/__tests__/components/Pagination.specs.jsx
FN:14,(anonymous_0)
FN:24,(anonymous_1)
FN:26,(anonymous_2)
FNF:3
FNH:2
FNDA:0,(anonymous_0)
FNDA:1,(anonymous_1)
FNDA:1,(anonymous_2)
DA:9,1
DA:14,1
DA:15,0
DA:24,1
DA:25,1
DA:26,1
DA:27,1
DA:28,1
DA:29,1
DA:30,1
LF:10
LH:9
BRDA:14,0,0,0
BRF:1
BRH:0
end_of_record
TN:
SF:/Users/seunagbeye/andela-projects/More-Recipes/client/__tests__/components/RecipeCard.specs.jsx
FN:58,(anonymous_0)
FN:63,(anonymous_1)
FN:70,(anonymous_2)
FN:77,(anonymous_3)
FN:84,(anonymous_4)
FN:91,(anonymous_5)
FN:98,(anonymous_6)
FN:105,(anonymous_7)
FN:112,(anonymous_8)
FNF:9
FNH:9
FNDA:1,(anonymous_0)
FNDA:1,(anonymous_1)
FNDA:1,(anonymous_2)
FNDA:1,(anonymous_3)
FNDA:1,(anonymous_4)
FNDA:1,(anonymous_5)
FNDA:1,(anonymous_6)
FNDA:1,(anonymous_7)
FNDA:1,(anonymous_8)
DA:6,1
DA:19,1
DA:28,1
DA:51,1
DA:58,1
DA:59,1
DA:63,1
DA:64,1
DA:65,1
DA:66,1
DA:67,1
DA:70,1
DA:71,1
DA:72,1
DA:73,1
DA:74,1
DA:77,1
DA:78,1
DA:79,1
DA:80,1
DA:81,1
DA:84,1
DA:85,1
DA:86,1
DA:87,1
DA:88,1
DA:91,1
DA:92,1
DA:93,1
DA:94,1
DA:95,1
DA:98,1
DA:99,1
DA:100,1
DA:101,1
DA:102,1
DA:105,1
DA:106,1
DA:107,1
DA:108,1
DA:109,1
DA:112,1
DA:113,1
DA:114,1
LF:44
LH:44
BRF:0
BRH:0
end_of_record
TN:
SF:/Users/seunagbeye/andela-projects/More-Recipes/client/__tests__/components/RecipeCardActions.specs.jsx
FN:38,(anonymous_0)
FN:43,(anonymous_1)
FNF:2
FNH:2
FNDA:1,(anonymous_0)
FNDA:1,(anonymous_1)
DA:7,1
DA:17,1
DA:31,1
DA:38,1
DA:39,1
DA:43,1
DA:44,1
DA:45,1
DA:46,1
DA:47,1
LF:10
LH:10
BRF:0
BRH:0
end_of_record
TN:
SF:/Users/seunagbeye/andela-projects/More-Recipes/client/__tests__/components/RecipeCircle.specs.jsx
FN:22,(anonymous_0)
FN:26,(anonymous_1)
FNF:2
FNH:2
FNDA:1,(anonymous_0)
FNDA:1,(anonymous_1)
DA:7,1
DA:17,1
DA:22,1
DA:23,1
DA:26,1
DA:27,1
DA:28,1
DA:29,1
DA:30,1
LF:9
LH:9
BRF:0
BRH:0
end_of_record
TN:
SF:/Users/seunagbeye/andela-projects/More-Recipes/client/__tests__/components/RecipeDetail.specs.jsx
FN:43,(anonymous_0)
FN:43,(anonymous_1)
FN:48,(anonymous_2)
FN:70,(anonymous_3)
FN:75,(anonymous_4)
FN:81,(anonymous_5)
FN:88,(anonymous_6)
FN:95,(anonymous_7)
FN:102,(anonymous_8)
FN:109,(anonymous_9)
FN:116,(anonymous_10)
FN:123,(anonymous_11)
FNF:12
FNH:11
FNDA:1,(anonymous_0)
FNDA:1,(anonymous_1)
FNDA:0,(anonymous_2)
FNDA:1,(anonymous_3)
FNDA:1,(anonymous_4)
FNDA:1,(anonymous_5)
FNDA:1,(anonymous_6)
FNDA:1,(anonymous_7)
FNDA:1,(anonymous_8)
FNDA:1,(anonymous_9)
FNDA:1,(anonymous_10)
FNDA:1,(anonymous_11)
DA:6,1
DA:21,1
DA:32,1
DA:43,1
DA:44,1
DA:61,1
DA:70,1
DA:71,1
DA:75,1
DA:76,1
DA:77,1
DA:78,1
DA:81,1
DA:82,1
DA:83,1
DA:84,1
DA:85,1
DA:88,1
DA:89,1
DA:90,1
DA:91,1
DA:92,1
DA:95,1
DA:96,1
DA:97,1
DA:98,1
DA:99,1
DA:102,1
DA:103,1
DA:104,1
DA:105,1
DA:106,1
DA:109,1
DA:110,1
DA:111,1
DA:112,1
DA:113,1
DA:116,1
DA:117,1
DA:118,1
DA:119,1
DA:120,1
DA:123,1
DA:124,1
DA:125,1
LF:45
LH:45
BRDA:44,0,0,1
BRDA:44,0,1,0
BRF:2
BRH:1
end_of_record
TN:
SF:/Users/seunagbeye/andela-projects/More-Recipes/client/__tests__/components/RecipeModal.specs.jsx
FN:12,(anonymous_0)
FN:22,(anonymous_1)
FN:25,(anonymous_2)
FN:33,(anonymous_3)
FN:41,(anonymous_4)
FN:49,(anonymous_5)
FN:57,(anonymous_6)
FN:65,(anonymous_7)
FNF:8
FNH:8
FNDA:5,(anonymous_0)
FNDA:1,(anonymous_1)
FNDA:1,(anonymous_2)
FNDA:1,(anonymous_3)
FNDA:1,(anonymous_4)
FNDA:1,(anonymous_5)
FNDA:1,(anonymous_6)
FNDA:1,(anonymous_7)
DA:7,1
DA:12,1
DA:13,5
DA:22,1
DA:23,1
DA:25,1
DA:26,1
DA:27,1
DA:28,1
DA:29,1
DA:30,1
DA:33,1
DA:34,1
DA:35,1
DA:36,1
DA:37,1
DA:38,1
DA:41,1
DA:42,1
DA:43,1
DA:44,1
DA:45,1
DA:46,1
DA:49,1
DA:50,1
DA:51,1
DA:52,1
DA:53,1
DA:54,1
DA:57,1
DA:58,1
DA:59,1
DA:60,1
DA:61,1
DA:62,1
DA:65,1
DA:66,1
DA:67,1
DA:68,1
DA:69,1
DA:70,1
DA:71,1
DA:72,1
LF:43
LH:43
BRDA:12,0,0,3
BRF:1
BRH:1
end_of_record
TN:
SF:/Users/seunagbeye/andela-projects/More-Recipes/client/__tests__/reducers/auth.specs.js
FN:14,(anonymous_0)
FN:15,(anonymous_1)
FN:22,(anonymous_2)
FN:35,(anonymous_3)
FNF:4
FNH:4
FNDA:1,(anonymous_0)
FNDA:1,(anonymous_1)
FNDA:1,(anonymous_2)
FNDA:1,(anonymous_3)
DA:12,1
DA:14,1
DA:15,1
DA:16,1
DA:17,1
DA:18,1
DA:19,1
DA:22,1
DA:23,1
DA:24,1
DA:25,1
DA:26,1
DA:27,1
DA:28,1
DA:30,1
DA:32,1
DA:35,1
DA:36,1
DA:37,1
DA:38,1
DA:39,1
DA:40,1
DA:41,1
DA:43,1
DA:45,1
LF:25
LH:25
BRF:0
BRH:0
end_of_record
TN:
SF:/Users/seunagbeye/andela-projects/More-Recipes/client/__tests__/reducers/recipes.specs.js
FN:52,(anonymous_0)
FN:53,(anonymous_1)
FN:58,(anonymous_2)
FN:64,(anonymous_3)
FN:70,(anonymous_4)
FN:78,(anonymous_5)
FN:86,(anonymous_6)
FN:95,(anonymous_7)
FN:103,(anonymous_8)
FN:111,(anonymous_9)
FN:120,(anonymous_10)
FN:129,(anonymous_11)
FN:138,(anonymous_12)
FN:145,(anonymous_13)
FN:151,(anonymous_14)
FN:157,(anonymous_15)
FN:163,(anonymous_16)
FN:169,(anonymous_17)
FNF:18
FNH:18
FNDA:1,(anonymous_0)
FNDA:1,(anonymous_1)
FNDA:1,(anonymous_2)
FNDA:1,(anonymous_3)
FNDA:1,(anonymous_4)
FNDA:1,(anonymous_5)
FNDA:1,(anonymous_6)
FNDA:1,(anonymous_7)
FNDA:1,(anonymous_8)
FNDA:1,(anonymous_9)
FNDA:1,(anonymous_10)
FNDA:1,(anonymous_11)
FNDA:1,(anonymous_12)
FNDA:1,(anonymous_13)
FNDA:1,(anonymous_14)
FNDA:1,(anonymous_15)
FNDA:1,(anonymous_16)
FNDA:1,(anonymous_17)
DA:50,1
DA:52,1
DA:53,1
DA:54,1
DA:55,1
DA:58,1
DA:59,1
DA:60,1
DA:61,1
DA:64,1
DA:65,1
DA:66,1
DA:67,1
DA:70,1
DA:71,1
DA:72,1
DA:73,1
DA:74,1
DA:75,1
DA:78,1
DA:79,1
DA:80,1
DA:81,1
DA:82,1
DA:83,1
DA:86,1
DA:87,1
DA:88,1
DA:89,1
DA:90,1
DA:92,1
DA:95,1
DA:96,1
DA:97,1
DA:98,1
DA:99,1
DA:100,1
DA:103,1
DA:104,1
DA:105,1
DA:106,1
DA:107,1
DA:108,1
DA:111,1
DA:112,1
DA:113,1
DA:114,1
DA:115,1
DA:117,1
DA:120,1
DA:121,1
DA:122,1
DA:123,1
DA:124,1
DA:126,1
DA:129,1
DA:130,1
DA:131,1
DA:132,1
DA:133,1
DA:135,1
DA:138,1
DA:139,1
DA:140,1
DA:141,1
DA:142,1
DA:145,1
DA:146,1
DA:147,1
DA:148,1
DA:151,1
DA:152,1
DA:153,1
DA:154,1
DA:157,1
DA:158,1
DA:159,1
DA:160,1
DA:163,1
DA:164,1
DA:165,1
DA:166,1
DA:169,1
DA:170,1
DA:171,1
DA:172,1
DA:173,1
LF:87
LH:87
BRF:0
BRH:0
end_of_record
TN:
SF:/Users/seunagbeye/andela-projects/More-Recipes/client/main/src/actions/Recipes.js
FN:27,addRecipeAction
FN:39,getRecipeAction
FN:51,deleteRecipeAction
FN:63,editRecipeAction
FN:75,userRecipesAction
FN:88,favouritedRecipesIdsAction
FN:101,favouritedRecipesAction
FN:115,allRecipesAction
FN:128,popularRecipesAction
FN:140,recipeCategoriesAction
FN:152,searchRecipesAction
FN:165,toggleFavouriteRecipeAction
FN:177,toggleThumbsUpRecipeAction
FN:189,toggleThumbsDownRecipeAction
FN:201,reviewRecipeAction
FN:213,getRecipeReviewsAction
FN:226,allRecipes
FN:227,(anonymous_17)
FN:228,(anonymous_18)
FN:232,(anonymous_19)
FN:240,popularRecipes
FN:241,(anonymous_21)
FN:242,(anonymous_22)
FN:243,(anonymous_23)
FN:250,recipeCategories
FN:251,(anonymous_25)
FN:252,(anonymous_26)
FN:262,searchRecipes
FN:263,(anonymous_28)
FN:264,(anonymous_29)
FN:274,getFavouritedRecipesIds
FN:275,(anonymous_31)
FN:276,(anonymous_32)
FN:280,(anonymous_33)
FN:288,getFavouritedRecipes
FN:289,(anonymous_35)
FN:290,(anonymous_36)
FN:294,(anonymous_37)
FN:302,addRecipe
FN:303,(anonymous_39)
FN:304,(anonymous_40)
FN:315,toggleFavouriteRecipe
FN:316,(anonymous_42)
FN:317,(anonymous_43)
FN:321,(anonymous_44)
FN:334,toggleThumbsDownRecipe
FN:335,(anonymous_46)
FN:336,(anonymous_47)
FN:337,(anonymous_48)
FN:345,toggleThumbsUpRecipe
FN:346,(anonymous_50)
FN:347,(anonymous_51)
FN:348,(anonymous_52)
FN:356,deleteRecipe
FN:357,(anonymous_54)
FN:358,(anonymous_55)
FN:362,(anonymous_56)
FN:375,editRecipe
FN:376,(anonymous_58)
FN:377,(anonymous_59)
FN:381,(anonymous_60)
FN:393,getRecipe
FN:394,(anonymous_62)
FN:395,(anonymous_63)
FN:398,(anonymous_64)
FN:414,reviewRecipe
FN:415,(anonymous_66)
FN:416,(anonymous_67)
FN:420,(anonymous_68)
FN:430,getRecipeReviews
FN:431,(anonymous_70)
FN:432,(anonymous_71)
FN:435,(anonymous_72)
FN:447,getUserRecipes
FN:448,(anonymous_74)
FN:449,(anonymous_75)
FN:453,(anonymous_76)
FNF:77
FNH:64
FNDA:2,addRecipeAction
FNDA:2,getRecipeAction
FNDA:2,deleteRecipeAction
FNDA:2,editRecipeAction
FNDA:2,userRecipesAction
FNDA:2,favouritedRecipesIdsAction
FNDA:2,favouritedRecipesAction
FNDA:2,allRecipesAction
FNDA:2,popularRecipesAction
FNDA:2,recipeCategoriesAction
FNDA:2,searchRecipesAction
FNDA:2,toggleFavouriteRecipeAction
FNDA:2,toggleThumbsUpRecipeAction
FNDA:2,toggleThumbsDownRecipeAction
FNDA:2,reviewRecipeAction
FNDA:2,getRecipeReviewsAction
FNDA:1,allRecipes
FNDA:1,(anonymous_17)
FNDA:1,(anonymous_18)
FNDA:0,(anonymous_19)
FNDA:1,popularRecipes
FNDA:1,(anonymous_21)
FNDA:1,(anonymous_22)
FNDA:0,(anonymous_23)
FNDA:1,recipeCategories
FNDA:1,(anonymous_25)
FNDA:1,(anonymous_26)
FNDA:1,searchRecipes
FNDA:1,(anonymous_28)
FNDA:1,(anonymous_29)
FNDA:1,getFavouritedRecipesIds
FNDA:1,(anonymous_31)
FNDA:1,(anonymous_32)
FNDA:0,(anonymous_33)
FNDA:1,getFavouritedRecipes
FNDA:1,(anonymous_35)
FNDA:1,(anonymous_36)
FNDA:0,(anonymous_37)
FNDA:1,addRecipe
FNDA:1,(anonymous_39)
FNDA:1,(anonymous_40)
FNDA:1,toggleFavouriteRecipe
FNDA:1,(anonymous_42)
FNDA:1,(anonymous_43)
FNDA:0,(anonymous_44)
FNDA:1,toggleThumbsDownRecipe
FNDA:1,(anonymous_46)
FNDA:1,(anonymous_47)
FNDA:0,(anonymous_48)
FNDA:1,toggleThumbsUpRecipe
FNDA:1,(anonymous_50)
FNDA:1,(anonymous_51)
FNDA:0,(anonymous_52)
FNDA:1,deleteRecipe
FNDA:1,(anonymous_54)
FNDA:1,(anonymous_55)
FNDA:0,(anonymous_56)
FNDA:1,editRecipe
FNDA:1,(anonymous_58)
FNDA:1,(anonymous_59)
FNDA:0,(anonymous_60)
FNDA:1,getRecipe
FNDA:1,(anonymous_62)
FNDA:1,(anonymous_63)
FNDA:0,(anonymous_64)
FNDA:1,reviewRecipe
FNDA:1,(anonymous_66)
FNDA:1,(anonymous_67)
FNDA:0,(anonymous_68)
FNDA:1,getRecipeReviews
FNDA:1,(anonymous_70)
FNDA:1,(anonymous_71)
FNDA:0,(anonymous_72)
FNDA:1,getUserRecipes
FNDA:1,(anonymous_74)
FNDA:1,(anonymous_75)
FNDA:0,(anonymous_76)
DA:21,7
DA:28,2
DA:40,2
DA:52,2
DA:64,2
DA:76,2
DA:89,2
DA:102,2
DA:116,2
DA:129,2
DA:141,2
DA:153,2
DA:166,2
DA:178,2
DA:190,2
DA:202,2
DA:214,2
DA:227,1
DA:229,1
DA:230,1
DA:232,0
DA:241,1
DA:242,1
DA:243,0
DA:251,1
DA:252,1
DA:263,1
DA:265,1
DA:266,1
DA:275,1
DA:277,1
DA:278,1
DA:280,0
DA:289,1
DA:291,1
DA:292,1
DA:294,0
DA:303,1
DA:305,1
DA:306,1
DA:316,1
DA:318,1
DA:319,1
DA:322,0
DA:323,0
DA:324,0
DA:335,1
DA:336,1
DA:337,0
DA:346,1
DA:347,1
DA:348,0
DA:357,1
DA:359,1
DA:360,1
DA:363,0
DA:364,0
DA:376,1
DA:378,1
DA:379,1
DA:382,0
DA:383,0
DA:394,1
DA:396,1
DA:399,0
DA:400,0
DA:415,1
DA:417,1
DA:418,1
DA:420,0
DA:431,1
DA:433,1
DA:435,0
DA:448,1
DA:450,1
DA:451,1
DA:454,0
DA:455,0
LF:78
LH:59
BRDA:226,0,0,0
BRDA:226,1,0,1
BRDA:262,2,0,1
BRDA:262,3,0,1
BRDA:288,4,0,0
BRDA:322,5,0,0
BRDA:322,5,1,0
BRDA:363,6,0,0
BRDA:363,6,1,0
BRDA:382,7,0,0
BRDA:382,7,1,0
BRDA:399,8,0,0
BRDA:399,8,1,0
BRDA:447,9,0,0
BRDA:447,10,0,1
BRDA:454,11,0,0
BRDA:454,11,1,0
BRF:17
BRH:4
end_of_record
TN:
SF:/Users/seunagbeye/andela-projects/More-Recipes/client/main/src/actions/actionTypes.js
FNF:0
FNH:0
DA:1,9
LF:1
LH:1
BRF:0
BRH:0
end_of_record
TN:
SF:/Users/seunagbeye/andela-projects/More-Recipes/client/main/src/actions/auth/Auth.js
FN:16,setCurrentUserAction
FN:28,updateProfileAction
FN:42,setCurrentUser
FN:62,login
FN:63,(anonymous_4)
FN:64,(anonymous_5)
FN:65,(anonymous_6)
FN:81,signUpRequest
FN:82,(anonymous_8)
FN:83,(anonymous_9)
FN:84,(anonymous_10)
FN:94,updateProfile
FN:95,(anonymous_12)
FN:96,(anonymous_13)
FN:97,(anonymous_14)
FN:105,forgotPassword
FN:106,(anonymous_16)
FN:108,(anonymous_17)
FN:117,confirmForgotPassword
FN:118,(anonymous_19)
FN:120,(anonymous_20)
FN:127,logout
FN:128,(anonymous_22)
FNF:23
FNH:20
FNDA:4,setCurrentUserAction
FNDA:2,updateProfileAction
FNDA:3,setCurrentUser
FNDA:1,login
FNDA:1,(anonymous_4)
FNDA:1,(anonymous_5)
FNDA:0,(anonymous_6)
FNDA:1,signUpRequest
FNDA:1,(anonymous_8)
FNDA:1,(anonymous_9)
FNDA:0,(anonymous_10)
FNDA:1,updateProfile
FNDA:1,(anonymous_12)
FNDA:1,(anonymous_13)
FNDA:0,(anonymous_14)
FNDA:1,forgotPassword
FNDA:1,(anonymous_16)
FNDA:1,(anonymous_17)
FNDA:1,confirmForgotPassword
FNDA:1,(anonymous_19)
FNDA:1,(anonymous_20)
FNDA:1,logout
FNDA:1,(anonymous_22)
DA:9,3
DA:17,4
DA:29,2
DA:43,3
DA:44,3
DA:45,3
DA:46,3
DA:47,3
DA:48,2
DA:50,1
DA:52,3
DA:63,1
DA:64,1
DA:66,0
DA:67,0
DA:68,0
DA:82,1
DA:83,1
DA:84,0
DA:95,1
DA:96,1
DA:97,0
DA:106,1
DA:108,1
DA:118,1
DA:120,1
DA:128,1
DA:129,1
DA:130,1
DA:131,1
DA:132,1
LF:31
LH:26
BRDA:47,0,0,2
BRDA:47,0,1,1
BRDA:62,1,0,1
BRDA:66,2,0,0
BRDA:66,2,1,0
BRDA:81,3,0,1
BRF:6
BRH:4
end_of_record
TN:
SF:/Users/seunagbeye/andela-projects/More-Recipes/client/main/src/components/Hompage.jsx
FN:18,(anonymous_0)
FN:29,(anonymous_1)
FN:51,(anonymous_2)
FN:64,(anonymous_3)
FN:76,(anonymous_4)
FN:108,(anonymous_5)
FNF:6
FNH:3
FNDA:1,(anonymous_0)
FNDA:1,(anonymous_1)
FNDA:0,(anonymous_2)
FNDA:0,(anonymous_3)
FNDA:0,(anonymous_4)
FNDA:1,(anonymous_5)
DA:19,1
DA:20,1
DA:21,1
DA:30,1
DA:52,0
DA:65,0
DA:76,0
DA:90,1
DA:99,1
DA:108,1
LF:10
LH:7
BRF:0
BRH:0
end_of_record
TN:
SF:/Users/seunagbeye/andela-projects/More-Recipes/client/main/src/components/common/Footer.jsx
FN:3,(anonymous_0)
FNF:1
FNH:1
FNDA:1,(anonymous_0)
DA:3,1
DA:4,1
LF:2
LH:2
BRF:0
BRH:0
end_of_record
TN:
SF:/Users/seunagbeye/andela-projects/More-Recipes/client/main/src/components/common/Navbar.jsx
FN:21,(anonymous_0)
FN:32,(anonymous_1)
FN:43,(anonymous_2)
FN:55,(anonymous_3)
FN:65,(anonymous_4)
FN:104,(anonymous_5)
FN:165,(anonymous_6)
FN:206,(anonymous_7)
FN:209,(anonymous_8)
FNF:9
FNH:7
FNDA:1,(anonymous_0)
FNDA:1,(anonymous_1)
FNDA:1,(anonymous_2)
FNDA:1,(anonymous_3)
FNDA:1,(anonymous_4)
FNDA:0,(anonymous_5)
FNDA:0,(anonymous_6)
FNDA:1,(anonymous_7)
FNDA:2,(anonymous_8)
DA:22,1
DA:23,1
DA:24,1
DA:25,1
DA:33,1
DA:34,1
DA:35,1
DA:44,1
DA:45,1
DA:56,1
DA:57,1
DA:66,1
DA:67,1
DA:105,0
DA:166,0
DA:191,1
DA:199,1
DA:206,1
DA:209,2
LF:19
LH:17
BRDA:34,0,0,1
BRDA:34,0,1,0
BRDA:93,1,0,1
BRDA:93,1,1,0
BRF:4
BRH:2
end_of_record
TN:
SF:/Users/seunagbeye/andela-projects/More-Recipes/client/main/src/components/common/NotFoundPage.jsx
FN:5,(anonymous_0)
FNF:1
FNH:1
FNDA:1,(anonymous_0)
DA:5,1
DA:6,1
LF:2
LH:2
BRF:0
BRH:0
end_of_record
TN:
SF:/Users/seunagbeye/andela-projects/More-Recipes/client/main/src/components/recipes/AllRecipes.jsx
FN:28,(anonymous_0)
FN:38,(anonymous_1)
FN:49,(anonymous_2)
FN:60,(anonymous_3)
FN:62,(anonymous_4)
FN:72,(anonymous_5)
FN:93,(anonymous_6)
FN:137,(anonymous_7)
FNF:8
FNH:7
FNDA:1,(anonymous_0)
FNDA:1,(anonymous_1)
FNDA:1,(anonymous_2)
FNDA:1,(anonymous_3)
FNDA:1,(anonymous_4)
FNDA:1,(anonymous_5)
FNDA:0,(anonymous_6)
FNDA:1,(anonymous_7)
DA:29,1
DA:30,1
DA:31,1
DA:39,1
DA:40,1
DA:50,1
DA:61,1
DA:63,1
DA:73,1
DA:94,0
DA:117,1
DA:128,1
DA:137,1
LF:13
LH:12
BRDA:92,0,0,0
BRDA:92,0,1,1
BRF:2
BRH:1
end_of_record
TN:
SF:/Users/seunagbeye/andela-projects/More-Recipes/client/main/src/components/recipes/CategoryButton.jsx
FN:12,CategoryButton
FN:21,(anonymous_1)
FN:44,(anonymous_2)
FN:46,(anonymous_3)
FNF:4
FNH:3
FNDA:1,CategoryButton
FNDA:0,(anonymous_1)
FNDA:1,(anonymous_2)
FNDA:1,(anonymous_3)
DA:13,1
DA:22,0
DA:31,2
DA:35,2
DA:44,2
DA:46,1
LF:6
LH:5
BRF:0
BRH:0
end_of_record
TN:
SF:/Users/seunagbeye/andela-projects/More-Recipes/client/main/src/components/recipes/CreateReview.jsx
FN:4,(anonymous_0)
FNF:1
FNH:0
FNDA:0,(anonymous_0)
DA:4,1
DA:5,0
DA:18,1
DA:24,1
LF:4
LH:3
BRF:0
BRH:0
end_of_record
TN:
SF:/Users/seunagbeye/andela-projects/More-Recipes/client/main/src/components/recipes/DeleteModal.jsx
FN:4,(anonymous_0)
FNF:1
FNH:1
FNDA:1,(anonymous_0)
DA:4,4
DA:5,1
DA:48,4
DA:53,4
LF:4
LH:4
BRF:0
BRH:0
end_of_record
TN:
SF:/Users/seunagbeye/andela-projects/More-Recipes/client/main/src/components/recipes/EditModal.jsx
FN:18,(anonymous_0)
FN:44,(anonymous_1)
FN:55,(anonymous_2)
FN:67,(anonymous_3)
FN:72,(anonymous_4)
FN:92,(anonymous_5)
FN:102,(anonymous_6)
FN:103,(anonymous_7)
FN:110,(anonymous_8)
FN:125,(anonymous_9)
FN:127,(anonymous_10)
FN:137,(anonymous_11)
FNF:12
FNH:8
FNDA:1,(anonymous_0)
FNDA:1,(anonymous_1)
FNDA:1,(anonymous_2)
FNDA:2,(anonymous_3)
FNDA:1,(anonymous_4)
FNDA:0,(anonymous_5)
FNDA:0,(anonymous_6)
FNDA:0,(anonymous_7)
FNDA:0,(anonymous_8)
FNDA:5,(anonymous_9)
FNDA:4,(anonymous_10)
FNDA:3,(anonymous_11)
DA:19,1
DA:20,1
DA:21,1
DA:32,1
DA:33,1
DA:34,1
DA:35,1
DA:45,1
DA:46,1
DA:56,1
DA:57,1
DA:68,2
DA:69,2
DA:70,2
DA:71,1
DA:73,1
DA:74,0
DA:76,1
DA:80,1
DA:93,0
DA:94,0
DA:95,0
DA:96,0
DA:97,0
DA:98,0
DA:100,0
DA:101,0
DA:103,0
DA:104,0
DA:105,0
DA:106,0
DA:107,0
DA:111,0
DA:115,0
DA:116,0
DA:117,0
DA:126,5
DA:127,5
DA:128,4
DA:137,5
DA:138,3
DA:147,5
DA:233,4
DA:238,4
LF:44
LH:26
BRDA:70,0,0,1
BRDA:70,0,1,1
BRDA:70,1,0,2
BRDA:70,1,1,1
BRDA:73,2,0,0
BRDA:73,2,1,1
BRDA:96,3,0,0
BRDA:96,3,1,0
BRDA:97,4,0,0
BRDA:97,4,1,0
BRF:10
BRH:5
end_of_record
TN:
SF:/Users/seunagbeye/andela-projects/More-Recipes/client/main/src/components/recipes/Exclamation.jsx
FN:10,(anonymous_0)
FNF:1
FNH:1
FNDA:1,(anonymous_0)
DA:10,3
DA:11,1
DA:17,3
DA:21,3
LF:4
LH:4
BRF:0
BRH:0
end_of_record
TN:
SF:/Users/seunagbeye/andela-projects/More-Recipes/client/main/src/components/recipes/Input.jsx
FN:4,(anonymous_0)
FNF:1
FNH:1
FNDA:1,(anonymous_0)
DA:4,6
DA:5,1
DA:18,6
DA:26,6
LF:4
LH:4
BRF:0
BRH:0
end_of_record
TN:
SF:/Users/seunagbeye/andela-projects/More-Recipes/client/main/src/components/recipes/Pagination.jsx
FN:6,(anonymous_0)
FN:21,(anonymous_1)
FN:27,(anonymous_2)
FN:29,(anonymous_3)
FN:45,(anonymous_4)
FN:56,(anonymous_5)
FN:59,(anonymous_6)
FN:61,(anonymous_7)
FN:72,(anonymous_8)
FN:77,(anonymous_9)
FN:79,(anonymous_10)
FNF:11
FNH:2
FNDA:1,(anonymous_0)
FNDA:0,(anonymous_1)
FNDA:0,(anonymous_2)
FNDA:0,(anonymous_3)
FNDA:4,(anonymous_4)
FNDA:0,(anonymous_5)
FNDA:0,(anonymous_6)
FNDA:0,(anonymous_7)
FNDA:0,(anonymous_8)
FNDA:0,(anonymous_9)
FNDA:0,(anonymous_10)
DA:6,2
DA:8,1
DA:9,1
DA:22,0
DA:23,0
DA:24,0
DA:25,0
DA:26,0
DA:27,0
DA:28,0
DA:29,0
DA:30,0
DA:32,0
DA:34,0
DA:46,4
DA:57,0
DA:58,0
DA:59,0
DA:60,0
DA:61,0
DA:62,0
DA:63,0
DA:64,0
DA:73,0
DA:74,0
DA:75,0
DA:76,0
DA:77,0
DA:78,0
DA:79,0
DA:80,0
DA:82,0
DA:99,2
DA:104,2
LF:34
LH:6
BRDA:25,0,0,0
BRDA:25,0,1,0
BRDA:48,1,0,1
BRDA:48,1,1,3
BRDA:54,2,0,1
BRDA:54,2,1,3
BRDA:75,3,0,0
BRDA:75,3,1,0
BRF:8
BRH:4
end_of_record
TN:
SF:/Users/seunagbeye/andela-projects/More-Recipes/client/main/src/components/recipes/RecipeCard.jsx
FN:32,(anonymous_0)
FN:56,(anonymous_1)
FN:71,(anonymous_2)
FN:89,(anonymous_3)
FN:104,(anonymous_4)
FN:119,(anonymous_5)
FN:131,(anonymous_6)
FN:141,(anonymous_7)
FN:155,(anonymous_8)
FN:220,(anonymous_9)
FNF:10
FNH:10
FNDA:1,(anonymous_0)
FNDA:1,(anonymous_1)
FNDA:1,(anonymous_2)
FNDA:1,(anonymous_3)
FNDA:1,(anonymous_4)
FNDA:1,(anonymous_5)
FNDA:1,(anonymous_6)
FNDA:1,(anonymous_7)
FNDA:3,(anonymous_8)
FNDA:1,(anonymous_9)
DA:33,1
DA:34,1
DA:35,1
DA:36,1
DA:37,1
DA:38,1
DA:40,1
DA:57,1
DA:58,1
DA:72,1
DA:73,0
DA:74,0
DA:75,0
DA:90,1
DA:91,1
DA:92,1
DA:93,1
DA:95,1
DA:105,1
DA:106,1
DA:107,1
DA:108,1
DA:110,1
DA:120,1
DA:121,1
DA:132,1
DA:142,1
DA:143,1
DA:144,1
DA:145,1
DA:147,1
DA:156,3
DA:157,3
DA:158,3
DA:197,2
DA:211,2
DA:220,2
LF:37
LH:34
BRDA:72,0,0,0
BRDA:72,0,1,1
BRDA:92,1,0,1
BRDA:92,1,1,0
BRDA:106,2,0,1
BRDA:106,2,1,0
BRDA:143,3,0,1
BRDA:143,3,1,0
BRDA:223,4,0,1
BRDA:223,4,1,0
BRF:10
BRH:5
end_of_record
TN:
SF:/Users/seunagbeye/andela-projects/More-Recipes/client/main/src/components/recipes/RecipeCardActions.jsx
FN:5,(anonymous_0)
FNF:1
FNH:1
FNDA:1,(anonymous_0)
DA:5,4
DA:6,1
DA:51,4
DA:63,4
LF:4
LH:4
BRDA:7,0,0,0
BRDA:7,0,1,1
BRDA:24,1,0,1
BRDA:24,1,1,0
BRDA:32,2,0,1
BRDA:32,2,1,0
BRF:6
BRH:3
end_of_record
TN:
SF:/Users/seunagbeye/andela-projects/More-Recipes/client/main/src/components/recipes/RecipeCircle.jsx
FN:5,(anonymous_0)
FNF:1
FNH:1
FNDA:1,(anonymous_0)
DA:5,2
DA:6,1
DA:20,2
DA:25,2
LF:4
LH:4
BRDA:9,0,0,1
BRDA:9,0,1,1
BRF:2
BRH:2
end_of_record
TN:
SF:/Users/seunagbeye/andela-projects/More-Recipes/client/main/src/components/recipes/RecipeDetail.jsx
FN:32,(anonymous_0)
FN:55,(anonymous_1)
FN:56,(anonymous_2)
FN:68,(anonymous_3)
FN:81,(anonymous_4)
FN:95,(anonymous_5)
FN:109,(anonymous_6)
FN:124,(anonymous_7)
FN:142,(anonymous_8)
FN:159,(anonymous_9)
FN:214,(anonymous_10)
FN:224,(anonymous_11)
FN:255,(anonymous_12)
FN:263,(anonymous_13)
FN:307,(anonymous_14)
FNF:15
FNH:11
FNDA:1,(anonymous_0)
FNDA:1,(anonymous_1)
FNDA:1,(anonymous_2)
FNDA:1,(anonymous_3)
FNDA:1,(anonymous_4)
FNDA:1,(anonymous_5)
FNDA:1,(anonymous_6)
FNDA:1,(anonymous_7)
FNDA:1,(anonymous_8)
FNDA:8,(anonymous_9)
FNDA:0,(anonymous_10)
FNDA:0,(anonymous_11)
FNDA:0,(anonymous_12)
FNDA:0,(anonymous_13)
FNDA:1,(anonymous_14)
DA:33,1
DA:34,1
DA:43,1
DA:44,1
DA:45,1
DA:46,1
DA:47,1
DA:48,1
DA:56,1
DA:57,1
DA:69,1
DA:70,1
DA:82,1
DA:83,1
DA:84,1
DA:85,1
DA:86,1
DA:96,1
DA:97,1
DA:98,1
DA:100,1
DA:110,1
DA:111,1
DA:112,1
DA:113,1
DA:115,1
DA:125,1
DA:126,1
DA:127,1
DA:128,1
DA:129,1
DA:131,1
DA:143,1
DA:144,1
DA:147,1
DA:148,1
DA:149,1
DA:150,1
DA:160,8
DA:161,7
DA:162,7
DA:164,7
DA:166,7
DA:168,7
DA:214,0
DA:224,0
DA:255,0
DA:264,0
DA:265,0
DA:277,1
DA:281,1
DA:297,1
DA:307,1
LF:53
LH:48
BRDA:97,0,0,1
BRDA:97,0,1,0
BRDA:111,1,0,1
BRDA:111,1,1,0
BRDA:127,2,0,1
BRDA:127,2,1,0
BRDA:160,3,0,7
BRDA:160,3,1,1
BRDA:311,4,0,1
BRDA:311,4,1,0
BRF:10
BRH:6
end_of_record
TN:
SF:/Users/seunagbeye/andela-projects/More-Recipes/client/main/src/components/recipes/RecipeModal.jsx
FN:19,(anonymous_0)
FN:34,(anonymous_1)
FN:53,(anonymous_2)
FN:64,(anonymous_3)
FN:76,(anonymous_4)
FN:83,(anonymous_5)
FN:86,(anonymous_6)
FN:90,(anonymous_7)
FN:101,(anonymous_8)
FN:115,(anonymous_9)
FN:120,(anonymous_10)
FN:138,(anonymous_11)
FN:139,(anonymous_12)
FN:149,(anonymous_13)
FN:174,(anonymous_14)
FN:220,(anonymous_15)
FNF:16
FNH:10
FNDA:1,(anonymous_0)
FNDA:1,(anonymous_1)
FNDA:1,(anonymous_2)
FNDA:1,(anonymous_3)
FNDA:1,(anonymous_4)
FNDA:0,(anonymous_5)
FNDA:0,(anonymous_6)
FNDA:0,(anonymous_7)
FNDA:0,(anonymous_8)
FNDA:2,(anonymous_9)
FNDA:1,(anonymous_10)
FNDA:6,(anonymous_11)
FNDA:5,(anonymous_12)
FNDA:4,(anonymous_13)
FNDA:0,(anonymous_14)
FNDA:0,(anonymous_15)
DA:20,1
DA:21,1
DA:22,1
DA:23,1
DA:24,1
DA:25,1
DA:35,1
DA:44,1
DA:54,1
DA:55,1
DA:65,1
DA:66,1
DA:77,1
DA:78,1
DA:79,1
DA:80,0
DA:81,0
DA:82,0
DA:83,0
DA:84,0
DA:85,0
DA:87,0
DA:88,0
DA:91,0
DA:92,0
DA:96,0
DA:97,0
DA:100,0
DA:102,0
DA:103,0
DA:116,2
DA:117,2
DA:118,2
DA:119,1
DA:121,1
DA:122,0
DA:124,1
DA:128,1
DA:139,6
DA:140,5
DA:149,6
DA:150,4
DA:158,6
DA:159,6
DA:175,0
DA:221,0
DA:283,2
DA:288,2
LF:48
LH:30
BRDA:80,0,0,0
BRDA:80,0,1,0
BRDA:118,1,0,1
BRDA:118,1,1,1
BRDA:118,2,0,2
BRDA:118,2,1,1
BRDA:121,3,0,0
BRDA:121,3,1,1
BRF:8
BRH:5
end_of_record
TN:
SF:/Users/seunagbeye/andela-projects/More-Recipes/client/main/src/components/recipes/Review.jsx
FN:4,(anonymous_0)
FNF:1
FNH:0
FNDA:0,(anonymous_0)
DA:4,1
DA:5,0
DA:26,1
DA:30,1
LF:4
LH:3
BRF:0
BRH:0
end_of_record
TN:
SF:/Users/seunagbeye/andela-projects/More-Recipes/client/main/src/config/config.js
FNF:0
FNH:0
LF:0
LH:0
BRF:0
BRH:0
end_of_record
TN:
SF:/Users/seunagbeye/andela-projects/More-Recipes/client/main/src/reducers/auth.js
FN:16,(anonymous_0)
FN:19,(anonymous_1)
FN:23,(anonymous_2)
FNF:3
FNH:2
FNDA:2,(anonymous_0)
FNDA:0,(anonymous_1)
FNDA:3,(anonymous_2)
DA:9,1
DA:11,1
DA:16,2
DA:19,0
DA:24,3
DA:26,1
DA:28,1
DA:29,1
LF:8
LH:7
BRDA:19,0,0,0
BRDA:19,0,1,2
BRDA:19,1,0,2
BRDA:19,1,1,2
BRDA:20,2,0,0
BRDA:20,2,1,2
BRDA:20,3,0,2
BRDA:20,3,1,2
BRDA:23,4,0,1
BRDA:23,5,0,1
BRDA:24,6,0,1
BRDA:24,6,1,1
BRDA:24,6,2,1
BRF:13
BRH:11
end_of_record
TN:
SF:/Users/seunagbeye/andela-projects/More-Recipes/client/main/src/reducers/recipes.js
FN:44,(anonymous_0)
FN:107,(anonymous_1)
FN:114,(anonymous_2)
FN:136,(anonymous_3)
FN:140,(anonymous_4)
FN:149,(anonymous_5)
FN:155,(anonymous_6)
FN:169,(anonymous_7)
FN:175,(anonymous_8)
FNF:9
FNH:1
FNDA:17,(anonymous_0)
FNDA:0,(anonymous_1)
FNDA:0,(anonymous_2)
FNDA:0,(anonymous_3)
FNDA:0,(anonymous_4)
FNDA:0,(anonymous_5)
FNDA:0,(anonymous_6)
FNDA:0,(anonymous_7)
FNDA:0,(anonymous_8)
DA:20,1
DA:22,1
DA:45,17
DA:46,17
DA:47,17
DA:49,17
DA:51,1
DA:57,1
DA:60,1
DA:69,1
DA:78,1
DA:86,1
DA:94,1
DA:103,1
DA:107,0
DA:113,1
DA:114,0
DA:115,0
DA:116,0
DA:118,0
DA:122,1
DA:131,1
DA:136,0
DA:140,0
DA:146,1
DA:150,0
DA:151,0
DA:153,0
DA:156,0
DA:157,0
DA:159,0
DA:166,1
DA:170,0
DA:171,0
DA:173,0
DA:176,0
DA:177,0
DA:179,0
DA:186,1
DA:193,1
DA:198,1
DA:199,1
DA:204,1
DA:205,1
DA:210,1
LF:45
LH:26
BRDA:44,0,0,1
BRDA:44,1,0,1
BRDA:49,2,0,1
BRDA:49,2,1,1
BRDA:49,2,2,1
BRDA:49,2,3,1
BRDA:49,2,4,1
BRDA:49,2,5,1
BRDA:49,2,6,1
BRDA:49,2,7,1
BRDA:49,2,8,1
BRDA:49,2,9,1
BRDA:49,2,10,1
BRDA:49,2,11,1
BRDA:49,2,12,1
BRDA:49,2,13,1
BRDA:49,2,14,1
BRDA:49,2,15,1
BRDA:49,2,16,1
BRDA:113,3,0,0
BRDA:113,3,1,1
BRDA:115,4,0,0
BRDA:115,4,1,0
BRDA:134,5,0,1
BRDA:134,5,1,0
BRDA:138,6,0,1
BRDA:138,6,1,0
BRDA:150,7,0,0
BRDA:150,7,1,0
BRDA:156,8,0,0
BRDA:156,8,1,0
BRDA:170,9,0,0
BRDA:170,9,1,0
BRDA:176,10,0,0
BRDA:176,10,1,0
BRF:35
BRH:22
end_of_record
TN:
SF:/Users/seunagbeye/andela-projects/More-Recipes/client/main/utils/CheckAuth.js
FN:2,(anonymous_0)
FNF:1
FNH:1
FNDA:8,(anonymous_0)
DA:2,3
DA:3,8
DA:4,0
DA:5,0
DA:6,0
LF:5
LH:2
BRDA:3,0,0,0
BRDA:3,0,1,8
BRF:2
BRH:1
end_of_record
TN:
SF:/Users/seunagbeye/andela-projects/More-Recipes/client/main/utils/ImageUploader.js
FN:10,imageUpload
FNF:1
FNH:0
FNDA:0,imageUpload
DA:4,5
DA:11,0
DA:13,0
DA:14,0
DA:16,0
DA:18,0
DA:20,0
LF:7
LH:1
BRF:0
BRH:0
end_of_record
TN:
SF:/Users/seunagbeye/andela-projects/More-Recipes/client/main/utils/setAuthorizationToken.js
FN:3,(anonymous_0)
FNF:1
FNH:1
FNDA:4,(anonymous_0)
DA:4,4
LF:1
LH:1
BRDA:4,0,0,3
BRDA:4,0,1,1
BRF:2
BRH:2
end_of_record
